<?xml version="1.0" encoding="utf-8"?>
<CoverageSession xmlns:xsd="http://www.w3.org/2001/XMLSchema" xmlns:xsi="http://www.w3.org/2001/XMLSchema-instance" Version="0.0.0.0">
  <Summary numSequencePoints="31" visitedSequencePoints="24" numBranchPoints="0" visitedBranchPoints="0" sequenceCoverage="77.42" branchCoverage="0.0" maxCyclomaticComplexity="0" minCyclomaticComplexity="0" maxCrapScore="0" minCrapScore="0" visitedClasses="2" numClasses="3" visitedMethods="3" numMethods="4" />
  <Modules>
    <Module>
      <Summary numSequencePoints="19" visitedSequencePoints="19" numBranchPoints="0" visitedBranchPoints="0" sequenceCoverage="100.0" branchCoverage="0.0" maxCyclomaticComplexity="0" minCyclomaticComplexity="0" maxCrapScore="0" minCrapScore="0" visitedClasses="1" numClasses="1" visitedMethods="1" numMethods="1" />
      <ModuleTime>0001-01-01T00:00:00</ModuleTime>
      <ModuleName>EditModeTests</ModuleName>
      <Files>
        <File uid="35" fullPath="C:/Users/wolfi/source/repos/CS-26-14/Assets/Tests/EditModeTests/CargoRoomEditTests.cs" />
        <File uid="36" fullPath="C:/Users/wolfi/source/repos/CS-26-14/Assets/Tests/EditModeTests/ControlRoomEditTests.cs" />
        <File uid="37" fullPath="C:/Users/wolfi/source/repos/CS-26-14/Assets/Tests/EditModeTests/LabRoomEditTests.cs" />
      </Files>
      <Classes>
        <Class>
          <Summary numSequencePoints="19" visitedSequencePoints="19" numBranchPoints="0" visitedBranchPoints="0" sequenceCoverage="100.0" branchCoverage="0.0" maxCyclomaticComplexity="0" minCyclomaticComplexity="0" maxCrapScore="0" minCrapScore="0" visitedClasses="1" numClasses="1" visitedMethods="1" numMethods="1" />
          <FullName>CargoRoomTests</FullName>
          <Methods>
            <Method visited="true" cyclomaticComplexity="0" nPathComplexity="0" sequenceCoverage="100.0" branchCoverage="0" crapScore="0" isConstructor="false" isStatic="false" isGetter="false" isSetter="false">
              <Summary numSequencePoints="19" visitedSequencePoints="19" numBranchPoints="0" visitedBranchPoints="0" sequenceCoverage="100.0" branchCoverage="0" maxCyclomaticComplexity="0" minCyclomaticComplexity="0" maxCrapScore="0" minCrapScore="0" visitedClasses="0" numClasses="0" visitedMethods="1" numMethods="1" />
              <MetadataToken>100663297</MetadataToken>
              <Name>System.Void CargoRoomTests::CargoBoxSwitchSprite_True_CorrectActive()</Name>
              <FileRef uid="35" />
              <SequencePoints>
                <SequencePoint vc="1" uspid="8449" ordinal="0" offset="0" sl="10" sc="5" el="10" ec="5" bec="0" bev="0" fileid="35" />
                <SequencePoint vc="1" uspid="8450" ordinal="0" offset="1" sl="12" sc="9" el="12" ec="9" bec="0" bev="0" fileid="35" />
                <SequencePoint vc="1" uspid="8451" ordinal="0" offset="12" sl="13" sc="9" el="13" ec="9" bec="0" bev="0" fileid="35" />
                <SequencePoint vc="1" uspid="8452" ordinal="0" offset="24" sl="14" sc="9" el="14" ec="9" bec="0" bev="0" fileid="35" />
                <SequencePoint vc="1" uspid="8453" ordinal="0" offset="35" sl="15" sc="9" el="15" ec="9" bec="0" bev="0" fileid="35" />
                <SequencePoint vc="1" uspid="8454" ordinal="0" offset="43" sl="16" sc="9" el="16" ec="9" bec="0" bev="0" fileid="35" />
                <SequencePoint vc="1" uspid="8455" ordinal="0" offset="54" sl="17" sc="9" el="17" ec="9" bec="0" bev="0" fileid="35" />
                <SequencePoint vc="1" uspid="8456" ordinal="0" offset="61" sl="18" sc="9" el="18" ec="9" bec="0" bev="0" fileid="35" />
                <SequencePoint vc="1" uspid="8457" ordinal="0" offset="68" sl="19" sc="9" el="19" ec="9" bec="0" bev="0" fileid="35" />
                <SequencePoint vc="1" uspid="8458" ordinal="0" offset="75" sl="20" sc="9" el="20" ec="9" bec="0" bev="0" fileid="35" />
                <SequencePoint vc="1" uspid="8459" ordinal="0" offset="82" sl="21" sc="9" el="21" ec="9" bec="0" bev="0" fileid="35" />
                <SequencePoint vc="1" uspid="8460" ordinal="0" offset="89" sl="22" sc="9" el="22" ec="9" bec="0" bev="0" fileid="35" />
                <SequencePoint vc="1" uspid="8461" ordinal="0" offset="96" sl="25" sc="9" el="25" ec="9" bec="0" bev="0" fileid="35" />
                <SequencePoint vc="1" uspid="8462" ordinal="0" offset="104" sl="28" sc="9" el="28" ec="9" bec="0" bev="0" fileid="35" />
                <SequencePoint vc="1" uspid="8463" ordinal="0" offset="131" sl="29" sc="9" el="29" ec="9" bec="0" bev="0" fileid="35" />
                <SequencePoint vc="1" uspid="8464" ordinal="0" offset="158" sl="32" sc="9" el="32" ec="9" bec="0" bev="0" fileid="35" />
                <SequencePoint vc="1" uspid="8465" ordinal="0" offset="165" sl="33" sc="9" el="33" ec="9" bec="0" bev="0" fileid="35" />
                <SequencePoint vc="1" uspid="8466" ordinal="0" offset="172" sl="34" sc="9" el="34" ec="9" bec="0" bev="0" fileid="35" />
                <SequencePoint vc="1" uspid="8467" ordinal="0" offset="179" sl="35" sc="5" el="35" ec="5" bec="0" bev="0" fileid="35" />
              </SequencePoints>
              <BranchPoints />
            </Method>
          </Methods>
        </Class>
      </Classes>
    </Module>
    <Module>
      <Summary numSequencePoints="12" visitedSequencePoints="5" numBranchPoints="0" visitedBranchPoints="0" sequenceCoverage="41.67" branchCoverage="0.0" maxCyclomaticComplexity="0" minCyclomaticComplexity="0" maxCrapScore="0" minCrapScore="0" visitedClasses="1" numClasses="2" visitedMethods="2" numMethods="3" />
      <ModuleTime>0001-01-01T00:00:00</ModuleTime>
      <ModuleName>GameScripts</ModuleName>
      <Files>
        <File uid="38" fullPath="C:/Users/wolfi/source/repos/CS-26-14/Assets/Scripts/CargoRoomScripts/BoxTrigger.cs" />
        <File uid="39" fullPath="C:/Users/wolfi/source/repos/CS-26-14/Assets/Scripts/CargoRoomScripts/CargoBox.cs" />
        <File uid="40" fullPath="C:/Users/wolfi/source/repos/CS-26-14/Assets/Scripts/CargoRoomScripts/CargoMinigameController.cs" />
        <File uid="41" fullPath="C:/Users/wolfi/source/repos/CS-26-14/Assets/Scripts/CargoRoomScripts/CargoRoomController.cs" />
        <File uid="42" fullPath="C:/Users/wolfi/source/repos/CS-26-14/Assets/Scripts/CargoRoomScripts/ExitMinigame.cs" />
        <File uid="43" fullPath="C:/Users/wolfi/source/repos/CS-26-14/Assets/Scripts/CargoRoomScripts/RestarterScript.cs" />
        <File uid="44" fullPath="C:/Users/wolfi/source/repos/CS-26-14/Assets/Scripts/CargoRoomScripts/Target.cs" />
        <File uid="45" fullPath="C:/Users/wolfi/source/repos/CS-26-14/Assets/Scripts/ChangeScene.cs" />
        <File uid="46" fullPath="C:/Users/wolfi/source/repos/CS-26-14/Assets/Scripts/ComputerPopup.cs" />
        <File uid="47" fullPath="C:/Users/wolfi/source/repos/CS-26-14/Assets/Scripts/ComputerUIController.cs" />
        <File uid="48" fullPath="C:/Users/wolfi/source/repos/CS-26-14/Assets/Scripts/ControlRoomScripts/ControlsMinigameBootstrap.cs" />
        <File uid="49" fullPath="C:/Users/wolfi/source/repos/CS-26-14/Assets/Scripts/ControlRoomScripts/ControlsMinigameController.cs" />
        <File uid="50" fullPath="C:/Users/wolfi/source/repos/CS-26-14/Assets/Scripts/ControlRoomScripts/ControlsTargetGenerator.cs" />
        <File uid="51" fullPath="C:/Users/wolfi/source/repos/CS-26-14/Assets/Scripts/ControlRoomScripts/ControlsTrigger.cs" />
        <File uid="52" fullPath="C:/Users/wolfi/source/repos/CS-26-14/Assets/Scripts/ControlRoomScripts/CorrectionWindowVisual.cs" />
        <File uid="53" fullPath="C:/Users/wolfi/source/repos/CS-26-14/Assets/Scripts/ControlRoomScripts/HeadingVisual.cs" />
        <File uid="54" fullPath="C:/Users/wolfi/source/repos/CS-26-14/Assets/Scripts/ControlRoomScripts/MiniGameResultsPopup.cs" />
        <File uid="55" fullPath="C:/Users/wolfi/source/repos/CS-26-14/Assets/Scripts/ControlRoomScripts/ShipView.cs" />
        <File uid="56" fullPath="C:/Users/wolfi/source/repos/CS-26-14/Assets/Scripts/ControlRoomScripts/ThrustVisual.cs" />
        <File uid="57" fullPath="C:/Users/wolfi/source/repos/CS-26-14/Assets/Scripts/CurrentMinigameText.cs" />
        <File uid="58" fullPath="C:/Users/wolfi/source/repos/CS-26-14/Assets/Scripts/DDOL.cs" />
        <File uid="59" fullPath="C:/Users/wolfi/source/repos/CS-26-14/Assets/Scripts/FactCardsPopup.cs" />
        <File uid="60" fullPath="C:/Users/wolfi/source/repos/CS-26-14/Assets/Scripts/FactManagerScripts/FactCardsPopupUI.cs" />
        <File uid="61" fullPath="C:/Users/wolfi/source/repos/CS-26-14/Assets/Scripts/FactManagerScripts/FactSystem.cs" />
        <File uid="62" fullPath="C:/Users/wolfi/source/repos/CS-26-14/Assets/Scripts/FactManagerScripts/NasaFactManager.cs" />
        <File uid="63" fullPath="C:/Users/wolfi/source/repos/CS-26-14/Assets/Scripts/FactManagerScripts/RevealFactCard.cs" />
        <File uid="64" fullPath="C:/Users/wolfi/source/repos/CS-26-14/Assets/Scripts/GameSceneSetup.cs" />
        <File uid="65" fullPath="C:/Users/wolfi/source/repos/CS-26-14/Assets/Scripts/Global.cs" />
        <File uid="66" fullPath="C:/Users/wolfi/source/repos/CS-26-14/Assets/Scripts/HallwayChangeScene.cs" />
        <File uid="67" fullPath="C:/Users/wolfi/source/repos/CS-26-14/Assets/Scripts/InteractableAssetControl.cs" />
        <File uid="68" fullPath="C:/Users/wolfi/source/repos/CS-26-14/Assets/Scripts/LabRoomScripts/BroomPickup.cs" />
        <File uid="69" fullPath="C:/Users/wolfi/source/repos/CS-26-14/Assets/Scripts/LabRoomScripts/ExitLabMinigame.cs" />
        <File uid="70" fullPath="C:/Users/wolfi/source/repos/CS-26-14/Assets/Scripts/LabRoomScripts/LabBoxTrigger.cs" />
        <File uid="71" fullPath="C:/Users/wolfi/source/repos/CS-26-14/Assets/Scripts/LabRoomScripts/MinigameUnstick.cs" />
        <File uid="72" fullPath="C:/Users/wolfi/source/repos/CS-26-14/Assets/Scripts/LabRoomScripts/SpillClean.cs" />
        <File uid="73" fullPath="C:/Users/wolfi/source/repos/CS-26-14/Assets/Scripts/LabRoomScripts/SpillManager.cs" />
        <File uid="74" fullPath="C:/Users/wolfi/source/repos/CS-26-14/Assets/Scripts/LabRoomScripts/SpillPopupController.cs" />
        <File uid="75" fullPath="C:/Users/wolfi/source/repos/CS-26-14/Assets/Scripts/PlayerMovement2D.cs" />
        <File uid="76" fullPath="C:/Users/wolfi/source/repos/CS-26-14/Assets/Scripts/PowerRoomScripts/ExitPowerMinigame.cs" />
        <File uid="77" fullPath="C:/Users/wolfi/source/repos/CS-26-14/Assets/Scripts/PowerRoomScripts/GeneratorTrigger.cs" />
        <File uid="78" fullPath="C:/Users/wolfi/source/repos/CS-26-14/Assets/Scripts/PowerRoomScripts/PowerCell.cs" />
        <File uid="79" fullPath="C:/Users/wolfi/source/repos/CS-26-14/Assets/Scripts/PowerRoomScripts/PowerGameManager.cs" />
        <File uid="80" fullPath="C:/Users/wolfi/source/repos/CS-26-14/Assets/Scripts/PowerRoomScripts/RoomContextPopup.cs" />
        <File uid="81" fullPath="C:/Users/wolfi/source/repos/CS-26-14/Assets/Scripts/ProgressBarUpdater.cs" />
        <File uid="82" fullPath="C:/Users/wolfi/source/repos/CS-26-14/Assets/Scripts/RepairCollisionMinigameScripts/RepairCollisionController.cs" />
        <File uid="83" fullPath="C:/Users/wolfi/source/repos/CS-26-14/Assets/Scripts/RepairCollisionMinigameScripts/WeldGunScript.cs" />
        <File uid="84" fullPath="C:/Users/wolfi/source/repos/CS-26-14/Assets/Scripts/RepairCollisionMinigameScripts/WeldHandler.cs" />
        <File uid="85" fullPath="C:/Users/wolfi/source/repos/CS-26-14/Assets/Scripts/RepairCollisionMinigameTrigger.cs" />
        <File uid="86" fullPath="C:/Users/wolfi/source/repos/CS-26-14/Assets/Scripts/SoundManagers/SoundFXManager.cs" />
        <File uid="87" fullPath="C:/Users/wolfi/source/repos/CS-26-14/Assets/Scripts/SoundManagers/SoundMixerManager.cs" />
        <File uid="88" fullPath="C:/Users/wolfi/source/repos/CS-26-14/Assets/Scripts/SpawnPointFinder.cs" />
        <File uid="89" fullPath="C:/Users/wolfi/source/repos/CS-26-14/Assets/Scripts/WinSceneController.cs" />
      </Files>
      <Classes>
        <Class>
          <Summary numSequencePoints="5" visitedSequencePoints="5" numBranchPoints="0" visitedBranchPoints="0" sequenceCoverage="100.0" branchCoverage="0.0" maxCyclomaticComplexity="0" minCyclomaticComplexity="0" maxCrapScore="0" minCrapScore="0" visitedClasses="1" numClasses="1" visitedMethods="2" numMethods="2" />
          <FullName>CargoBox</FullName>
          <Methods>
            <Method visited="true" cyclomaticComplexity="0" nPathComplexity="0" sequenceCoverage="100.0" branchCoverage="0" crapScore="0" isConstructor="false" isStatic="false" isGetter="false" isSetter="false">
              <Summary numSequencePoints="4" visitedSequencePoints="4" numBranchPoints="0" visitedBranchPoints="0" sequenceCoverage="100.0" branchCoverage="0" maxCyclomaticComplexity="0" minCyclomaticComplexity="0" maxCrapScore="0" minCrapScore="0" visitedClasses="0" numClasses="0" visitedMethods="1" numMethods="1" />
              <MetadataToken>100663309</MetadataToken>
              <Name>System.Void CargoBox::SwitchSprite(System.Boolean)</Name>
              <FileRef uid="39" />
              <SequencePoints>
                <SequencePoint vc="1" uspid="8609" ordinal="0" offset="0" sl="76" sc="5" el="76" ec="5" bec="0" bev="0" fileid="39" />
                <SequencePoint vc="1" uspid="8610" ordinal="0" offset="1" sl="77" sc="9" el="77" ec="9" bec="0" bev="0" fileid="39" />
                <SequencePoint vc="1" uspid="8611" ordinal="0" offset="14" sl="78" sc="9" el="78" ec="9" bec="0" bev="0" fileid="39" />
                <SequencePoint vc="1" uspid="8612" ordinal="0" offset="30" sl="79" sc="5" el="79" ec="5" bec="0" bev="0" fileid="39" />
              </SequencePoints>
              <BranchPoints />
            </Method>
            <Method visited="true" cyclomaticComplexity="0" nPathComplexity="0" sequenceCoverage="100.0" branchCoverage="0" crapScore="0" isConstructor="true" isStatic="false" isGetter="false" isSetter="false">
              <Summary numSequencePoints="1" visitedSequencePoints="1" numBranchPoints="0" visitedBranchPoints="0" sequenceCoverage="100.0" branchCoverage="0" maxCyclomaticComplexity="0" minCyclomaticComplexity="0" maxCrapScore="0" minCrapScore="0" visitedClasses="0" numClasses="0" visitedMethods="1" numMethods="1" />
              <MetadataToken>100663310</MetadataToken>
              <Name>CargoBox::CargoBox()</Name>
              <FileRef uid="39" />
              <SequencePoints>
                <SequencePoint vc="1" uspid="8613" ordinal="0" offset="0" sl="8" sc="5" el="8" ec="5" bec="0" bev="0" fileid="39" />
              </SequencePoints>
              <BranchPoints />
            </Method>
          </Methods>
        </Class>
        <Class>
          <Summary numSequencePoints="7" visitedSequencePoints="0" numBranchPoints="0" visitedBranchPoints="0" sequenceCoverage="0.0" branchCoverage="0.0" maxCyclomaticComplexity="0" minCyclomaticComplexity="0" maxCrapScore="0" minCrapScore="0" visitedClasses="0" numClasses="1" visitedMethods="0" numMethods="1" />
          <FullName>ControlsMinigameBootstrap</FullName>
          <Methods>
            <Method visited="false" cyclomaticComplexity="0" nPathComplexity="0" sequenceCoverage="0.0" branchCoverage="0" crapScore="0" isConstructor="false" isStatic="false" isGetter="false" isSetter="false">
              <Summary numSequencePoints="7" visitedSequencePoints="0" numBranchPoints="0" visitedBranchPoints="0" sequenceCoverage="0.0" branchCoverage="0" maxCyclomaticComplexity="0" minCyclomaticComplexity="0" maxCrapScore="0" minCrapScore="0" visitedClasses="0" numClasses="0" visitedMethods="0" numMethods="1" />
              <MetadataToken>100663368</MetadataToken>
              <Name>T ControlsMinigameBootstrap::GetOrAddComponent[T]()</Name>
              <FileRef uid="48" />
              <SequencePoints>
                <SequencePoint vc="0" uspid="9264" ordinal="0" offset="0" sl="416" sc="0" el="416" ec="0" bec="0" bev="0" fileid="48" />
                <SequencePoint vc="0" uspid="9265" ordinal="0" offset="1" sl="417" sc="0" el="417" ec="0" bec="0" bev="0" fileid="48" />
                <SequencePoint vc="0" uspid="9266" ordinal="0" offset="8" sl="418" sc="0" el="418" ec="0" bec="0" bev="0" fileid="48" />
                <SequencePoint vc="0" uspid="9267" ordinal="0" offset="24" sl="419" sc="0" el="419" ec="0" bec="0" bev="0" fileid="48" />
                <SequencePoint vc="0" uspid="9268" ordinal="0" offset="25" sl="420" sc="0" el="420" ec="0" bec="0" bev="0" fileid="48" />
                <SequencePoint vc="0" uspid="9269" ordinal="0" offset="29" sl="423" sc="0" el="423" ec="0" bec="0" bev="0" fileid="48" />
                <SequencePoint vc="0" uspid="9270" ordinal="0" offset="43" sl="424" sc="0" el="424" ec="0" bec="0" bev="0" fileid="48" />
              </SequencePoints>
              <BranchPoints />
            </Method>
          </Methods>
        </Class>
      </Classes>
    </Module>
  </Modules>
</CoverageSession>