<?xml version="1.0" encoding="utf-8"?>
<CoverageSession xmlns:xsd="http://www.w3.org/2001/XMLSchema" xmlns:xsi="http://www.w3.org/2001/XMLSchema-instance" Version="0.0.0.0">
  <Summary numSequencePoints="220" visitedSequencePoints="145" numBranchPoints="0" visitedBranchPoints="0" sequenceCoverage="65.91" branchCoverage="0.0" maxCyclomaticComplexity="0" minCyclomaticComplexity="0" maxCrapScore="0" minCrapScore="0" visitedClasses="14" numClasses="15" visitedMethods="28" numMethods="29" />
  <Modules>
    <Module>
      <Summary numSequencePoints="190" visitedSequencePoints="115" numBranchPoints="0" visitedBranchPoints="0" sequenceCoverage="60.53" branchCoverage="0.0" maxCyclomaticComplexity="0" minCyclomaticComplexity="0" maxCrapScore="0" minCrapScore="0" visitedClasses="10" numClasses="11" visitedMethods="19" numMethods="20" />
      <ModuleTime>0001-01-01T00:00:00</ModuleTime>
      <ModuleName>GameScripts</ModuleName>
      <Files>
        <File uid="37" fullPath="C:/Users/wolfi/source/repos/CS-26-14/Assets/Scripts/CargoRoomScripts/BoxTrigger.cs" />
        <File uid="38" fullPath="C:/Users/wolfi/source/repos/CS-26-14/Assets/Scripts/CargoRoomScripts/CargoBox.cs" />
        <File uid="39" fullPath="C:/Users/wolfi/source/repos/CS-26-14/Assets/Scripts/CargoRoomScripts/CargoMinigameController.cs" />
        <File uid="40" fullPath="C:/Users/wolfi/source/repos/CS-26-14/Assets/Scripts/CargoRoomScripts/CargoRoomController.cs" />
        <File uid="41" fullPath="C:/Users/wolfi/source/repos/CS-26-14/Assets/Scripts/CargoRoomScripts/ExitMinigame.cs" />
        <File uid="42" fullPath="C:/Users/wolfi/source/repos/CS-26-14/Assets/Scripts/CargoRoomScripts/RestarterScript.cs" />
        <File uid="43" fullPath="C:/Users/wolfi/source/repos/CS-26-14/Assets/Scripts/CargoRoomScripts/Target.cs" />
        <File uid="44" fullPath="C:/Users/wolfi/source/repos/CS-26-14/Assets/Scripts/ChangeScene.cs" />
        <File uid="45" fullPath="C:/Users/wolfi/source/repos/CS-26-14/Assets/Scripts/ComputerPopup.cs" />
        <File uid="46" fullPath="C:/Users/wolfi/source/repos/CS-26-14/Assets/Scripts/ComputerUIController.cs" />
        <File uid="47" fullPath="C:/Users/wolfi/source/repos/CS-26-14/Assets/Scripts/ControlRoomScripts/ControlsMinigameBootstrap.cs" />
        <File uid="48" fullPath="C:/Users/wolfi/source/repos/CS-26-14/Assets/Scripts/ControlRoomScripts/ControlsMinigameController.cs" />
        <File uid="49" fullPath="C:/Users/wolfi/source/repos/CS-26-14/Assets/Scripts/ControlRoomScripts/ControlsTargetGenerator.cs" />
        <File uid="50" fullPath="C:/Users/wolfi/source/repos/CS-26-14/Assets/Scripts/ControlRoomScripts/ControlsTrigger.cs" />
        <File uid="51" fullPath="C:/Users/wolfi/source/repos/CS-26-14/Assets/Scripts/ControlRoomScripts/CorrectionWindowVisual.cs" />
        <File uid="52" fullPath="C:/Users/wolfi/source/repos/CS-26-14/Assets/Scripts/ControlRoomScripts/HeadingVisual.cs" />
        <File uid="53" fullPath="C:/Users/wolfi/source/repos/CS-26-14/Assets/Scripts/ControlRoomScripts/MiniGameResultsPopup.cs" />
        <File uid="54" fullPath="C:/Users/wolfi/source/repos/CS-26-14/Assets/Scripts/ControlRoomScripts/ShipView.cs" />
        <File uid="55" fullPath="C:/Users/wolfi/source/repos/CS-26-14/Assets/Scripts/ControlRoomScripts/ThrustVisual.cs" />
        <File uid="56" fullPath="C:/Users/wolfi/source/repos/CS-26-14/Assets/Scripts/CurrentMinigameText.cs" />
        <File uid="57" fullPath="C:/Users/wolfi/source/repos/CS-26-14/Assets/Scripts/DDOL.cs" />
        <File uid="58" fullPath="C:/Users/wolfi/source/repos/CS-26-14/Assets/Scripts/FactCardsPopup.cs" />
        <File uid="59" fullPath="C:/Users/wolfi/source/repos/CS-26-14/Assets/Scripts/FactManagerScripts/FactCardsPopupUI.cs" />
        <File uid="60" fullPath="C:/Users/wolfi/source/repos/CS-26-14/Assets/Scripts/FactManagerScripts/FactSystem.cs" />
        <File uid="61" fullPath="C:/Users/wolfi/source/repos/CS-26-14/Assets/Scripts/FactManagerScripts/NasaFactManager.cs" />
        <File uid="62" fullPath="C:/Users/wolfi/source/repos/CS-26-14/Assets/Scripts/FactManagerScripts/RevealFactCard.cs" />
        <File uid="63" fullPath="C:/Users/wolfi/source/repos/CS-26-14/Assets/Scripts/GameSceneSetup.cs" />
        <File uid="64" fullPath="C:/Users/wolfi/source/repos/CS-26-14/Assets/Scripts/Global.cs" />
        <File uid="65" fullPath="C:/Users/wolfi/source/repos/CS-26-14/Assets/Scripts/HallwayChangeScene.cs" />
        <File uid="66" fullPath="C:/Users/wolfi/source/repos/CS-26-14/Assets/Scripts/InteractableAssetControl.cs" />
        <File uid="67" fullPath="C:/Users/wolfi/source/repos/CS-26-14/Assets/Scripts/LabRoomScripts/BroomPickup.cs" />
        <File uid="68" fullPath="C:/Users/wolfi/source/repos/CS-26-14/Assets/Scripts/LabRoomScripts/ExitLabMinigame.cs" />
        <File uid="69" fullPath="C:/Users/wolfi/source/repos/CS-26-14/Assets/Scripts/LabRoomScripts/LabBoxTrigger.cs" />
        <File uid="70" fullPath="C:/Users/wolfi/source/repos/CS-26-14/Assets/Scripts/LabRoomScripts/MinigameUnstick.cs" />
        <File uid="71" fullPath="C:/Users/wolfi/source/repos/CS-26-14/Assets/Scripts/LabRoomScripts/SpillClean.cs" />
        <File uid="72" fullPath="C:/Users/wolfi/source/repos/CS-26-14/Assets/Scripts/LabRoomScripts/SpillManager.cs" />
        <File uid="73" fullPath="C:/Users/wolfi/source/repos/CS-26-14/Assets/Scripts/LabRoomScripts/SpillPopupController.cs" />
        <File uid="74" fullPath="C:/Users/wolfi/source/repos/CS-26-14/Assets/Scripts/PlayerMovement2D.cs" />
        <File uid="75" fullPath="C:/Users/wolfi/source/repos/CS-26-14/Assets/Scripts/PowerRoomScripts/ExitPowerMinigame.cs" />
        <File uid="76" fullPath="C:/Users/wolfi/source/repos/CS-26-14/Assets/Scripts/PowerRoomScripts/GeneratorTrigger.cs" />
        <File uid="77" fullPath="C:/Users/wolfi/source/repos/CS-26-14/Assets/Scripts/PowerRoomScripts/PowerCell.cs" />
        <File uid="78" fullPath="C:/Users/wolfi/source/repos/CS-26-14/Assets/Scripts/PowerRoomScripts/PowerGameManager.cs" />
        <File uid="79" fullPath="C:/Users/wolfi/source/repos/CS-26-14/Assets/Scripts/PowerRoomScripts/RoomContextPopup.cs" />
        <File uid="80" fullPath="C:/Users/wolfi/source/repos/CS-26-14/Assets/Scripts/ProgressBarUpdater.cs" />
        <File uid="81" fullPath="C:/Users/wolfi/source/repos/CS-26-14/Assets/Scripts/RepairCollisionMinigameScripts/RepairCollisionController.cs" />
        <File uid="82" fullPath="C:/Users/wolfi/source/repos/CS-26-14/Assets/Scripts/RepairCollisionMinigameScripts/WeldGunScript.cs" />
        <File uid="83" fullPath="C:/Users/wolfi/source/repos/CS-26-14/Assets/Scripts/RepairCollisionMinigameScripts/WeldHandler.cs" />
        <File uid="84" fullPath="C:/Users/wolfi/source/repos/CS-26-14/Assets/Scripts/RepairCollisionMinigameTrigger.cs" />
        <File uid="85" fullPath="C:/Users/wolfi/source/repos/CS-26-14/Assets/Scripts/SoundManagers/SoundFXManager.cs" />
        <File uid="86" fullPath="C:/Users/wolfi/source/repos/CS-26-14/Assets/Scripts/SoundManagers/SoundMixerManager.cs" />
        <File uid="87" fullPath="C:/Users/wolfi/source/repos/CS-26-14/Assets/Scripts/SpawnPointFinder.cs" />
        <File uid="88" fullPath="C:/Users/wolfi/source/repos/CS-26-14/Assets/Scripts/WinSceneController.cs" />
      </Files>
      <Classes>
        <Class>
          <Summary numSequencePoints="12" visitedSequencePoints="8" numBranchPoints="0" visitedBranchPoints="0" sequenceCoverage="66.67" branchCoverage="0.0" maxCyclomaticComplexity="0" minCyclomaticComplexity="0" maxCrapScore="0" minCrapScore="0" visitedClasses="1" numClasses="1" visitedMethods="2" numMethods="2" />
          <FullName>CargoBox</FullName>
          <Methods>
            <Method visited="true" cyclomaticComplexity="0" nPathComplexity="0" sequenceCoverage="100.0" branchCoverage="0" crapScore="0" isConstructor="false" isStatic="false" isGetter="false" isSetter="false">
              <Summary numSequencePoints="5" visitedSequencePoints="5" numBranchPoints="0" visitedBranchPoints="0" sequenceCoverage="100.0" branchCoverage="0" maxCyclomaticComplexity="0" minCyclomaticComplexity="0" maxCrapScore="0" minCrapScore="0" visitedClasses="0" numClasses="0" visitedMethods="1" numMethods="1" />
              <MetadataToken>100663306</MetadataToken>
              <Name>System.Void CargoBox::Start()</Name>
              <FileRef uid="38" />
              <SequencePoints>
                <SequencePoint vc="2" uspid="2461" ordinal="0" offset="0" sl="16" sc="5" el="16" ec="5" bec="0" bev="0" fileid="38" />
                <SequencePoint vc="2" uspid="2462" ordinal="0" offset="1" sl="17" sc="9" el="17" ec="9" bec="0" bev="0" fileid="38" />
                <SequencePoint vc="2" uspid="2463" ordinal="0" offset="13" sl="18" sc="9" el="18" ec="9" bec="0" bev="0" fileid="38" />
                <SequencePoint vc="2" uspid="2464" ordinal="0" offset="25" sl="19" sc="9" el="19" ec="9" bec="0" bev="0" fileid="38" />
                <SequencePoint vc="2" uspid="2465" ordinal="0" offset="38" sl="31" sc="5" el="31" ec="5" bec="0" bev="0" fileid="38" />
              </SequencePoints>
              <BranchPoints />
            </Method>
            <Method visited="true" cyclomaticComplexity="0" nPathComplexity="0" sequenceCoverage="42.86" branchCoverage="0" crapScore="0" isConstructor="false" isStatic="false" isGetter="false" isSetter="false">
              <Summary numSequencePoints="7" visitedSequencePoints="3" numBranchPoints="0" visitedBranchPoints="0" sequenceCoverage="42.86" branchCoverage="0" maxCyclomaticComplexity="0" minCyclomaticComplexity="0" maxCrapScore="0" minCrapScore="0" visitedClasses="0" numClasses="0" visitedMethods="1" numMethods="1" />
              <MetadataToken>100663307</MetadataToken>
              <Name>System.Void CargoBox::Update()</Name>
              <FileRef uid="38" />
              <SequencePoints>
                <SequencePoint vc="8" uspid="2466" ordinal="0" offset="0" sl="35" sc="5" el="35" ec="5" bec="0" bev="0" fileid="38" />
                <SequencePoint vc="8" uspid="2467" ordinal="0" offset="1" sl="36" sc="9" el="36" ec="9" bec="0" bev="0" fileid="38" />
                <SequencePoint vc="0" uspid="2468" ordinal="0" offset="57" sl="37" sc="9" el="37" ec="9" bec="0" bev="0" fileid="38" />
                <SequencePoint vc="0" uspid="2469" ordinal="0" offset="58" sl="39" sc="13" el="39" ec="13" bec="0" bev="0" fileid="38" />
                <SequencePoint vc="0" uspid="2470" ordinal="0" offset="90" sl="40" sc="13" el="40" ec="13" bec="0" bev="0" fileid="38" />
                <SequencePoint vc="0" uspid="2471" ordinal="0" offset="113" sl="41" sc="9" el="41" ec="9" bec="0" bev="0" fileid="38" />
                <SequencePoint vc="8" uspid="2472" ordinal="0" offset="114" sl="62" sc="5" el="62" ec="5" bec="0" bev="0" fileid="38" />
              </SequencePoints>
              <BranchPoints />
            </Method>
          </Methods>
        </Class>
        <Class>
          <Summary numSequencePoints="28" visitedSequencePoints="13" numBranchPoints="0" visitedBranchPoints="0" sequenceCoverage="46.43" branchCoverage="0.0" maxCyclomaticComplexity="0" minCyclomaticComplexity="0" maxCrapScore="0" minCrapScore="0" visitedClasses="1" numClasses="1" visitedMethods="2" numMethods="2" />
          <FullName>CargoMinigameController</FullName>
          <Methods>
            <Method visited="true" cyclomaticComplexity="0" nPathComplexity="0" sequenceCoverage="45.00" branchCoverage="0" crapScore="0" isConstructor="false" isStatic="false" isGetter="false" isSetter="false">
              <Summary numSequencePoints="20" visitedSequencePoints="9" numBranchPoints="0" visitedBranchPoints="0" sequenceCoverage="45.00" branchCoverage="0" maxCyclomaticComplexity="0" minCyclomaticComplexity="0" maxCrapScore="0" minCrapScore="0" visitedClasses="0" numClasses="0" visitedMethods="1" numMethods="1" />
              <MetadataToken>100663311</MetadataToken>
              <Name>System.Void CargoMinigameController::Start()</Name>
              <FileRef uid="39" />
              <SequencePoints>
                <SequencePoint vc="1" uspid="2484" ordinal="0" offset="0" sl="22" sc="5" el="22" ec="5" bec="0" bev="0" fileid="39" />
                <SequencePoint vc="1" uspid="2485" ordinal="0" offset="1" sl="23" sc="9" el="23" ec="9" bec="0" bev="0" fileid="39" />
                <SequencePoint vc="1" uspid="2486" ordinal="0" offset="17" sl="25" sc="9" el="25" ec="9" bec="0" bev="0" fileid="39" />
                <SequencePoint vc="0" uspid="2487" ordinal="0" offset="42" sl="26" sc="9" el="26" ec="9" bec="0" bev="0" fileid="39" />
                <SequencePoint vc="0" uspid="2488" ordinal="0" offset="43" sl="27" sc="13" el="27" ec="13" bec="0" bev="0" fileid="39" />
                <SequencePoint vc="0" uspid="2489" ordinal="0" offset="54" sl="28" sc="13" el="28" ec="13" bec="0" bev="0" fileid="39" />
                <SequencePoint vc="1" uspid="2490" ordinal="0" offset="59" sl="31" sc="9" el="31" ec="9" bec="0" bev="0" fileid="39" />
                <SequencePoint vc="1" uspid="2491" ordinal="0" offset="75" sl="32" sc="9" el="32" ec="9" bec="0" bev="0" fileid="39" />
                <SequencePoint vc="1" uspid="2492" ordinal="0" offset="91" sl="33" sc="9" el="33" ec="9" bec="0" bev="0" fileid="39" />
                <SequencePoint vc="1" uspid="2493" ordinal="0" offset="92" sl="34" sc="13" el="34" ec="13" bec="0" bev="0" fileid="39" />
                <SequencePoint vc="1" uspid="2494" ordinal="0" offset="103" sl="35" sc="13" el="35" ec="13" bec="0" bev="0" fileid="39" />
                <SequencePoint vc="0" uspid="2495" ordinal="0" offset="105" sl="38" sc="9" el="38" ec="9" bec="0" bev="0" fileid="39" />
                <SequencePoint vc="0" uspid="2496" ordinal="0" offset="123" sl="40" sc="9" el="40" ec="9" bec="0" bev="0" fileid="39" />
                <SequencePoint vc="0" uspid="2497" ordinal="0" offset="135" sl="41" sc="9" el="41" ec="9" bec="0" bev="0" fileid="39" />
                <SequencePoint vc="0" uspid="2498" ordinal="0" offset="151" sl="42" sc="9" el="42" ec="9" bec="0" bev="0" fileid="39" />
                <SequencePoint vc="0" uspid="2499" ordinal="0" offset="152" sl="43" sc="13" el="43" ec="13" bec="0" bev="0" fileid="39" />
                <SequencePoint vc="0" uspid="2500" ordinal="0" offset="163" sl="44" sc="13" el="44" ec="13" bec="0" bev="0" fileid="39" />
                <SequencePoint vc="0" uspid="2501" ordinal="0" offset="165" sl="46" sc="9" el="46" ec="9" bec="0" bev="0" fileid="39" />
                <SequencePoint vc="0" uspid="2502" ordinal="0" offset="192" sl="47" sc="9" el="47" ec="9" bec="0" bev="0" fileid="39" />
                <SequencePoint vc="1" uspid="2503" ordinal="0" offset="199" sl="48" sc="5" el="48" ec="5" bec="0" bev="0" fileid="39" />
              </SequencePoints>
              <BranchPoints />
            </Method>
            <Method visited="true" cyclomaticComplexity="0" nPathComplexity="0" sequenceCoverage="50.00" branchCoverage="0" crapScore="0" isConstructor="false" isStatic="false" isGetter="false" isSetter="false">
              <Summary numSequencePoints="8" visitedSequencePoints="4" numBranchPoints="0" visitedBranchPoints="0" sequenceCoverage="50.00" branchCoverage="0" maxCyclomaticComplexity="0" minCyclomaticComplexity="0" maxCrapScore="0" minCrapScore="0" visitedClasses="0" numClasses="0" visitedMethods="1" numMethods="1" />
              <MetadataToken>100663312</MetadataToken>
              <Name>System.Void CargoMinigameController::Update()</Name>
              <FileRef uid="39" />
              <SequencePoints>
                <SequencePoint vc="4" uspid="2504" ordinal="0" offset="0" sl="52" sc="5" el="52" ec="5" bec="0" bev="0" fileid="39" />
                <SequencePoint vc="4" uspid="2505" ordinal="0" offset="1" sl="53" sc="9" el="53" ec="9" bec="0" bev="0" fileid="39" />
                <SequencePoint vc="4" uspid="2506" ordinal="0" offset="49" sl="55" sc="9" el="55" ec="9" bec="0" bev="0" fileid="39" />
                <SequencePoint vc="0" uspid="2507" ordinal="0" offset="73" sl="56" sc="9" el="56" ec="9" bec="0" bev="0" fileid="39" />
                <SequencePoint vc="0" uspid="2508" ordinal="0" offset="74" sl="57" sc="13" el="57" ec="13" bec="0" bev="0" fileid="39" />
                <SequencePoint vc="0" uspid="2509" ordinal="0" offset="81" sl="58" sc="13" el="58" ec="13" bec="0" bev="0" fileid="39" />
                <SequencePoint vc="0" uspid="2510" ordinal="0" offset="98" sl="59" sc="9" el="59" ec="9" bec="0" bev="0" fileid="39" />
                <SequencePoint vc="4" uspid="2511" ordinal="0" offset="99" sl="61" sc="5" el="61" ec="5" bec="0" bev="0" fileid="39" />
              </SequencePoints>
              <BranchPoints />
            </Method>
          </Methods>
        </Class>
        <Class>
          <Summary numSequencePoints="19" visitedSequencePoints="12" numBranchPoints="0" visitedBranchPoints="0" sequenceCoverage="63.16" branchCoverage="0.0" maxCyclomaticComplexity="0" minCyclomaticComplexity="0" maxCrapScore="0" minCrapScore="0" visitedClasses="1" numClasses="1" visitedMethods="3" numMethods="3" />
          <FullName>CargoRoomController</FullName>
          <Methods>
            <Method visited="true" cyclomaticComplexity="0" nPathComplexity="0" sequenceCoverage="62.50" branchCoverage="0" crapScore="0" isConstructor="false" isStatic="false" isGetter="false" isSetter="false">
              <Summary numSequencePoints="8" visitedSequencePoints="5" numBranchPoints="0" visitedBranchPoints="0" sequenceCoverage="62.50" branchCoverage="0" maxCyclomaticComplexity="0" minCyclomaticComplexity="0" maxCrapScore="0" minCrapScore="0" visitedClasses="0" numClasses="0" visitedMethods="1" numMethods="1" />
              <MetadataToken>100663316</MetadataToken>
              <Name>System.Void CargoRoomController::Start()</Name>
              <FileRef uid="40" />
              <SequencePoints>
                <SequencePoint vc="2" uspid="2528" ordinal="0" offset="0" sl="12" sc="5" el="12" ec="5" bec="0" bev="0" fileid="40" />
                <SequencePoint vc="2" uspid="2529" ordinal="0" offset="1" sl="13" sc="9" el="13" ec="9" bec="0" bev="0" fileid="40" />
                <SequencePoint vc="2" uspid="2530" ordinal="0" offset="17" sl="14" sc="9" el="14" ec="9" bec="0" bev="0" fileid="40" />
                <SequencePoint vc="0" uspid="2531" ordinal="0" offset="33" sl="15" sc="9" el="15" ec="9" bec="0" bev="0" fileid="40" />
                <SequencePoint vc="0" uspid="2532" ordinal="0" offset="34" sl="16" sc="13" el="16" ec="13" bec="0" bev="0" fileid="40" />
                <SequencePoint vc="0" uspid="2533" ordinal="0" offset="45" sl="17" sc="13" el="17" ec="13" bec="0" bev="0" fileid="40" />
                <SequencePoint vc="2" uspid="2534" ordinal="0" offset="47" sl="19" sc="9" el="19" ec="9" bec="0" bev="0" fileid="40" />
                <SequencePoint vc="2" uspid="2535" ordinal="0" offset="65" sl="20" sc="5" el="20" ec="5" bec="0" bev="0" fileid="40" />
              </SequencePoints>
              <BranchPoints />
            </Method>
            <Method visited="true" cyclomaticComplexity="0" nPathComplexity="0" sequenceCoverage="60.00" branchCoverage="0" crapScore="0" isConstructor="false" isStatic="false" isGetter="false" isSetter="false">
              <Summary numSequencePoints="10" visitedSequencePoints="6" numBranchPoints="0" visitedBranchPoints="0" sequenceCoverage="60.00" branchCoverage="0" maxCyclomaticComplexity="0" minCyclomaticComplexity="0" maxCrapScore="0" minCrapScore="0" visitedClasses="0" numClasses="0" visitedMethods="1" numMethods="1" />
              <MetadataToken>100663317</MetadataToken>
              <Name>System.Void CargoRoomController::StartMinigame()</Name>
              <FileRef uid="40" />
              <SequencePoints>
                <SequencePoint vc="1" uspid="2536" ordinal="0" offset="0" sl="23" sc="5" el="23" ec="5" bec="0" bev="0" fileid="40" />
                <SequencePoint vc="1" uspid="2537" ordinal="0" offset="1" sl="24" sc="9" el="24" ec="9" bec="0" bev="0" fileid="40" />
                <SequencePoint vc="1" uspid="2538" ordinal="0" offset="26" sl="25" sc="9" el="25" ec="9" bec="0" bev="0" fileid="40" />
                <SequencePoint vc="1" uspid="2539" ordinal="0" offset="27" sl="26" sc="13" el="26" ec="13" bec="0" bev="0" fileid="40" />
                <SequencePoint vc="1" uspid="2540" ordinal="0" offset="51" sl="27" sc="9" el="27" ec="9" bec="0" bev="0" fileid="40" />
                <SequencePoint vc="0" uspid="2541" ordinal="0" offset="54" sl="29" sc="9" el="29" ec="9" bec="0" bev="0" fileid="40" />
                <SequencePoint vc="0" uspid="2542" ordinal="0" offset="55" sl="30" sc="13" el="30" ec="13" bec="0" bev="0" fileid="40" />
                <SequencePoint vc="0" uspid="2543" ordinal="0" offset="73" sl="31" sc="13" el="31" ec="13" bec="0" bev="0" fileid="40" />
                <SequencePoint vc="0" uspid="2544" ordinal="0" offset="91" sl="32" sc="9" el="32" ec="9" bec="0" bev="0" fileid="40" />
                <SequencePoint vc="1" uspid="2545" ordinal="0" offset="92" sl="33" sc="5" el="33" ec="5" bec="0" bev="0" fileid="40" />
              </SequencePoints>
              <BranchPoints />
            </Method>
            <Method visited="true" cyclomaticComplexity="0" nPathComplexity="0" sequenceCoverage="100.0" branchCoverage="0" crapScore="0" isConstructor="true" isStatic="false" isGetter="false" isSetter="false">
              <Summary numSequencePoints="1" visitedSequencePoints="1" numBranchPoints="0" visitedBranchPoints="0" sequenceCoverage="100.0" branchCoverage="0" maxCyclomaticComplexity="0" minCyclomaticComplexity="0" maxCrapScore="0" minCrapScore="0" visitedClasses="0" numClasses="0" visitedMethods="1" numMethods="1" />
              <MetadataToken>100663318</MetadataToken>
              <Name>CargoRoomController::CargoRoomController()</Name>
              <FileRef uid="40" />
              <SequencePoints>
                <SequencePoint vc="3" uspid="2546" ordinal="0" offset="0" sl="8" sc="5" el="8" ec="5" bec="0" bev="0" fileid="40" />
              </SequencePoints>
              <BranchPoints />
            </Method>
          </Methods>
        </Class>
        <Class>
          <Summary numSequencePoints="31" visitedSequencePoints="11" numBranchPoints="0" visitedBranchPoints="0" sequenceCoverage="35.48" branchCoverage="0.0" maxCyclomaticComplexity="0" minCyclomaticComplexity="0" maxCrapScore="0" minCrapScore="0" visitedClasses="1" numClasses="1" visitedMethods="2" numMethods="2" />
          <FullName>RestarterScript</FullName>
          <Methods>
            <Method visited="true" cyclomaticComplexity="0" nPathComplexity="0" sequenceCoverage="87.50" branchCoverage="0" crapScore="0" isConstructor="false" isStatic="false" isGetter="false" isSetter="false">
              <Summary numSequencePoints="8" visitedSequencePoints="7" numBranchPoints="0" visitedBranchPoints="0" sequenceCoverage="87.50" branchCoverage="0" maxCyclomaticComplexity="0" minCyclomaticComplexity="0" maxCrapScore="0" minCrapScore="0" visitedClasses="0" numClasses="0" visitedMethods="1" numMethods="1" />
              <MetadataToken>100663321</MetadataToken>
              <Name>System.Void RestarterScript::Start()</Name>
              <FileRef uid="42" />
              <SequencePoints>
                <SequencePoint vc="1" uspid="2550" ordinal="0" offset="0" sl="15" sc="5" el="15" ec="5" bec="0" bev="0" fileid="42" />
                <SequencePoint vc="1" uspid="2551" ordinal="0" offset="1" sl="16" sc="9" el="16" ec="9" bec="0" bev="0" fileid="42" />
                <SequencePoint vc="1" uspid="2552" ordinal="0" offset="17" sl="17" sc="9" el="17" ec="9" bec="0" bev="0" fileid="42" />
                <SequencePoint vc="1" uspid="2553" ordinal="0" offset="33" sl="18" sc="9" el="18" ec="9" bec="0" bev="0" fileid="42" />
                <SequencePoint vc="1" uspid="2554" ordinal="0" offset="34" sl="19" sc="13" el="19" ec="13" bec="0" bev="0" fileid="42" />
                <SequencePoint vc="1" uspid="2555" ordinal="0" offset="45" sl="20" sc="13" el="20" ec="13" bec="0" bev="0" fileid="42" />
                <SequencePoint vc="0" uspid="2556" ordinal="0" offset="47" sl="22" sc="9" el="22" ec="9" bec="0" bev="0" fileid="42" />
                <SequencePoint vc="1" uspid="2557" ordinal="0" offset="60" sl="23" sc="5" el="23" ec="5" bec="0" bev="0" fileid="42" />
              </SequencePoints>
              <BranchPoints />
            </Method>
            <Method visited="true" cyclomaticComplexity="0" nPathComplexity="0" sequenceCoverage="17.39" branchCoverage="0" crapScore="0" isConstructor="false" isStatic="false" isGetter="false" isSetter="false">
              <Summary numSequencePoints="23" visitedSequencePoints="4" numBranchPoints="0" visitedBranchPoints="0" sequenceCoverage="17.39" branchCoverage="0" maxCyclomaticComplexity="0" minCyclomaticComplexity="0" maxCrapScore="0" minCrapScore="0" visitedClasses="0" numClasses="0" visitedMethods="1" numMethods="1" />
              <MetadataToken>100663322</MetadataToken>
              <Name>System.Void RestarterScript::Update()</Name>
              <FileRef uid="42" />
              <SequencePoints>
                <SequencePoint vc="4" uspid="2558" ordinal="0" offset="0" sl="26" sc="5" el="26" ec="5" bec="0" bev="0" fileid="42" />
                <SequencePoint vc="4" uspid="2559" ordinal="0" offset="1" sl="27" sc="9" el="27" ec="9" bec="0" bev="0" fileid="42" />
                <SequencePoint vc="0" uspid="2560" ordinal="0" offset="31" sl="28" sc="9" el="28" ec="9" bec="0" bev="0" fileid="42" />
                <SequencePoint vc="0" uspid="2561" ordinal="0" offset="32" sl="29" sc="13" el="29" ec="13" bec="0" bev="0" fileid="42" />
                <SequencePoint vc="0" uspid="2562" ordinal="0" offset="47" sl="30" sc="13" el="30" ec="13" bec="0" bev="0" fileid="42" />
                <SequencePoint vc="0" uspid="2563" ordinal="0" offset="48" sl="31" sc="17" el="31" ec="17" bec="0" bev="0" fileid="42" />
                <SequencePoint vc="0" uspid="2564" ordinal="0" offset="76" sl="32" sc="13" el="32" ec="13" bec="0" bev="0" fileid="42" />
                <SequencePoint vc="0" uspid="2565" ordinal="0" offset="77" sl="33" sc="13" el="33" ec="13" bec="0" bev="0" fileid="42" />
                <SequencePoint vc="0" uspid="2566" ordinal="0" offset="90" sl="34" sc="13" el="34" ec="13" bec="0" bev="0" fileid="42" />
                <SequencePoint vc="0" uspid="2567" ordinal="0" offset="108" sl="35" sc="13" el="35" ec="13" bec="0" bev="0" fileid="42" />
                <SequencePoint vc="0" uspid="2568" ordinal="0" offset="131" sl="36" sc="13" el="36" ec="13" bec="0" bev="0" fileid="42" />
                <SequencePoint vc="0" uspid="2569" ordinal="0" offset="139" sl="37" sc="9" el="37" ec="9" bec="0" bev="0" fileid="42" />
                <SequencePoint vc="4" uspid="2570" ordinal="0" offset="140" sl="39" sc="9" el="39" ec="9" bec="0" bev="0" fileid="42" />
                <SequencePoint vc="0" uspid="2571" ordinal="0" offset="151" sl="40" sc="9" el="40" ec="9" bec="0" bev="0" fileid="42" />
                <SequencePoint vc="0" uspid="2572" ordinal="0" offset="152" sl="41" sc="13" el="41" ec="13" bec="0" bev="0" fileid="42" />
                <SequencePoint vc="0" uspid="2573" ordinal="0" offset="167" sl="42" sc="13" el="42" ec="13" bec="0" bev="0" fileid="42" />
                <SequencePoint vc="0" uspid="2574" ordinal="0" offset="168" sl="43" sc="17" el="43" ec="17" bec="0" bev="0" fileid="42" />
                <SequencePoint vc="0" uspid="2575" ordinal="0" offset="196" sl="44" sc="13" el="44" ec="13" bec="0" bev="0" fileid="42" />
                <SequencePoint vc="0" uspid="2576" ordinal="0" offset="197" sl="45" sc="13" el="45" ec="13" bec="0" bev="0" fileid="42" />
                <SequencePoint vc="0" uspid="2577" ordinal="0" offset="210" sl="46" sc="13" el="46" ec="13" bec="0" bev="0" fileid="42" />
                <SequencePoint vc="0" uspid="2578" ordinal="0" offset="228" sl="48" sc="13" el="48" ec="13" bec="0" bev="0" fileid="42" />
                <SequencePoint vc="0" uspid="2579" ordinal="0" offset="236" sl="49" sc="9" el="49" ec="9" bec="0" bev="0" fileid="42" />
                <SequencePoint vc="4" uspid="2580" ordinal="0" offset="237" sl="50" sc="5" el="50" ec="5" bec="0" bev="0" fileid="42" />
              </SequencePoints>
              <BranchPoints />
            </Method>
          </Methods>
        </Class>
        <Class>
          <Summary numSequencePoints="4" visitedSequencePoints="4" numBranchPoints="0" visitedBranchPoints="0" sequenceCoverage="100.0" branchCoverage="0.0" maxCyclomaticComplexity="0" minCyclomaticComplexity="0" maxCrapScore="0" minCrapScore="0" visitedClasses="1" numClasses="1" visitedMethods="1" numMethods="1" />
          <FullName>Target</FullName>
          <Methods>
            <Method visited="true" cyclomaticComplexity="0" nPathComplexity="0" sequenceCoverage="100.0" branchCoverage="0" crapScore="0" isConstructor="false" isStatic="false" isGetter="false" isSetter="false">
              <Summary numSequencePoints="4" visitedSequencePoints="4" numBranchPoints="0" visitedBranchPoints="0" sequenceCoverage="100.0" branchCoverage="0" maxCyclomaticComplexity="0" minCyclomaticComplexity="0" maxCrapScore="0" minCrapScore="0" visitedClasses="0" numClasses="0" visitedMethods="1" numMethods="1" />
              <MetadataToken>100663328</MetadataToken>
              <Name>System.Void Target::Start()</Name>
              <FileRef uid="43" />
              <SequencePoints>
                <SequencePoint vc="2" uspid="2602" ordinal="0" offset="0" sl="14" sc="5" el="14" ec="5" bec="0" bev="0" fileid="43" />
                <SequencePoint vc="2" uspid="2603" ordinal="0" offset="1" sl="15" sc="9" el="15" ec="9" bec="0" bev="0" fileid="43" />
                <SequencePoint vc="2" uspid="2604" ordinal="0" offset="13" sl="16" sc="9" el="16" ec="9" bec="0" bev="0" fileid="43" />
                <SequencePoint vc="2" uspid="2605" ordinal="0" offset="20" sl="17" sc="5" el="17" ec="5" bec="0" bev="0" fileid="43" />
              </SequencePoints>
              <BranchPoints />
            </Method>
          </Methods>
        </Class>
        <Class>
          <Summary numSequencePoints="7" visitedSequencePoints="0" numBranchPoints="0" visitedBranchPoints="0" sequenceCoverage="0.0" branchCoverage="0.0" maxCyclomaticComplexity="0" minCyclomaticComplexity="0" maxCrapScore="0" minCrapScore="0" visitedClasses="0" numClasses="1" visitedMethods="0" numMethods="1" />
          <FullName>ControlsMinigameBootstrap</FullName>
          <Methods>
            <Method visited="false" cyclomaticComplexity="0" nPathComplexity="0" sequenceCoverage="0.0" branchCoverage="0" crapScore="0" isConstructor="false" isStatic="false" isGetter="false" isSetter="false">
              <Summary numSequencePoints="7" visitedSequencePoints="0" numBranchPoints="0" visitedBranchPoints="0" sequenceCoverage="0.0" branchCoverage="0" maxCyclomaticComplexity="0" minCyclomaticComplexity="0" maxCrapScore="0" minCrapScore="0" visitedClasses="0" numClasses="0" visitedMethods="0" numMethods="1" />
              <MetadataToken>100663368</MetadataToken>
              <Name>T ControlsMinigameBootstrap::GetOrAddComponent[T]()</Name>
              <FileRef uid="47" />
              <SequencePoints>
                <SequencePoint vc="0" uspid="3130" ordinal="0" offset="0" sl="416" sc="0" el="416" ec="0" bec="0" bev="0" fileid="47" />
                <SequencePoint vc="0" uspid="3131" ordinal="0" offset="1" sl="417" sc="0" el="417" ec="0" bec="0" bev="0" fileid="47" />
                <SequencePoint vc="0" uspid="3132" ordinal="0" offset="8" sl="418" sc="0" el="418" ec="0" bec="0" bev="0" fileid="47" />
                <SequencePoint vc="0" uspid="3133" ordinal="0" offset="24" sl="419" sc="0" el="419" ec="0" bec="0" bev="0" fileid="47" />
                <SequencePoint vc="0" uspid="3134" ordinal="0" offset="25" sl="420" sc="0" el="420" ec="0" bec="0" bev="0" fileid="47" />
                <SequencePoint vc="0" uspid="3135" ordinal="0" offset="29" sl="423" sc="0" el="423" ec="0" bec="0" bev="0" fileid="47" />
                <SequencePoint vc="0" uspid="3136" ordinal="0" offset="43" sl="424" sc="0" el="424" ec="0" bec="0" bev="0" fileid="47" />
              </SequencePoints>
              <BranchPoints />
            </Method>
          </Methods>
        </Class>
        <Class>
          <Summary numSequencePoints="6" visitedSequencePoints="6" numBranchPoints="0" visitedBranchPoints="0" sequenceCoverage="100.0" branchCoverage="0.0" maxCyclomaticComplexity="0" minCyclomaticComplexity="0" maxCrapScore="0" minCrapScore="0" visitedClasses="1" numClasses="1" visitedMethods="2" numMethods="2" />
          <FullName>RevealFactCard</FullName>
          <Methods>
            <Method visited="true" cyclomaticComplexity="0" nPathComplexity="0" sequenceCoverage="100.0" branchCoverage="0" crapScore="0" isConstructor="false" isStatic="false" isGetter="false" isSetter="false">
              <Summary numSequencePoints="5" visitedSequencePoints="5" numBranchPoints="0" visitedBranchPoints="0" sequenceCoverage="100.0" branchCoverage="0" maxCyclomaticComplexity="0" minCyclomaticComplexity="0" maxCrapScore="0" minCrapScore="0" visitedClasses="0" numClasses="0" visitedMethods="1" numMethods="1" />
              <MetadataToken>100663484</MetadataToken>
              <Name>System.Void RevealFactCard::Awake()</Name>
              <FileRef uid="62" />
              <SequencePoints>
                <SequencePoint vc="1" uspid="4425" ordinal="0" offset="0" sl="14" sc="5" el="14" ec="5" bec="0" bev="0" fileid="62" />
                <SequencePoint vc="1" uspid="4426" ordinal="0" offset="1" sl="15" sc="9" el="15" ec="9" bec="0" bev="0" fileid="62" />
                <SequencePoint vc="1" uspid="4427" ordinal="0" offset="17" sl="16" sc="13" el="16" ec="13" bec="0" bev="0" fileid="62" />
                <SequencePoint vc="1" uspid="4428" ordinal="0" offset="30" sl="18" sc="9" el="18" ec="9" bec="0" bev="0" fileid="62" />
                <SequencePoint vc="1" uspid="4429" ordinal="0" offset="37" sl="19" sc="5" el="19" ec="5" bec="0" bev="0" fileid="62" />
              </SequencePoints>
              <BranchPoints />
            </Method>
            <Method visited="true" cyclomaticComplexity="0" nPathComplexity="0" sequenceCoverage="100.0" branchCoverage="0" crapScore="0" isConstructor="true" isStatic="false" isGetter="false" isSetter="false">
              <Summary numSequencePoints="1" visitedSequencePoints="1" numBranchPoints="0" visitedBranchPoints="0" sequenceCoverage="100.0" branchCoverage="0" maxCyclomaticComplexity="0" minCyclomaticComplexity="0" maxCrapScore="0" minCrapScore="0" visitedClasses="0" numClasses="0" visitedMethods="1" numMethods="1" />
              <MetadataToken>100663487</MetadataToken>
              <Name>RevealFactCard::RevealFactCard()</Name>
              <FileRef uid="62" />
              <SequencePoints>
                <SequencePoint vc="1" uspid="4453" ordinal="0" offset="0" sl="11" sc="5" el="11" ec="5" bec="0" bev="0" fileid="62" />
              </SequencePoints>
              <BranchPoints />
            </Method>
          </Methods>
        </Class>
        <Class>
          <Summary numSequencePoints="15" visitedSequencePoints="15" numBranchPoints="0" visitedBranchPoints="0" sequenceCoverage="100.0" branchCoverage="0.0" maxCyclomaticComplexity="0" minCyclomaticComplexity="0" maxCrapScore="0" minCrapScore="0" visitedClasses="1" numClasses="1" visitedMethods="1" numMethods="1" />
          <FullName>Global</FullName>
          <Methods>
            <Method visited="true" cyclomaticComplexity="0" nPathComplexity="0" sequenceCoverage="100.0" branchCoverage="0" crapScore="0" isConstructor="true" isStatic="true" isGetter="false" isSetter="false">
              <Summary numSequencePoints="15" visitedSequencePoints="15" numBranchPoints="0" visitedBranchPoints="0" sequenceCoverage="100.0" branchCoverage="0" maxCyclomaticComplexity="0" minCyclomaticComplexity="0" maxCrapScore="0" minCrapScore="0" visitedClasses="0" numClasses="0" visitedMethods="1" numMethods="1" />
              <MetadataToken>100663510</MetadataToken>
              <Name>static Global::Global()</Name>
              <FileRef uid="64" />
              <SequencePoints>
                <SequencePoint vc="1" uspid="4672" ordinal="0" offset="0" sl="14" sc="5" el="14" ec="5" bec="0" bev="0" fileid="64" />
                <SequencePoint vc="1" uspid="4673" ordinal="0" offset="6" sl="15" sc="5" el="15" ec="5" bec="0" bev="0" fileid="64" />
                <SequencePoint vc="1" uspid="4674" ordinal="0" offset="13" sl="16" sc="5" el="16" ec="5" bec="0" bev="0" fileid="64" />
                <SequencePoint vc="1" uspid="4675" ordinal="0" offset="20" sl="17" sc="5" el="17" ec="5" bec="0" bev="0" fileid="64" />
                <SequencePoint vc="1" uspid="4676" ordinal="0" offset="26" sl="19" sc="5" el="19" ec="5" bec="0" bev="0" fileid="64" />
                <SequencePoint vc="1" uspid="4677" ordinal="0" offset="36" sl="20" sc="5" el="20" ec="5" bec="0" bev="0" fileid="64" />
                <SequencePoint vc="1" uspid="4678" ordinal="0" offset="42" sl="23" sc="5" el="23" ec="5" bec="0" bev="0" fileid="64" />
                <SequencePoint vc="1" uspid="4679" ordinal="0" offset="49" sl="24" sc="5" el="24" ec="5" bec="0" bev="0" fileid="64" />
                <SequencePoint vc="1" uspid="4680" ordinal="0" offset="55" sl="26" sc="5" el="26" ec="5" bec="0" bev="0" fileid="64" />
                <SequencePoint vc="1" uspid="4681" ordinal="0" offset="61" sl="29" sc="5" el="29" ec="5" bec="0" bev="0" fileid="64" />
                <SequencePoint vc="1" uspid="4682" ordinal="0" offset="67" sl="30" sc="5" el="30" ec="5" bec="0" bev="0" fileid="64" />
                <SequencePoint vc="1" uspid="4683" ordinal="0" offset="77" sl="31" sc="5" el="31" ec="5" bec="0" bev="0" fileid="64" />
                <SequencePoint vc="1" uspid="4684" ordinal="0" offset="83" sl="32" sc="5" el="32" ec="5" bec="0" bev="0" fileid="64" />
                <SequencePoint vc="1" uspid="4685" ordinal="0" offset="93" sl="34" sc="5" el="34" ec="5" bec="0" bev="0" fileid="64" />
                <SequencePoint vc="1" uspid="4686" ordinal="0" offset="103" sl="36" sc="5" el="36" ec="5" bec="0" bev="0" fileid="64" />
              </SequencePoints>
              <BranchPoints />
            </Method>
          </Methods>
        </Class>
        <Class>
          <Summary numSequencePoints="57" visitedSequencePoints="40" numBranchPoints="0" visitedBranchPoints="0" sequenceCoverage="70.18" branchCoverage="0.0" maxCyclomaticComplexity="0" minCyclomaticComplexity="0" maxCrapScore="0" minCrapScore="0" visitedClasses="1" numClasses="1" visitedMethods="4" numMethods="4" />
          <FullName>PlayerMovement2D</FullName>
          <Methods>
            <Method visited="true" cyclomaticComplexity="0" nPathComplexity="0" sequenceCoverage="100.0" branchCoverage="0" crapScore="0" isConstructor="false" isStatic="false" isGetter="false" isSetter="false">
              <Summary numSequencePoints="11" visitedSequencePoints="11" numBranchPoints="0" visitedBranchPoints="0" sequenceCoverage="100.0" branchCoverage="0" maxCyclomaticComplexity="0" minCyclomaticComplexity="0" maxCrapScore="0" minCrapScore="0" visitedClasses="0" numClasses="0" visitedMethods="1" numMethods="1" />
              <MetadataToken>100663561</MetadataToken>
              <Name>System.Void PlayerMovement2D::Awake()</Name>
              <FileRef uid="74" />
              <SequencePoints>
                <SequencePoint vc="2" uspid="5186" ordinal="0" offset="0" sl="16" sc="5" el="16" ec="5" bec="0" bev="0" fileid="74" />
                <SequencePoint vc="2" uspid="5187" ordinal="0" offset="1" sl="17" sc="9" el="17" ec="9" bec="0" bev="0" fileid="74" />
                <SequencePoint vc="2" uspid="5188" ordinal="0" offset="13" sl="18" sc="9" el="18" ec="9" bec="0" bev="0" fileid="74" />
                <SequencePoint vc="2" uspid="5189" ordinal="0" offset="25" sl="19" sc="9" el="19" ec="9" bec="0" bev="0" fileid="74" />
                <SequencePoint vc="2" uspid="5190" ordinal="0" offset="37" sl="21" sc="9" el="21" ec="9" bec="0" bev="0" fileid="74" />
                <SequencePoint vc="2" uspid="5191" ordinal="0" offset="53" sl="22" sc="9" el="22" ec="9" bec="0" bev="0" fileid="74" />
                <SequencePoint vc="2" uspid="5192" ordinal="0" offset="54" sl="23" sc="9" el="23" ec="9" bec="0" bev="0" fileid="74" />
                <SequencePoint vc="2" uspid="5193" ordinal="0" offset="71" sl="24" sc="9" el="24" ec="9" bec="0" bev="0" fileid="74" />
                <SequencePoint vc="2" uspid="5194" ordinal="0" offset="83" sl="25" sc="9" el="25" ec="9" bec="0" bev="0" fileid="74" />
                <SequencePoint vc="2" uspid="5195" ordinal="0" offset="95" sl="26" sc="9" el="26" ec="9" bec="0" bev="0" fileid="74" />
                <SequencePoint vc="2" uspid="5196" ordinal="0" offset="96" sl="27" sc="5" el="27" ec="5" bec="0" bev="0" fileid="74" />
              </SequencePoints>
              <BranchPoints />
            </Method>
            <Method visited="true" cyclomaticComplexity="0" nPathComplexity="0" sequenceCoverage="58.54" branchCoverage="0" crapScore="0" isConstructor="false" isStatic="false" isGetter="false" isSetter="false">
              <Summary numSequencePoints="41" visitedSequencePoints="24" numBranchPoints="0" visitedBranchPoints="0" sequenceCoverage="58.54" branchCoverage="0" maxCyclomaticComplexity="0" minCyclomaticComplexity="0" maxCrapScore="0" minCrapScore="0" visitedClasses="0" numClasses="0" visitedMethods="1" numMethods="1" />
              <MetadataToken>100663562</MetadataToken>
              <Name>System.Void PlayerMovement2D::Update()</Name>
              <FileRef uid="74" />
              <SequencePoints>
                <SequencePoint vc="5" uspid="5197" ordinal="0" offset="0" sl="30" sc="5" el="30" ec="5" bec="0" bev="0" fileid="74" />
                <SequencePoint vc="5" uspid="5198" ordinal="0" offset="1" sl="32" sc="9" el="32" ec="9" bec="0" bev="0" fileid="74" />
                <SequencePoint vc="5" uspid="5199" ordinal="0" offset="28" sl="39" sc="9" el="39" ec="9" bec="0" bev="0" fileid="74" />
                <SequencePoint vc="0" uspid="5200" ordinal="0" offset="56" sl="40" sc="13" el="40" ec="13" bec="0" bev="0" fileid="74" />
                <SequencePoint vc="5" uspid="5201" ordinal="0" offset="70" sl="42" sc="13" el="42" ec="13" bec="0" bev="0" fileid="74" />
                <SequencePoint vc="5" uspid="5202" ordinal="0" offset="82" sl="44" sc="9" el="44" ec="9" bec="0" bev="0" fileid="74" />
                <SequencePoint vc="5" uspid="5203" ordinal="0" offset="97" sl="46" sc="9" el="46" ec="9" bec="0" bev="0" fileid="74" />
                <SequencePoint vc="0" uspid="5204" ordinal="0" offset="104" sl="47" sc="9" el="47" ec="9" bec="0" bev="0" fileid="74" />
                <SequencePoint vc="0" uspid="5205" ordinal="0" offset="105" sl="48" sc="13" el="48" ec="13" bec="0" bev="0" fileid="74" />
                <SequencePoint vc="0" uspid="5206" ordinal="0" offset="118" sl="49" sc="13" el="49" ec="13" bec="0" bev="0" fileid="74" />
                <SequencePoint vc="0" uspid="5207" ordinal="0" offset="130" sl="50" sc="9" el="50" ec="9" bec="0" bev="0" fileid="74" />
                <SequencePoint vc="5" uspid="5208" ordinal="0" offset="133" sl="52" sc="9" el="52" ec="9" bec="0" bev="0" fileid="74" />
                <SequencePoint vc="5" uspid="5209" ordinal="0" offset="134" sl="53" sc="13" el="53" ec="13" bec="0" bev="0" fileid="74" />
                <SequencePoint vc="5" uspid="5210" ordinal="0" offset="145" sl="54" sc="9" el="54" ec="9" bec="0" bev="0" fileid="74" />
                <SequencePoint vc="5" uspid="5211" ordinal="0" offset="146" sl="57" sc="9" el="57" ec="9" bec="0" bev="0" fileid="74" />
                <SequencePoint vc="5" uspid="5212" ordinal="0" offset="164" sl="58" sc="5" el="58" ec="5" bec="0" bev="0" fileid="74" />
                <SequencePoint vc="5" uspid="5213" ordinal="0" offset="165" sl="59" sc="9" el="59" ec="9" bec="0" bev="0" fileid="74" />
                <SequencePoint vc="0" uspid="5214" ordinal="0" offset="172" sl="60" sc="9" el="60" ec="9" bec="0" bev="0" fileid="74" />
                <SequencePoint vc="0" uspid="5215" ordinal="0" offset="173" sl="61" sc="13" el="61" ec="13" bec="0" bev="0" fileid="74" />
                <SequencePoint vc="0" uspid="5216" ordinal="0" offset="193" sl="62" sc="13" el="62" ec="13" bec="0" bev="0" fileid="74" />
                <SequencePoint vc="0" uspid="5217" ordinal="0" offset="194" sl="63" sc="17" el="63" ec="17" bec="0" bev="0" fileid="74" />
                <SequencePoint vc="0" uspid="5218" ordinal="0" offset="206" sl="64" sc="17" el="64" ec="17" bec="0" bev="0" fileid="74" />
                <SequencePoint vc="0" uspid="5219" ordinal="0" offset="217" sl="65" sc="13" el="65" ec="13" bec="0" bev="0" fileid="74" />
                <SequencePoint vc="0" uspid="5220" ordinal="0" offset="218" sl="66" sc="9" el="66" ec="9" bec="0" bev="0" fileid="74" />
                <SequencePoint vc="5" uspid="5221" ordinal="0" offset="221" sl="68" sc="9" el="68" ec="9" bec="0" bev="0" fileid="74" />
                <SequencePoint vc="5" uspid="5222" ordinal="0" offset="222" sl="69" sc="13" el="69" ec="13" bec="0" bev="0" fileid="74" />
                <SequencePoint vc="0" uspid="5223" ordinal="0" offset="239" sl="70" sc="13" el="70" ec="13" bec="0" bev="0" fileid="74" />
                <SequencePoint vc="0" uspid="5224" ordinal="0" offset="240" sl="71" sc="17" el="71" ec="17" bec="0" bev="0" fileid="74" />
                <SequencePoint vc="0" uspid="5225" ordinal="0" offset="252" sl="72" sc="17" el="72" ec="17" bec="0" bev="0" fileid="74" />
                <SequencePoint vc="0" uspid="5226" ordinal="0" offset="263" sl="73" sc="13" el="73" ec="13" bec="0" bev="0" fileid="74" />
                <SequencePoint vc="5" uspid="5227" ordinal="0" offset="264" sl="74" sc="9" el="74" ec="9" bec="0" bev="0" fileid="74" />
                <SequencePoint vc="5" uspid="5228" ordinal="0" offset="265" sl="75" sc="1" el="75" ec="1" bec="0" bev="0" fileid="74" />
                <SequencePoint vc="5" uspid="5229" ordinal="0" offset="266" sl="77" sc="9" el="77" ec="9" bec="0" bev="0" fileid="74" />
                <SequencePoint vc="5" uspid="5230" ordinal="0" offset="273" sl="78" sc="9" el="78" ec="9" bec="0" bev="0" fileid="74" />
                <SequencePoint vc="0" uspid="5231" ordinal="0" offset="280" sl="79" sc="13" el="79" ec="13" bec="0" bev="0" fileid="74" />
                <SequencePoint vc="5" uspid="5232" ordinal="0" offset="287" sl="81" sc="9" el="81" ec="9" bec="0" bev="0" fileid="74" />
                <SequencePoint vc="5" uspid="5233" ordinal="0" offset="310" sl="82" sc="9" el="82" ec="9" bec="0" bev="0" fileid="74" />
                <SequencePoint vc="5" uspid="5234" ordinal="0" offset="333" sl="83" sc="9" el="83" ec="9" bec="0" bev="0" fileid="74" />
                <SequencePoint vc="5" uspid="5235" ordinal="0" offset="351" sl="84" sc="9" el="84" ec="9" bec="0" bev="0" fileid="74" />
                <SequencePoint vc="5" uspid="5236" ordinal="0" offset="379" sl="85" sc="9" el="85" ec="9" bec="0" bev="0" fileid="74" />
                <SequencePoint vc="5" uspid="5237" ordinal="0" offset="407" sl="86" sc="5" el="86" ec="5" bec="0" bev="0" fileid="74" />
              </SequencePoints>
              <BranchPoints />
            </Method>
            <Method visited="true" cyclomaticComplexity="0" nPathComplexity="0" sequenceCoverage="100.0" branchCoverage="0" crapScore="0" isConstructor="false" isStatic="false" isGetter="false" isSetter="false">
              <Summary numSequencePoints="3" visitedSequencePoints="3" numBranchPoints="0" visitedBranchPoints="0" sequenceCoverage="100.0" branchCoverage="0" maxCyclomaticComplexity="0" minCyclomaticComplexity="0" maxCrapScore="0" minCrapScore="0" visitedClasses="0" numClasses="0" visitedMethods="1" numMethods="1" />
              <MetadataToken>100663563</MetadataToken>
              <Name>System.Void PlayerMovement2D::FixedUpdate()</Name>
              <FileRef uid="74" />
              <SequencePoints>
                <SequencePoint vc="5" uspid="5238" ordinal="0" offset="0" sl="89" sc="5" el="89" ec="5" bec="0" bev="0" fileid="74" />
                <SequencePoint vc="5" uspid="5239" ordinal="0" offset="1" sl="90" sc="9" el="90" ec="9" bec="0" bev="0" fileid="74" />
                <SequencePoint vc="5" uspid="5240" ordinal="0" offset="56" sl="91" sc="5" el="91" ec="5" bec="0" bev="0" fileid="74" />
              </SequencePoints>
              <BranchPoints />
            </Method>
            <Method visited="true" cyclomaticComplexity="0" nPathComplexity="0" sequenceCoverage="100.0" branchCoverage="0" crapScore="0" isConstructor="true" isStatic="false" isGetter="false" isSetter="false">
              <Summary numSequencePoints="2" visitedSequencePoints="2" numBranchPoints="0" visitedBranchPoints="0" sequenceCoverage="100.0" branchCoverage="0" maxCyclomaticComplexity="0" minCyclomaticComplexity="0" maxCrapScore="0" minCrapScore="0" visitedClasses="0" numClasses="0" visitedMethods="1" numMethods="1" />
              <MetadataToken>100663564</MetadataToken>
              <Name>PlayerMovement2D::PlayerMovement2D()</Name>
              <FileRef uid="74" />
              <SequencePoints>
                <SequencePoint vc="3" uspid="5241" ordinal="0" offset="0" sl="5" sc="5" el="5" ec="5" bec="0" bev="0" fileid="74" />
                <SequencePoint vc="3" uspid="5242" ordinal="0" offset="11" sl="11" sc="5" el="11" ec="5" bec="0" bev="0" fileid="74" />
              </SequencePoints>
              <BranchPoints />
            </Method>
          </Methods>
        </Class>
        <Class>
          <Summary numSequencePoints="10" visitedSequencePoints="5" numBranchPoints="0" visitedBranchPoints="0" sequenceCoverage="50.00" branchCoverage="0.0" maxCyclomaticComplexity="0" minCyclomaticComplexity="0" maxCrapScore="0" minCrapScore="0" visitedClasses="1" numClasses="1" visitedMethods="1" numMethods="1" />
          <FullName>WinSceneController</FullName>
          <Methods>
            <Method visited="true" cyclomaticComplexity="0" nPathComplexity="0" sequenceCoverage="50.00" branchCoverage="0" crapScore="0" isConstructor="false" isStatic="true" isGetter="false" isSetter="false">
              <Summary numSequencePoints="10" visitedSequencePoints="5" numBranchPoints="0" visitedBranchPoints="0" sequenceCoverage="50.00" branchCoverage="0" maxCyclomaticComplexity="0" minCyclomaticComplexity="0" maxCrapScore="0" minCrapScore="0" visitedClasses="0" numClasses="0" visitedMethods="1" numMethods="1" />
              <MetadataToken>100663631</MetadataToken>
              <Name>static System.Void WinSceneController::EnsureController()</Name>
              <FileRef uid="88" />
              <SequencePoints>
                <SequencePoint vc="1" uspid="5883" ordinal="0" offset="0" sl="12" sc="5" el="12" ec="5" bec="0" bev="0" fileid="88" />
                <SequencePoint vc="1" uspid="5884" ordinal="0" offset="1" sl="13" sc="9" el="13" ec="9" bec="0" bev="0" fileid="88" />
                <SequencePoint vc="1" uspid="5885" ordinal="0" offset="28" sl="14" sc="9" el="14" ec="9" bec="0" bev="0" fileid="88" />
                <SequencePoint vc="1" uspid="5886" ordinal="0" offset="29" sl="15" sc="13" el="15" ec="13" bec="0" bev="0" fileid="88" />
                <SequencePoint vc="0" uspid="5887" ordinal="0" offset="31" sl="18" sc="9" el="18" ec="9" bec="0" bev="0" fileid="88" />
                <SequencePoint vc="0" uspid="5888" ordinal="0" offset="46" sl="19" sc="9" el="19" ec="9" bec="0" bev="0" fileid="88" />
                <SequencePoint vc="0" uspid="5889" ordinal="0" offset="47" sl="20" sc="13" el="20" ec="13" bec="0" bev="0" fileid="88" />
                <SequencePoint vc="0" uspid="5890" ordinal="0" offset="49" sl="23" sc="9" el="23" ec="9" bec="0" bev="0" fileid="88" />
                <SequencePoint vc="0" uspid="5891" ordinal="0" offset="60" sl="24" sc="9" el="24" ec="9" bec="0" bev="0" fileid="88" />
                <SequencePoint vc="1" uspid="5892" ordinal="0" offset="67" sl="25" sc="5" el="25" ec="5" bec="0" bev="0" fileid="88" />
              </SequencePoints>
              <BranchPoints />
            </Method>
          </Methods>
        </Class>
        <Class>
          <Summary numSequencePoints="1" visitedSequencePoints="1" numBranchPoints="0" visitedBranchPoints="0" sequenceCoverage="100.0" branchCoverage="0.0" maxCyclomaticComplexity="0" minCyclomaticComplexity="0" maxCrapScore="0" minCrapScore="0" visitedClasses="1" numClasses="1" visitedMethods="1" numMethods="1" />
          <FullName>CargoMinigameController/&lt;&gt;c</FullName>
          <Methods>
            <Method visited="true" cyclomaticComplexity="0" nPathComplexity="0" sequenceCoverage="100.0" branchCoverage="0" crapScore="0" isConstructor="false" isStatic="false" isGetter="false" isSetter="false">
              <Summary numSequencePoints="1" visitedSequencePoints="1" numBranchPoints="0" visitedBranchPoints="0" sequenceCoverage="100.0" branchCoverage="0" maxCyclomaticComplexity="0" minCyclomaticComplexity="0" maxCrapScore="0" minCrapScore="0" visitedClasses="0" numClasses="0" visitedMethods="1" numMethods="1" />
              <MetadataToken>100663640</MetadataToken>
              <Name>System.Boolean CargoMinigameController/&lt;&gt;c::&lt;Update&gt;b__8_0(UnityEngine.GameObject)</Name>
              <FileRef uid="39" />
              <SequencePoints>
                <SequencePoint vc="4" uspid="5981" ordinal="0" offset="0" sl="53" sc="46" el="53" ec="46" bec="0" bev="0" fileid="39" />
              </SequencePoints>
              <BranchPoints />
            </Method>
          </Methods>
        </Class>
      </Classes>
    </Module>
    <Module>
      <Summary numSequencePoints="30" visitedSequencePoints="30" numBranchPoints="0" visitedBranchPoints="0" sequenceCoverage="100.0" branchCoverage="0.0" maxCyclomaticComplexity="0" minCyclomaticComplexity="0" maxCrapScore="0" minCrapScore="0" visitedClasses="4" numClasses="4" visitedMethods="9" numMethods="9" />
      <ModuleTime>0001-01-01T00:00:00</ModuleTime>
      <ModuleName>PlayModeTests</ModuleName>
      <Files>
        <File uid="89" fullPath="C:/Users/wolfi/source/repos/CS-26-14/Assets/Tests/PlayModeTests/CargoRoomPlayTest.cs" />
        <File uid="90" fullPath="C:/Users/wolfi/source/repos/CS-26-14/Assets/Tests/PlayModeTests/Mocks/MockGlobal.cs" />
        <File uid="91" fullPath="C:/Users/wolfi/source/repos/CS-26-14/Assets/Tests/PlayModeTests/ControlRoomPlayTests.cs" />
        <File uid="92" fullPath="C:/Users/wolfi/source/repos/CS-26-14/Assets/Tests/PlayModeTests/LabRoomPlayTests.cs" />
      </Files>
      <Classes>
        <Class>
          <Summary numSequencePoints="8" visitedSequencePoints="8" numBranchPoints="0" visitedBranchPoints="0" sequenceCoverage="100.0" branchCoverage="0.0" maxCyclomaticComplexity="0" minCyclomaticComplexity="0" maxCrapScore="0" minCrapScore="0" visitedClasses="1" numClasses="1" visitedMethods="2" numMethods="2" />
          <FullName>CargoRoomPlayTest</FullName>
          <Methods>
            <Method visited="true" cyclomaticComplexity="0" nPathComplexity="0" sequenceCoverage="100.0" branchCoverage="0" crapScore="0" isConstructor="false" isStatic="false" isGetter="false" isSetter="false">
              <Summary numSequencePoints="5" visitedSequencePoints="5" numBranchPoints="0" visitedBranchPoints="0" sequenceCoverage="100.0" branchCoverage="0" maxCyclomaticComplexity="0" minCyclomaticComplexity="0" maxCrapScore="0" minCrapScore="0" visitedClasses="0" numClasses="0" visitedMethods="1" numMethods="1" />
              <MetadataToken>100663297</MetadataToken>
              <Name>System.Void CargoRoomPlayTest::SetUp()</Name>
              <FileRef uid="89" />
              <SequencePoints>
                <SequencePoint vc="2" uspid="6050" ordinal="0" offset="0" sl="18" sc="5" el="18" ec="5" bec="0" bev="0" fileid="89" />
                <SequencePoint vc="2" uspid="6051" ordinal="0" offset="1" sl="19" sc="9" el="19" ec="9" bec="0" bev="0" fileid="89" />
                <SequencePoint vc="2" uspid="6052" ordinal="0" offset="17" sl="20" sc="9" el="20" ec="9" bec="0" bev="0" fileid="89" />
                <SequencePoint vc="2" uspid="6053" ordinal="0" offset="34" sl="22" sc="9" el="22" ec="9" bec="0" bev="0" fileid="89" />
                <SequencePoint vc="2" uspid="6054" ordinal="0" offset="81" sl="29" sc="5" el="29" ec="5" bec="0" bev="0" fileid="89" />
              </SequencePoints>
              <BranchPoints />
            </Method>
            <Method visited="true" cyclomaticComplexity="0" nPathComplexity="0" sequenceCoverage="100.0" branchCoverage="0" crapScore="0" isConstructor="false" isStatic="false" isGetter="false" isSetter="false">
              <Summary numSequencePoints="3" visitedSequencePoints="3" numBranchPoints="0" visitedBranchPoints="0" sequenceCoverage="100.0" branchCoverage="0" maxCyclomaticComplexity="0" minCyclomaticComplexity="0" maxCrapScore="0" minCrapScore="0" visitedClasses="0" numClasses="0" visitedMethods="1" numMethods="1" />
              <MetadataToken>100663300</MetadataToken>
              <Name>System.Void CargoRoomPlayTest::TearDown()</Name>
              <FileRef uid="89" />
              <SequencePoints>
                <SequencePoint vc="2" uspid="6055" ordinal="0" offset="0" sl="93" sc="5" el="93" ec="5" bec="0" bev="0" fileid="89" />
                <SequencePoint vc="2" uspid="6056" ordinal="0" offset="1" sl="94" sc="9" el="94" ec="9" bec="0" bev="0" fileid="89" />
                <SequencePoint vc="2" uspid="6057" ordinal="0" offset="13" sl="95" sc="5" el="95" ec="5" bec="0" bev="0" fileid="89" />
              </SequencePoints>
              <BranchPoints />
            </Method>
          </Methods>
        </Class>
        <Class>
          <Summary numSequencePoints="7" visitedSequencePoints="7" numBranchPoints="0" visitedBranchPoints="0" sequenceCoverage="100.0" branchCoverage="0.0" maxCyclomaticComplexity="0" minCyclomaticComplexity="0" maxCrapScore="0" minCrapScore="0" visitedClasses="1" numClasses="1" visitedMethods="5" numMethods="5" />
          <FullName>PlayModeTests.Mocks.MockGlobal</FullName>
          <Methods>
            <Method visited="true" cyclomaticComplexity="0" nPathComplexity="0" sequenceCoverage="100.0" branchCoverage="0" crapScore="0" isConstructor="false" isStatic="false" isGetter="false" isSetter="true">
              <Summary numSequencePoints="1" visitedSequencePoints="1" numBranchPoints="0" visitedBranchPoints="0" sequenceCoverage="100.0" branchCoverage="0" maxCyclomaticComplexity="0" minCyclomaticComplexity="0" maxCrapScore="0" minCrapScore="0" visitedClasses="0" numClasses="0" visitedMethods="1" numMethods="1" />
              <MetadataToken>100663309</MetadataToken>
              <Name>System.Void PlayModeTests.Mocks.MockGlobal::set_Round(System.Int32)</Name>
              <FileRef uid="90" />
              <SequencePoints>
                <SequencePoint vc="2" uspid="6059" ordinal="0" offset="0" sl="5" sc="33" el="5" ec="33" bec="0" bev="0" fileid="90" />
              </SequencePoints>
              <BranchPoints />
            </Method>
            <Method visited="true" cyclomaticComplexity="0" nPathComplexity="0" sequenceCoverage="100.0" branchCoverage="0" crapScore="0" isConstructor="false" isStatic="false" isGetter="false" isSetter="true">
              <Summary numSequencePoints="1" visitedSequencePoints="1" numBranchPoints="0" visitedBranchPoints="0" sequenceCoverage="100.0" branchCoverage="0" maxCyclomaticComplexity="0" minCyclomaticComplexity="0" maxCrapScore="0" minCrapScore="0" visitedClasses="0" numClasses="0" visitedMethods="1" numMethods="1" />
              <MetadataToken>100663311</MetadataToken>
              <Name>System.Void PlayModeTests.Mocks.MockGlobal::set_TotalScore(System.Int32)</Name>
              <FileRef uid="90" />
              <SequencePoints>
                <SequencePoint vc="2" uspid="6061" ordinal="0" offset="0" sl="6" sc="38" el="6" ec="38" bec="0" bev="0" fileid="90" />
              </SequencePoints>
              <BranchPoints />
            </Method>
            <Method visited="true" cyclomaticComplexity="0" nPathComplexity="0" sequenceCoverage="100.0" branchCoverage="0" crapScore="0" isConstructor="false" isStatic="false" isGetter="false" isSetter="true">
              <Summary numSequencePoints="1" visitedSequencePoints="1" numBranchPoints="0" visitedBranchPoints="0" sequenceCoverage="100.0" branchCoverage="0" maxCyclomaticComplexity="0" minCyclomaticComplexity="0" maxCrapScore="0" minCrapScore="0" visitedClasses="0" numClasses="0" visitedMethods="1" numMethods="1" />
              <MetadataToken>100663313</MetadataToken>
              <Name>System.Void PlayModeTests.Mocks.MockGlobal::set_CurrentRoom(System.String)</Name>
              <FileRef uid="90" />
              <SequencePoints>
                <SequencePoint vc="2" uspid="6063" ordinal="0" offset="0" sl="7" sc="42" el="7" ec="42" bec="0" bev="0" fileid="90" />
              </SequencePoints>
              <BranchPoints />
            </Method>
            <Method visited="true" cyclomaticComplexity="0" nPathComplexity="0" sequenceCoverage="100.0" branchCoverage="0" crapScore="0" isConstructor="false" isStatic="false" isGetter="false" isSetter="true">
              <Summary numSequencePoints="1" visitedSequencePoints="1" numBranchPoints="0" visitedBranchPoints="0" sequenceCoverage="100.0" branchCoverage="0" maxCyclomaticComplexity="0" minCyclomaticComplexity="0" maxCrapScore="0" minCrapScore="0" visitedClasses="0" numClasses="0" visitedMethods="1" numMethods="1" />
              <MetadataToken>100663315</MetadataToken>
              <Name>System.Void PlayModeTests.Mocks.MockGlobal::set_CurrentRoomCompleted(System.Boolean)</Name>
              <FileRef uid="90" />
              <SequencePoints>
                <SequencePoint vc="2" uspid="6065" ordinal="0" offset="0" sl="8" sc="49" el="8" ec="49" bec="0" bev="0" fileid="90" />
              </SequencePoints>
              <BranchPoints />
            </Method>
            <Method visited="true" cyclomaticComplexity="0" nPathComplexity="0" sequenceCoverage="100.0" branchCoverage="0" crapScore="0" isConstructor="true" isStatic="false" isGetter="false" isSetter="false">
              <Summary numSequencePoints="3" visitedSequencePoints="3" numBranchPoints="0" visitedBranchPoints="0" sequenceCoverage="100.0" branchCoverage="0" maxCyclomaticComplexity="0" minCyclomaticComplexity="0" maxCrapScore="0" minCrapScore="0" visitedClasses="0" numClasses="0" visitedMethods="1" numMethods="1" />
              <MetadataToken>100663316</MetadataToken>
              <Name>PlayModeTests.Mocks.MockGlobal::MockGlobal()</Name>
              <FileRef uid="90" />
              <SequencePoints>
                <SequencePoint vc="2" uspid="6066" ordinal="0" offset="0" sl="6" sc="47" el="6" ec="47" bec="0" bev="0" fileid="90" />
                <SequencePoint vc="2" uspid="6067" ordinal="0" offset="7" sl="7" sc="51" el="7" ec="51" bec="0" bev="0" fileid="90" />
                <SequencePoint vc="2" uspid="6068" ordinal="0" offset="18" sl="8" sc="58" el="8" ec="58" bec="0" bev="0" fileid="90" />
              </SequencePoints>
              <BranchPoints />
            </Method>
          </Methods>
        </Class>
        <Class>
          <Summary numSequencePoints="7" visitedSequencePoints="7" numBranchPoints="0" visitedBranchPoints="0" sequenceCoverage="100.0" branchCoverage="0.0" maxCyclomaticComplexity="0" minCyclomaticComplexity="0" maxCrapScore="0" minCrapScore="0" visitedClasses="1" numClasses="1" visitedMethods="1" numMethods="1" />
          <FullName>CargoRoomPlayTest/&lt;StartMethod_ReturnLogError&gt;d__4</FullName>
          <Methods>
            <Method visited="true" cyclomaticComplexity="0" nPathComplexity="0" sequenceCoverage="100.0" branchCoverage="0" crapScore="0" isConstructor="false" isStatic="false" isGetter="false" isSetter="false">
              <Summary numSequencePoints="7" visitedSequencePoints="7" numBranchPoints="0" visitedBranchPoints="0" sequenceCoverage="100.0" branchCoverage="0" maxCyclomaticComplexity="0" minCyclomaticComplexity="0" maxCrapScore="0" minCrapScore="0" visitedClasses="0" numClasses="0" visitedMethods="1" numMethods="1" />
              <MetadataToken>100663319</MetadataToken>
              <Name>System.Boolean CargoRoomPlayTest/&lt;StartMethod_ReturnLogError&gt;d__4::MoveNext()</Name>
              <FileRef uid="89" />
              <SequencePoints>
                <SequencePoint vc="1" uspid="6069" ordinal="0" offset="31" sl="34" sc="5" el="34" ec="5" bec="0" bev="0" fileid="89" />
                <SequencePoint vc="1" uspid="6070" ordinal="0" offset="32" sl="36" sc="9" el="36" ec="9" bec="0" bev="0" fileid="89" />
                <SequencePoint vc="1" uspid="6071" ordinal="0" offset="48" sl="37" sc="9" el="37" ec="9" bec="0" bev="0" fileid="89" />
                <SequencePoint vc="1" uspid="6072" ordinal="0" offset="65" sl="38" sc="9" el="38" ec="9" bec="0" bev="0" fileid="89" />
                <SequencePoint vc="1" uspid="6073" ordinal="0" offset="77" sl="41" sc="9" el="41" ec="9" bec="0" bev="0" fileid="89" />
                <SequencePoint vc="1" uspid="6074" ordinal="0" offset="100" sl="45" sc="9" el="45" ec="9" bec="0" bev="0" fileid="89" />
                <SequencePoint vc="1" uspid="6075" ordinal="0" offset="112" sl="46" sc="5" el="46" ec="5" bec="0" bev="0" fileid="89" />
              </SequencePoints>
              <BranchPoints />
            </Method>
          </Methods>
        </Class>
        <Class>
          <Summary numSequencePoints="8" visitedSequencePoints="8" numBranchPoints="0" visitedBranchPoints="0" sequenceCoverage="100.0" branchCoverage="0.0" maxCyclomaticComplexity="0" minCyclomaticComplexity="0" maxCrapScore="0" minCrapScore="0" visitedClasses="1" numClasses="1" visitedMethods="1" numMethods="1" />
          <FullName>CargoRoomPlayTest/&lt;StartMinigame_LoadsCargoMinigameScene&gt;d__5</FullName>
          <Methods>
            <Method visited="true" cyclomaticComplexity="0" nPathComplexity="0" sequenceCoverage="100.0" branchCoverage="0" crapScore="0" isConstructor="false" isStatic="false" isGetter="false" isSetter="false">
              <Summary numSequencePoints="8" visitedSequencePoints="8" numBranchPoints="0" visitedBranchPoints="0" sequenceCoverage="100.0" branchCoverage="0" maxCyclomaticComplexity="0" minCyclomaticComplexity="0" maxCrapScore="0" minCrapScore="0" visitedClasses="0" numClasses="0" visitedMethods="1" numMethods="1" />
              <MetadataToken>100663325</MetadataToken>
              <Name>System.Boolean CargoRoomPlayTest/&lt;StartMinigame_LoadsCargoMinigameScene&gt;d__5::MoveNext()</Name>
              <FileRef uid="89" />
              <SequencePoints>
                <SequencePoint vc="1" uspid="6076" ordinal="0" offset="31" sl="50" sc="5" el="50" ec="5" bec="0" bev="0" fileid="89" />
                <SequencePoint vc="1" uspid="6077" ordinal="0" offset="32" sl="52" sc="9" el="52" ec="9" bec="0" bev="0" fileid="89" />
                <SequencePoint vc="1" uspid="6078" ordinal="0" offset="48" sl="53" sc="9" el="53" ec="9" bec="0" bev="0" fileid="89" />
                <SequencePoint vc="1" uspid="6079" ordinal="0" offset="65" sl="55" sc="9" el="55" ec="9" bec="0" bev="0" fileid="89" />
                <SequencePoint vc="1" uspid="6080" ordinal="0" offset="77" sl="56" sc="9" el="56" ec="9" bec="0" bev="0" fileid="89" />
                <SequencePoint vc="1" uspid="6081" ordinal="0" offset="100" sl="58" sc="9" el="58" ec="9" bec="0" bev="0" fileid="89" />
                <SequencePoint vc="1" uspid="6082" ordinal="0" offset="157" sl="60" sc="9" el="60" ec="9" bec="0" bev="0" fileid="89" />
                <SequencePoint vc="1" uspid="6083" ordinal="0" offset="169" sl="61" sc="5" el="61" ec="5" bec="0" bev="0" fileid="89" />
              </SequencePoints>
              <BranchPoints />
            </Method>
          </Methods>
        </Class>
      </Classes>
    </Module>
  </Modules>
</CoverageSession>