<?xml version="1.0" encoding="utf-8"?>
<CoverageSession xmlns:xsd="http://www.w3.org/2001/XMLSchema" xmlns:xsi="http://www.w3.org/2001/XMLSchema-instance" Version="0.0.0.0">
  <Summary numSequencePoints="7" visitedSequencePoints="0" numBranchPoints="0" visitedBranchPoints="0" sequenceCoverage="0.0" branchCoverage="0.0" maxCyclomaticComplexity="0" minCyclomaticComplexity="0" maxCrapScore="0" minCrapScore="0" visitedClasses="0" numClasses="1" visitedMethods="0" numMethods="1" />
  <Modules>
    <Module>
      <Summary numSequencePoints="7" visitedSequencePoints="0" numBranchPoints="0" visitedBranchPoints="0" sequenceCoverage="0.0" branchCoverage="0.0" maxCyclomaticComplexity="0" minCyclomaticComplexity="0" maxCrapScore="0" minCrapScore="0" visitedClasses="0" numClasses="1" visitedMethods="0" numMethods="1" />
      <ModuleTime>0001-01-01T00:00:00</ModuleTime>
      <ModuleName>GameScripts</ModuleName>
      <Files>
        <File uid="37" fullPath="C:/Users/wolfi/source/repos/CS-26-14/Assets/Scripts/CargoRoomScripts/BoxTrigger.cs" />
        <File uid="38" fullPath="C:/Users/wolfi/source/repos/CS-26-14/Assets/Scripts/CargoRoomScripts/CargoBox.cs" />
        <File uid="39" fullPath="C:/Users/wolfi/source/repos/CS-26-14/Assets/Scripts/CargoRoomScripts/CargoMinigameController.cs" />
        <File uid="40" fullPath="C:/Users/wolfi/source/repos/CS-26-14/Assets/Scripts/CargoRoomScripts/CargoRoomController.cs" />
        <File uid="41" fullPath="C:/Users/wolfi/source/repos/CS-26-14/Assets/Scripts/CargoRoomScripts/ExitMinigame.cs" />
        <File uid="42" fullPath="C:/Users/wolfi/source/repos/CS-26-14/Assets/Scripts/CargoRoomScripts/RestarterScript.cs" />
        <File uid="43" fullPath="C:/Users/wolfi/source/repos/CS-26-14/Assets/Scripts/CargoRoomScripts/Target.cs" />
        <File uid="44" fullPath="C:/Users/wolfi/source/repos/CS-26-14/Assets/Scripts/ChangeScene.cs" />
        <File uid="45" fullPath="C:/Users/wolfi/source/repos/CS-26-14/Assets/Scripts/ComputerPopup.cs" />
        <File uid="46" fullPath="C:/Users/wolfi/source/repos/CS-26-14/Assets/Scripts/ComputerUIController.cs" />
        <File uid="47" fullPath="C:/Users/wolfi/source/repos/CS-26-14/Assets/Scripts/ControlRoomScripts/ControlsMinigameBootstrap.cs" />
        <File uid="48" fullPath="C:/Users/wolfi/source/repos/CS-26-14/Assets/Scripts/ControlRoomScripts/ControlsMinigameController.cs" />
        <File uid="49" fullPath="C:/Users/wolfi/source/repos/CS-26-14/Assets/Scripts/ControlRoomScripts/ControlsTargetGenerator.cs" />
        <File uid="50" fullPath="C:/Users/wolfi/source/repos/CS-26-14/Assets/Scripts/ControlRoomScripts/ControlsTrigger.cs" />
        <File uid="51" fullPath="C:/Users/wolfi/source/repos/CS-26-14/Assets/Scripts/ControlRoomScripts/CorrectionWindowVisual.cs" />
        <File uid="52" fullPath="C:/Users/wolfi/source/repos/CS-26-14/Assets/Scripts/ControlRoomScripts/HeadingVisual.cs" />
        <File uid="53" fullPath="C:/Users/wolfi/source/repos/CS-26-14/Assets/Scripts/ControlRoomScripts/MiniGameResultsPopup.cs" />
        <File uid="54" fullPath="C:/Users/wolfi/source/repos/CS-26-14/Assets/Scripts/ControlRoomScripts/ShipView.cs" />
        <File uid="55" fullPath="C:/Users/wolfi/source/repos/CS-26-14/Assets/Scripts/ControlRoomScripts/ThrustVisual.cs" />
        <File uid="56" fullPath="C:/Users/wolfi/source/repos/CS-26-14/Assets/Scripts/CurrentMinigameText.cs" />
        <File uid="57" fullPath="C:/Users/wolfi/source/repos/CS-26-14/Assets/Scripts/DDOL.cs" />
        <File uid="58" fullPath="C:/Users/wolfi/source/repos/CS-26-14/Assets/Scripts/FactCardsPopup.cs" />
        <File uid="59" fullPath="C:/Users/wolfi/source/repos/CS-26-14/Assets/Scripts/FactManagerScripts/FactCardsPopupUI.cs" />
        <File uid="60" fullPath="C:/Users/wolfi/source/repos/CS-26-14/Assets/Scripts/FactManagerScripts/FactSystem.cs" />
        <File uid="61" fullPath="C:/Users/wolfi/source/repos/CS-26-14/Assets/Scripts/FactManagerScripts/NasaFactManager.cs" />
        <File uid="62" fullPath="C:/Users/wolfi/source/repos/CS-26-14/Assets/Scripts/FactManagerScripts/RevealFactCard.cs" />
        <File uid="63" fullPath="C:/Users/wolfi/source/repos/CS-26-14/Assets/Scripts/GameSceneSetup.cs" />
        <File uid="64" fullPath="C:/Users/wolfi/source/repos/CS-26-14/Assets/Scripts/Global.cs" />
        <File uid="65" fullPath="C:/Users/wolfi/source/repos/CS-26-14/Assets/Scripts/HallwayChangeScene.cs" />
        <File uid="66" fullPath="C:/Users/wolfi/source/repos/CS-26-14/Assets/Scripts/InteractableAssetControl.cs" />
        <File uid="67" fullPath="C:/Users/wolfi/source/repos/CS-26-14/Assets/Scripts/LabRoomScripts/BroomPickup.cs" />
        <File uid="68" fullPath="C:/Users/wolfi/source/repos/CS-26-14/Assets/Scripts/LabRoomScripts/ExitLabMinigame.cs" />
        <File uid="69" fullPath="C:/Users/wolfi/source/repos/CS-26-14/Assets/Scripts/LabRoomScripts/LabBoxTrigger.cs" />
        <File uid="70" fullPath="C:/Users/wolfi/source/repos/CS-26-14/Assets/Scripts/LabRoomScripts/MinigameUnstick.cs" />
        <File uid="71" fullPath="C:/Users/wolfi/source/repos/CS-26-14/Assets/Scripts/LabRoomScripts/SpillClean.cs" />
        <File uid="72" fullPath="C:/Users/wolfi/source/repos/CS-26-14/Assets/Scripts/LabRoomScripts/SpillManager.cs" />
        <File uid="73" fullPath="C:/Users/wolfi/source/repos/CS-26-14/Assets/Scripts/LabRoomScripts/SpillPopupController.cs" />
        <File uid="74" fullPath="C:/Users/wolfi/source/repos/CS-26-14/Assets/Scripts/PlayerMovement2D.cs" />
        <File uid="75" fullPath="C:/Users/wolfi/source/repos/CS-26-14/Assets/Scripts/PowerRoomScripts/ExitPowerMinigame.cs" />
        <File uid="76" fullPath="C:/Users/wolfi/source/repos/CS-26-14/Assets/Scripts/PowerRoomScripts/GeneratorTrigger.cs" />
        <File uid="77" fullPath="C:/Users/wolfi/source/repos/CS-26-14/Assets/Scripts/PowerRoomScripts/PowerCell.cs" />
        <File uid="78" fullPath="C:/Users/wolfi/source/repos/CS-26-14/Assets/Scripts/PowerRoomScripts/PowerGameManager.cs" />
        <File uid="79" fullPath="C:/Users/wolfi/source/repos/CS-26-14/Assets/Scripts/PowerRoomScripts/RoomContextPopup.cs" />
        <File uid="80" fullPath="C:/Users/wolfi/source/repos/CS-26-14/Assets/Scripts/ProgressBarUpdater.cs" />
        <File uid="81" fullPath="C:/Users/wolfi/source/repos/CS-26-14/Assets/Scripts/RepairCollisionMinigameScripts/RepairCollisionController.cs" />
        <File uid="82" fullPath="C:/Users/wolfi/source/repos/CS-26-14/Assets/Scripts/RepairCollisionMinigameScripts/WeldGunScript.cs" />
        <File uid="83" fullPath="C:/Users/wolfi/source/repos/CS-26-14/Assets/Scripts/RepairCollisionMinigameScripts/WeldHandler.cs" />
        <File uid="84" fullPath="C:/Users/wolfi/source/repos/CS-26-14/Assets/Scripts/RepairCollisionMinigameTrigger.cs" />
        <File uid="85" fullPath="C:/Users/wolfi/source/repos/CS-26-14/Assets/Scripts/SoundManagers/SoundFXManager.cs" />
        <File uid="86" fullPath="C:/Users/wolfi/source/repos/CS-26-14/Assets/Scripts/SoundManagers/SoundMixerManager.cs" />
        <File uid="87" fullPath="C:/Users/wolfi/source/repos/CS-26-14/Assets/Scripts/SpawnPointFinder.cs" />
        <File uid="88" fullPath="C:/Users/wolfi/source/repos/CS-26-14/Assets/Scripts/WinSceneController.cs" />
      </Files>
      <Classes>
        <Class>
          <Summary numSequencePoints="7" visitedSequencePoints="0" numBranchPoints="0" visitedBranchPoints="0" sequenceCoverage="0.0" branchCoverage="0.0" maxCyclomaticComplexity="0" minCyclomaticComplexity="0" maxCrapScore="0" minCrapScore="0" visitedClasses="0" numClasses="1" visitedMethods="0" numMethods="1" />
          <FullName>ControlsMinigameBootstrap</FullName>
          <Methods>
            <Method visited="false" cyclomaticComplexity="0" nPathComplexity="0" sequenceCoverage="0.0" branchCoverage="0" crapScore="0" isConstructor="false" isStatic="false" isGetter="false" isSetter="false">
              <Summary numSequencePoints="7" visitedSequencePoints="0" numBranchPoints="0" visitedBranchPoints="0" sequenceCoverage="0.0" branchCoverage="0" maxCyclomaticComplexity="0" minCyclomaticComplexity="0" maxCrapScore="0" minCrapScore="0" visitedClasses="0" numClasses="0" visitedMethods="0" numMethods="1" />
              <MetadataToken>100663368</MetadataToken>
              <Name>T ControlsMinigameBootstrap::GetOrAddComponent[T]()</Name>
              <FileRef uid="47" />
              <SequencePoints>
                <SequencePoint vc="0" uspid="9248" ordinal="0" offset="0" sl="416" sc="0" el="416" ec="0" bec="0" bev="0" fileid="47" />
                <SequencePoint vc="0" uspid="9249" ordinal="0" offset="1" sl="417" sc="0" el="417" ec="0" bec="0" bev="0" fileid="47" />
                <SequencePoint vc="0" uspid="9250" ordinal="0" offset="8" sl="418" sc="0" el="418" ec="0" bec="0" bev="0" fileid="47" />
                <SequencePoint vc="0" uspid="9251" ordinal="0" offset="24" sl="419" sc="0" el="419" ec="0" bec="0" bev="0" fileid="47" />
                <SequencePoint vc="0" uspid="9252" ordinal="0" offset="25" sl="420" sc="0" el="420" ec="0" bec="0" bev="0" fileid="47" />
                <SequencePoint vc="0" uspid="9253" ordinal="0" offset="29" sl="423" sc="0" el="423" ec="0" bec="0" bev="0" fileid="47" />
                <SequencePoint vc="0" uspid="9254" ordinal="0" offset="43" sl="424" sc="0" el="424" ec="0" bec="0" bev="0" fileid="47" />
              </SequencePoints>
              <BranchPoints />
            </Method>
          </Methods>
        </Class>
      </Classes>
    </Module>
  </Modules>
</CoverageSession>