<?xml version="1.0" encoding="utf-8"?>
<CoverageSession xmlns:xsd="http://www.w3.org/2001/XMLSchema" xmlns:xsi="http://www.w3.org/2001/XMLSchema-instance" Version="0.0.0.0">
  <Summary numSequencePoints="96" visitedSequencePoints="69" numBranchPoints="0" visitedBranchPoints="0" sequenceCoverage="71.88" branchCoverage="0.0" maxCyclomaticComplexity="0" minCyclomaticComplexity="0" maxCrapScore="0" minCrapScore="0" visitedClasses="5" numClasses="6" visitedMethods="14" numMethods="15" />
  <Modules>
    <Module>
      <Summary numSequencePoints="73" visitedSequencePoints="46" numBranchPoints="0" visitedBranchPoints="0" sequenceCoverage="63.01" branchCoverage="0.0" maxCyclomaticComplexity="0" minCyclomaticComplexity="0" maxCrapScore="0" minCrapScore="0" visitedClasses="2" numClasses="3" visitedMethods="6" numMethods="7" />
      <ModuleTime>0001-01-01T00:00:00</ModuleTime>
      <ModuleName>GameScripts</ModuleName>
      <Files>
        <File uid="37" fullPath="C:/Users/wolfi/source/repos/CS-26-14/Assets/Scripts/CargoRoomScripts/BoxTrigger.cs" />
        <File uid="38" fullPath="C:/Users/wolfi/source/repos/CS-26-14/Assets/Scripts/CargoRoomScripts/CargoBox.cs" />
        <File uid="39" fullPath="C:/Users/wolfi/source/repos/CS-26-14/Assets/Scripts/CargoRoomScripts/CargoMinigameController.cs" />
        <File uid="40" fullPath="C:/Users/wolfi/source/repos/CS-26-14/Assets/Scripts/CargoRoomScripts/CargoRoomController.cs" />
        <File uid="41" fullPath="C:/Users/wolfi/source/repos/CS-26-14/Assets/Scripts/CargoRoomScripts/ExitMinigame.cs" />
        <File uid="42" fullPath="C:/Users/wolfi/source/repos/CS-26-14/Assets/Scripts/CargoRoomScripts/RestarterScript.cs" />
        <File uid="43" fullPath="C:/Users/wolfi/source/repos/CS-26-14/Assets/Scripts/CargoRoomScripts/Target.cs" />
        <File uid="44" fullPath="C:/Users/wolfi/source/repos/CS-26-14/Assets/Scripts/ChangeScene.cs" />
        <File uid="45" fullPath="C:/Users/wolfi/source/repos/CS-26-14/Assets/Scripts/ComputerPopup.cs" />
        <File uid="46" fullPath="C:/Users/wolfi/source/repos/CS-26-14/Assets/Scripts/ComputerUIController.cs" />
        <File uid="47" fullPath="C:/Users/wolfi/source/repos/CS-26-14/Assets/Scripts/ControlRoomScripts/ControlsMinigameBootstrap.cs" />
        <File uid="48" fullPath="C:/Users/wolfi/source/repos/CS-26-14/Assets/Scripts/ControlRoomScripts/ControlsMinigameController.cs" />
        <File uid="49" fullPath="C:/Users/wolfi/source/repos/CS-26-14/Assets/Scripts/ControlRoomScripts/ControlsTargetGenerator.cs" />
        <File uid="50" fullPath="C:/Users/wolfi/source/repos/CS-26-14/Assets/Scripts/ControlRoomScripts/ControlsTrigger.cs" />
        <File uid="51" fullPath="C:/Users/wolfi/source/repos/CS-26-14/Assets/Scripts/ControlRoomScripts/CorrectionWindowVisual.cs" />
        <File uid="52" fullPath="C:/Users/wolfi/source/repos/CS-26-14/Assets/Scripts/ControlRoomScripts/HeadingVisual.cs" />
        <File uid="53" fullPath="C:/Users/wolfi/source/repos/CS-26-14/Assets/Scripts/ControlRoomScripts/MiniGameResultsPopup.cs" />
        <File uid="54" fullPath="C:/Users/wolfi/source/repos/CS-26-14/Assets/Scripts/ControlRoomScripts/ShipView.cs" />
        <File uid="55" fullPath="C:/Users/wolfi/source/repos/CS-26-14/Assets/Scripts/ControlRoomScripts/ThrustVisual.cs" />
        <File uid="56" fullPath="C:/Users/wolfi/source/repos/CS-26-14/Assets/Scripts/CurrentMinigameText.cs" />
        <File uid="57" fullPath="C:/Users/wolfi/source/repos/CS-26-14/Assets/Scripts/DDOL.cs" />
        <File uid="58" fullPath="C:/Users/wolfi/source/repos/CS-26-14/Assets/Scripts/FactCardsPopup.cs" />
        <File uid="59" fullPath="C:/Users/wolfi/source/repos/CS-26-14/Assets/Scripts/FactManagerScripts/FactCardsPopupUI.cs" />
        <File uid="60" fullPath="C:/Users/wolfi/source/repos/CS-26-14/Assets/Scripts/FactManagerScripts/FactSystem.cs" />
        <File uid="61" fullPath="C:/Users/wolfi/source/repos/CS-26-14/Assets/Scripts/FactManagerScripts/NasaFactManager.cs" />
        <File uid="62" fullPath="C:/Users/wolfi/source/repos/CS-26-14/Assets/Scripts/FactManagerScripts/RevealFactCard.cs" />
        <File uid="63" fullPath="C:/Users/wolfi/source/repos/CS-26-14/Assets/Scripts/GameSceneSetup.cs" />
        <File uid="64" fullPath="C:/Users/wolfi/source/repos/CS-26-14/Assets/Scripts/Global.cs" />
        <File uid="65" fullPath="C:/Users/wolfi/source/repos/CS-26-14/Assets/Scripts/HallwayChangeScene.cs" />
        <File uid="66" fullPath="C:/Users/wolfi/source/repos/CS-26-14/Assets/Scripts/InteractableAssetControl.cs" />
        <File uid="67" fullPath="C:/Users/wolfi/source/repos/CS-26-14/Assets/Scripts/LabRoomScripts/BroomPickup.cs" />
        <File uid="68" fullPath="C:/Users/wolfi/source/repos/CS-26-14/Assets/Scripts/LabRoomScripts/ExitLabMinigame.cs" />
        <File uid="69" fullPath="C:/Users/wolfi/source/repos/CS-26-14/Assets/Scripts/LabRoomScripts/LabBoxTrigger.cs" />
        <File uid="70" fullPath="C:/Users/wolfi/source/repos/CS-26-14/Assets/Scripts/LabRoomScripts/MinigameUnstick.cs" />
        <File uid="71" fullPath="C:/Users/wolfi/source/repos/CS-26-14/Assets/Scripts/LabRoomScripts/SpillClean.cs" />
        <File uid="72" fullPath="C:/Users/wolfi/source/repos/CS-26-14/Assets/Scripts/LabRoomScripts/SpillManager.cs" />
        <File uid="73" fullPath="C:/Users/wolfi/source/repos/CS-26-14/Assets/Scripts/LabRoomScripts/SpillPopupController.cs" />
        <File uid="74" fullPath="C:/Users/wolfi/source/repos/CS-26-14/Assets/Scripts/PlayerMovement2D.cs" />
        <File uid="75" fullPath="C:/Users/wolfi/source/repos/CS-26-14/Assets/Scripts/PowerRoomScripts/ExitPowerMinigame.cs" />
        <File uid="76" fullPath="C:/Users/wolfi/source/repos/CS-26-14/Assets/Scripts/PowerRoomScripts/GeneratorTrigger.cs" />
        <File uid="77" fullPath="C:/Users/wolfi/source/repos/CS-26-14/Assets/Scripts/PowerRoomScripts/PowerCell.cs" />
        <File uid="78" fullPath="C:/Users/wolfi/source/repos/CS-26-14/Assets/Scripts/PowerRoomScripts/PowerGameManager.cs" />
        <File uid="79" fullPath="C:/Users/wolfi/source/repos/CS-26-14/Assets/Scripts/PowerRoomScripts/RoomContextPopup.cs" />
        <File uid="80" fullPath="C:/Users/wolfi/source/repos/CS-26-14/Assets/Scripts/ProgressBarUpdater.cs" />
        <File uid="81" fullPath="C:/Users/wolfi/source/repos/CS-26-14/Assets/Scripts/RepairCollisionMinigameScripts/RepairCollisionController.cs" />
        <File uid="82" fullPath="C:/Users/wolfi/source/repos/CS-26-14/Assets/Scripts/RepairCollisionMinigameScripts/WeldGunScript.cs" />
        <File uid="83" fullPath="C:/Users/wolfi/source/repos/CS-26-14/Assets/Scripts/RepairCollisionMinigameScripts/WeldHandler.cs" />
        <File uid="84" fullPath="C:/Users/wolfi/source/repos/CS-26-14/Assets/Scripts/RepairCollisionMinigameTrigger.cs" />
        <File uid="85" fullPath="C:/Users/wolfi/source/repos/CS-26-14/Assets/Scripts/SoundManagers/SoundFXManager.cs" />
        <File uid="86" fullPath="C:/Users/wolfi/source/repos/CS-26-14/Assets/Scripts/SoundManagers/SoundMixerManager.cs" />
        <File uid="87" fullPath="C:/Users/wolfi/source/repos/CS-26-14/Assets/Scripts/SpawnPointFinder.cs" />
        <File uid="88" fullPath="C:/Users/wolfi/source/repos/CS-26-14/Assets/Scripts/WinSceneController.cs" />
      </Files>
      <Classes>
        <Class>
          <Summary numSequencePoints="9" visitedSequencePoints="6" numBranchPoints="0" visitedBranchPoints="0" sequenceCoverage="66.67" branchCoverage="0.0" maxCyclomaticComplexity="0" minCyclomaticComplexity="0" maxCrapScore="0" minCrapScore="0" visitedClasses="1" numClasses="1" visitedMethods="2" numMethods="2" />
          <FullName>CargoRoomController</FullName>
          <Methods>
            <Method visited="true" cyclomaticComplexity="0" nPathComplexity="0" sequenceCoverage="62.50" branchCoverage="0" crapScore="0" isConstructor="false" isStatic="false" isGetter="false" isSetter="false">
              <Summary numSequencePoints="8" visitedSequencePoints="5" numBranchPoints="0" visitedBranchPoints="0" sequenceCoverage="62.50" branchCoverage="0" maxCyclomaticComplexity="0" minCyclomaticComplexity="0" maxCrapScore="0" minCrapScore="0" visitedClasses="0" numClasses="0" visitedMethods="1" numMethods="1" />
              <MetadataToken>100663316</MetadataToken>
              <Name>System.Void CargoRoomController::Start()</Name>
              <FileRef uid="40" />
              <SequencePoints>
                <SequencePoint vc="1" uspid="8653" ordinal="0" offset="0" sl="12" sc="5" el="12" ec="5" bec="0" bev="0" fileid="40" />
                <SequencePoint vc="1" uspid="8654" ordinal="0" offset="1" sl="13" sc="9" el="13" ec="9" bec="0" bev="0" fileid="40" />
                <SequencePoint vc="1" uspid="8655" ordinal="0" offset="17" sl="14" sc="9" el="14" ec="9" bec="0" bev="0" fileid="40" />
                <SequencePoint vc="0" uspid="8656" ordinal="0" offset="33" sl="15" sc="9" el="15" ec="9" bec="0" bev="0" fileid="40" />
                <SequencePoint vc="0" uspid="8657" ordinal="0" offset="34" sl="16" sc="13" el="16" ec="13" bec="0" bev="0" fileid="40" />
                <SequencePoint vc="0" uspid="8658" ordinal="0" offset="45" sl="17" sc="13" el="17" ec="13" bec="0" bev="0" fileid="40" />
                <SequencePoint vc="1" uspid="8659" ordinal="0" offset="47" sl="19" sc="9" el="19" ec="9" bec="0" bev="0" fileid="40" />
                <SequencePoint vc="1" uspid="8660" ordinal="0" offset="65" sl="20" sc="5" el="20" ec="5" bec="0" bev="0" fileid="40" />
              </SequencePoints>
              <BranchPoints />
            </Method>
            <Method visited="true" cyclomaticComplexity="0" nPathComplexity="0" sequenceCoverage="100.0" branchCoverage="0" crapScore="0" isConstructor="true" isStatic="false" isGetter="false" isSetter="false">
              <Summary numSequencePoints="1" visitedSequencePoints="1" numBranchPoints="0" visitedBranchPoints="0" sequenceCoverage="100.0" branchCoverage="0" maxCyclomaticComplexity="0" minCyclomaticComplexity="0" maxCrapScore="0" minCrapScore="0" visitedClasses="0" numClasses="0" visitedMethods="1" numMethods="1" />
              <MetadataToken>100663318</MetadataToken>
              <Name>CargoRoomController::CargoRoomController()</Name>
              <FileRef uid="40" />
              <SequencePoints>
                <SequencePoint vc="1" uspid="8671" ordinal="0" offset="0" sl="8" sc="5" el="8" ec="5" bec="0" bev="0" fileid="40" />
              </SequencePoints>
              <BranchPoints />
            </Method>
          </Methods>
        </Class>
        <Class>
          <Summary numSequencePoints="7" visitedSequencePoints="0" numBranchPoints="0" visitedBranchPoints="0" sequenceCoverage="0.0" branchCoverage="0.0" maxCyclomaticComplexity="0" minCyclomaticComplexity="0" maxCrapScore="0" minCrapScore="0" visitedClasses="0" numClasses="1" visitedMethods="0" numMethods="1" />
          <FullName>ControlsMinigameBootstrap</FullName>
          <Methods>
            <Method visited="false" cyclomaticComplexity="0" nPathComplexity="0" sequenceCoverage="0.0" branchCoverage="0" crapScore="0" isConstructor="false" isStatic="false" isGetter="false" isSetter="false">
              <Summary numSequencePoints="7" visitedSequencePoints="0" numBranchPoints="0" visitedBranchPoints="0" sequenceCoverage="0.0" branchCoverage="0" maxCyclomaticComplexity="0" minCyclomaticComplexity="0" maxCrapScore="0" minCrapScore="0" visitedClasses="0" numClasses="0" visitedMethods="0" numMethods="1" />
              <MetadataToken>100663368</MetadataToken>
              <Name>T ControlsMinigameBootstrap::GetOrAddComponent[T]()</Name>
              <FileRef uid="47" />
              <SequencePoints>
                <SequencePoint vc="0" uspid="9255" ordinal="0" offset="0" sl="416" sc="0" el="416" ec="0" bec="0" bev="0" fileid="47" />
                <SequencePoint vc="0" uspid="9256" ordinal="0" offset="1" sl="417" sc="0" el="417" ec="0" bec="0" bev="0" fileid="47" />
                <SequencePoint vc="0" uspid="9257" ordinal="0" offset="8" sl="418" sc="0" el="418" ec="0" bec="0" bev="0" fileid="47" />
                <SequencePoint vc="0" uspid="9258" ordinal="0" offset="24" sl="419" sc="0" el="419" ec="0" bec="0" bev="0" fileid="47" />
                <SequencePoint vc="0" uspid="9259" ordinal="0" offset="25" sl="420" sc="0" el="420" ec="0" bec="0" bev="0" fileid="47" />
                <SequencePoint vc="0" uspid="9260" ordinal="0" offset="29" sl="423" sc="0" el="423" ec="0" bec="0" bev="0" fileid="47" />
                <SequencePoint vc="0" uspid="9261" ordinal="0" offset="43" sl="424" sc="0" el="424" ec="0" bec="0" bev="0" fileid="47" />
              </SequencePoints>
              <BranchPoints />
            </Method>
          </Methods>
        </Class>
        <Class>
          <Summary numSequencePoints="57" visitedSequencePoints="40" numBranchPoints="0" visitedBranchPoints="0" sequenceCoverage="70.18" branchCoverage="0.0" maxCyclomaticComplexity="0" minCyclomaticComplexity="0" maxCrapScore="0" minCrapScore="0" visitedClasses="1" numClasses="1" visitedMethods="4" numMethods="4" />
          <FullName>PlayerMovement2D</FullName>
          <Methods>
            <Method visited="true" cyclomaticComplexity="0" nPathComplexity="0" sequenceCoverage="100.0" branchCoverage="0" crapScore="0" isConstructor="false" isStatic="false" isGetter="false" isSetter="false">
              <Summary numSequencePoints="11" visitedSequencePoints="11" numBranchPoints="0" visitedBranchPoints="0" sequenceCoverage="100.0" branchCoverage="0" maxCyclomaticComplexity="0" minCyclomaticComplexity="0" maxCrapScore="0" minCrapScore="0" visitedClasses="0" numClasses="0" visitedMethods="1" numMethods="1" />
              <MetadataToken>100663561</MetadataToken>
              <Name>System.Void PlayerMovement2D::Awake()</Name>
              <FileRef uid="74" />
              <SequencePoints>
                <SequencePoint vc="1" uspid="11311" ordinal="0" offset="0" sl="16" sc="5" el="16" ec="5" bec="0" bev="0" fileid="74" />
                <SequencePoint vc="1" uspid="11312" ordinal="0" offset="1" sl="17" sc="9" el="17" ec="9" bec="0" bev="0" fileid="74" />
                <SequencePoint vc="1" uspid="11313" ordinal="0" offset="13" sl="18" sc="9" el="18" ec="9" bec="0" bev="0" fileid="74" />
                <SequencePoint vc="1" uspid="11314" ordinal="0" offset="25" sl="19" sc="9" el="19" ec="9" bec="0" bev="0" fileid="74" />
                <SequencePoint vc="1" uspid="11315" ordinal="0" offset="37" sl="21" sc="9" el="21" ec="9" bec="0" bev="0" fileid="74" />
                <SequencePoint vc="1" uspid="11316" ordinal="0" offset="53" sl="22" sc="9" el="22" ec="9" bec="0" bev="0" fileid="74" />
                <SequencePoint vc="1" uspid="11317" ordinal="0" offset="54" sl="23" sc="9" el="23" ec="9" bec="0" bev="0" fileid="74" />
                <SequencePoint vc="1" uspid="11318" ordinal="0" offset="71" sl="24" sc="9" el="24" ec="9" bec="0" bev="0" fileid="74" />
                <SequencePoint vc="1" uspid="11319" ordinal="0" offset="83" sl="25" sc="9" el="25" ec="9" bec="0" bev="0" fileid="74" />
                <SequencePoint vc="1" uspid="11320" ordinal="0" offset="95" sl="26" sc="9" el="26" ec="9" bec="0" bev="0" fileid="74" />
                <SequencePoint vc="1" uspid="11321" ordinal="0" offset="96" sl="27" sc="5" el="27" ec="5" bec="0" bev="0" fileid="74" />
              </SequencePoints>
              <BranchPoints />
            </Method>
            <Method visited="true" cyclomaticComplexity="0" nPathComplexity="0" sequenceCoverage="58.54" branchCoverage="0" crapScore="0" isConstructor="false" isStatic="false" isGetter="false" isSetter="false">
              <Summary numSequencePoints="41" visitedSequencePoints="24" numBranchPoints="0" visitedBranchPoints="0" sequenceCoverage="58.54" branchCoverage="0" maxCyclomaticComplexity="0" minCyclomaticComplexity="0" maxCrapScore="0" minCrapScore="0" visitedClasses="0" numClasses="0" visitedMethods="1" numMethods="1" />
              <MetadataToken>100663562</MetadataToken>
              <Name>System.Void PlayerMovement2D::Update()</Name>
              <FileRef uid="74" />
              <SequencePoints>
                <SequencePoint vc="3" uspid="11322" ordinal="0" offset="0" sl="30" sc="5" el="30" ec="5" bec="0" bev="0" fileid="74" />
                <SequencePoint vc="3" uspid="11323" ordinal="0" offset="1" sl="32" sc="9" el="32" ec="9" bec="0" bev="0" fileid="74" />
                <SequencePoint vc="3" uspid="11324" ordinal="0" offset="28" sl="39" sc="9" el="39" ec="9" bec="0" bev="0" fileid="74" />
                <SequencePoint vc="0" uspid="11325" ordinal="0" offset="56" sl="40" sc="13" el="40" ec="13" bec="0" bev="0" fileid="74" />
                <SequencePoint vc="3" uspid="11326" ordinal="0" offset="70" sl="42" sc="13" el="42" ec="13" bec="0" bev="0" fileid="74" />
                <SequencePoint vc="3" uspid="11327" ordinal="0" offset="82" sl="44" sc="9" el="44" ec="9" bec="0" bev="0" fileid="74" />
                <SequencePoint vc="3" uspid="11328" ordinal="0" offset="97" sl="46" sc="9" el="46" ec="9" bec="0" bev="0" fileid="74" />
                <SequencePoint vc="0" uspid="11329" ordinal="0" offset="104" sl="47" sc="9" el="47" ec="9" bec="0" bev="0" fileid="74" />
                <SequencePoint vc="0" uspid="11330" ordinal="0" offset="105" sl="48" sc="13" el="48" ec="13" bec="0" bev="0" fileid="74" />
                <SequencePoint vc="0" uspid="11331" ordinal="0" offset="118" sl="49" sc="13" el="49" ec="13" bec="0" bev="0" fileid="74" />
                <SequencePoint vc="0" uspid="11332" ordinal="0" offset="130" sl="50" sc="9" el="50" ec="9" bec="0" bev="0" fileid="74" />
                <SequencePoint vc="3" uspid="11333" ordinal="0" offset="133" sl="52" sc="9" el="52" ec="9" bec="0" bev="0" fileid="74" />
                <SequencePoint vc="3" uspid="11334" ordinal="0" offset="134" sl="53" sc="13" el="53" ec="13" bec="0" bev="0" fileid="74" />
                <SequencePoint vc="3" uspid="11335" ordinal="0" offset="145" sl="54" sc="9" el="54" ec="9" bec="0" bev="0" fileid="74" />
                <SequencePoint vc="3" uspid="11336" ordinal="0" offset="146" sl="57" sc="9" el="57" ec="9" bec="0" bev="0" fileid="74" />
                <SequencePoint vc="3" uspid="11337" ordinal="0" offset="164" sl="58" sc="5" el="58" ec="5" bec="0" bev="0" fileid="74" />
                <SequencePoint vc="3" uspid="11338" ordinal="0" offset="165" sl="59" sc="9" el="59" ec="9" bec="0" bev="0" fileid="74" />
                <SequencePoint vc="0" uspid="11339" ordinal="0" offset="172" sl="60" sc="9" el="60" ec="9" bec="0" bev="0" fileid="74" />
                <SequencePoint vc="0" uspid="11340" ordinal="0" offset="173" sl="61" sc="13" el="61" ec="13" bec="0" bev="0" fileid="74" />
                <SequencePoint vc="0" uspid="11341" ordinal="0" offset="193" sl="62" sc="13" el="62" ec="13" bec="0" bev="0" fileid="74" />
                <SequencePoint vc="0" uspid="11342" ordinal="0" offset="194" sl="63" sc="17" el="63" ec="17" bec="0" bev="0" fileid="74" />
                <SequencePoint vc="0" uspid="11343" ordinal="0" offset="206" sl="64" sc="17" el="64" ec="17" bec="0" bev="0" fileid="74" />
                <SequencePoint vc="0" uspid="11344" ordinal="0" offset="217" sl="65" sc="13" el="65" ec="13" bec="0" bev="0" fileid="74" />
                <SequencePoint vc="0" uspid="11345" ordinal="0" offset="218" sl="66" sc="9" el="66" ec="9" bec="0" bev="0" fileid="74" />
                <SequencePoint vc="3" uspid="11346" ordinal="0" offset="221" sl="68" sc="9" el="68" ec="9" bec="0" bev="0" fileid="74" />
                <SequencePoint vc="3" uspid="11347" ordinal="0" offset="222" sl="69" sc="13" el="69" ec="13" bec="0" bev="0" fileid="74" />
                <SequencePoint vc="0" uspid="11348" ordinal="0" offset="239" sl="70" sc="13" el="70" ec="13" bec="0" bev="0" fileid="74" />
                <SequencePoint vc="0" uspid="11349" ordinal="0" offset="240" sl="71" sc="17" el="71" ec="17" bec="0" bev="0" fileid="74" />
                <SequencePoint vc="0" uspid="11350" ordinal="0" offset="252" sl="72" sc="17" el="72" ec="17" bec="0" bev="0" fileid="74" />
                <SequencePoint vc="0" uspid="11351" ordinal="0" offset="263" sl="73" sc="13" el="73" ec="13" bec="0" bev="0" fileid="74" />
                <SequencePoint vc="3" uspid="11352" ordinal="0" offset="264" sl="74" sc="9" el="74" ec="9" bec="0" bev="0" fileid="74" />
                <SequencePoint vc="3" uspid="11353" ordinal="0" offset="265" sl="75" sc="1" el="75" ec="1" bec="0" bev="0" fileid="74" />
                <SequencePoint vc="3" uspid="11354" ordinal="0" offset="266" sl="77" sc="9" el="77" ec="9" bec="0" bev="0" fileid="74" />
                <SequencePoint vc="3" uspid="11355" ordinal="0" offset="273" sl="78" sc="9" el="78" ec="9" bec="0" bev="0" fileid="74" />
                <SequencePoint vc="0" uspid="11356" ordinal="0" offset="280" sl="79" sc="13" el="79" ec="13" bec="0" bev="0" fileid="74" />
                <SequencePoint vc="3" uspid="11357" ordinal="0" offset="287" sl="81" sc="9" el="81" ec="9" bec="0" bev="0" fileid="74" />
                <SequencePoint vc="3" uspid="11358" ordinal="0" offset="310" sl="82" sc="9" el="82" ec="9" bec="0" bev="0" fileid="74" />
                <SequencePoint vc="3" uspid="11359" ordinal="0" offset="333" sl="83" sc="9" el="83" ec="9" bec="0" bev="0" fileid="74" />
                <SequencePoint vc="3" uspid="11360" ordinal="0" offset="351" sl="84" sc="9" el="84" ec="9" bec="0" bev="0" fileid="74" />
                <SequencePoint vc="3" uspid="11361" ordinal="0" offset="379" sl="85" sc="9" el="85" ec="9" bec="0" bev="0" fileid="74" />
                <SequencePoint vc="3" uspid="11362" ordinal="0" offset="407" sl="86" sc="5" el="86" ec="5" bec="0" bev="0" fileid="74" />
              </SequencePoints>
              <BranchPoints />
            </Method>
            <Method visited="true" cyclomaticComplexity="0" nPathComplexity="0" sequenceCoverage="100.0" branchCoverage="0" crapScore="0" isConstructor="false" isStatic="false" isGetter="false" isSetter="false">
              <Summary numSequencePoints="3" visitedSequencePoints="3" numBranchPoints="0" visitedBranchPoints="0" sequenceCoverage="100.0" branchCoverage="0" maxCyclomaticComplexity="0" minCyclomaticComplexity="0" maxCrapScore="0" minCrapScore="0" visitedClasses="0" numClasses="0" visitedMethods="1" numMethods="1" />
              <MetadataToken>100663563</MetadataToken>
              <Name>System.Void PlayerMovement2D::FixedUpdate()</Name>
              <FileRef uid="74" />
              <SequencePoints>
                <SequencePoint vc="2" uspid="11363" ordinal="0" offset="0" sl="89" sc="5" el="89" ec="5" bec="0" bev="0" fileid="74" />
                <SequencePoint vc="2" uspid="11364" ordinal="0" offset="1" sl="90" sc="9" el="90" ec="9" bec="0" bev="0" fileid="74" />
                <SequencePoint vc="2" uspid="11365" ordinal="0" offset="56" sl="91" sc="5" el="91" ec="5" bec="0" bev="0" fileid="74" />
              </SequencePoints>
              <BranchPoints />
            </Method>
            <Method visited="true" cyclomaticComplexity="0" nPathComplexity="0" sequenceCoverage="100.0" branchCoverage="0" crapScore="0" isConstructor="true" isStatic="false" isGetter="false" isSetter="false">
              <Summary numSequencePoints="2" visitedSequencePoints="2" numBranchPoints="0" visitedBranchPoints="0" sequenceCoverage="100.0" branchCoverage="0" maxCyclomaticComplexity="0" minCyclomaticComplexity="0" maxCrapScore="0" minCrapScore="0" visitedClasses="0" numClasses="0" visitedMethods="1" numMethods="1" />
              <MetadataToken>100663564</MetadataToken>
              <Name>PlayerMovement2D::PlayerMovement2D()</Name>
              <FileRef uid="74" />
              <SequencePoints>
                <SequencePoint vc="2" uspid="11366" ordinal="0" offset="0" sl="5" sc="5" el="5" ec="5" bec="0" bev="0" fileid="74" />
                <SequencePoint vc="2" uspid="11367" ordinal="0" offset="11" sl="11" sc="5" el="11" ec="5" bec="0" bev="0" fileid="74" />
              </SequencePoints>
              <BranchPoints />
            </Method>
          </Methods>
        </Class>
      </Classes>
    </Module>
    <Module>
      <Summary numSequencePoints="23" visitedSequencePoints="23" numBranchPoints="0" visitedBranchPoints="0" sequenceCoverage="100.0" branchCoverage="0.0" maxCyclomaticComplexity="0" minCyclomaticComplexity="0" maxCrapScore="0" minCrapScore="0" visitedClasses="3" numClasses="3" visitedMethods="8" numMethods="8" />
      <ModuleTime>0001-01-01T00:00:00</ModuleTime>
      <ModuleName>PlayModeTests</ModuleName>
      <Files>
        <File uid="89" fullPath="C:/Users/wolfi/source/repos/CS-26-14/Assets/Tests/PlayModeTests/CargoRoomPlayTest.cs" />
        <File uid="90" fullPath="C:/Users/wolfi/source/repos/CS-26-14/Assets/Tests/PlayModeTests/Mocks/MockGlobal.cs" />
        <File uid="91" fullPath="C:/Users/wolfi/source/repos/CS-26-14/Assets/Tests/PlayModeTests/ControlRoomPlayTests.cs" />
        <File uid="92" fullPath="C:/Users/wolfi/source/repos/CS-26-14/Assets/Tests/PlayModeTests/LabRoomPlayTests.cs" />
      </Files>
      <Classes>
        <Class>
          <Summary numSequencePoints="8" visitedSequencePoints="8" numBranchPoints="0" visitedBranchPoints="0" sequenceCoverage="100.0" branchCoverage="0.0" maxCyclomaticComplexity="0" minCyclomaticComplexity="0" maxCrapScore="0" minCrapScore="0" visitedClasses="1" numClasses="1" visitedMethods="2" numMethods="2" />
          <FullName>CargoRoomPlayTest</FullName>
          <Methods>
            <Method visited="true" cyclomaticComplexity="0" nPathComplexity="0" sequenceCoverage="100.0" branchCoverage="0" crapScore="0" isConstructor="false" isStatic="false" isGetter="false" isSetter="false">
              <Summary numSequencePoints="5" visitedSequencePoints="5" numBranchPoints="0" visitedBranchPoints="0" sequenceCoverage="100.0" branchCoverage="0" maxCyclomaticComplexity="0" minCyclomaticComplexity="0" maxCrapScore="0" minCrapScore="0" visitedClasses="0" numClasses="0" visitedMethods="1" numMethods="1" />
              <MetadataToken>100663297</MetadataToken>
              <Name>System.Void CargoRoomPlayTest::SetUp()</Name>
              <FileRef uid="89" />
              <SequencePoints>
                <SequencePoint vc="1" uspid="12175" ordinal="0" offset="0" sl="18" sc="5" el="18" ec="5" bec="0" bev="0" fileid="89" />
                <SequencePoint vc="1" uspid="12176" ordinal="0" offset="1" sl="19" sc="9" el="19" ec="9" bec="0" bev="0" fileid="89" />
                <SequencePoint vc="1" uspid="12177" ordinal="0" offset="17" sl="20" sc="9" el="20" ec="9" bec="0" bev="0" fileid="89" />
                <SequencePoint vc="1" uspid="12178" ordinal="0" offset="34" sl="22" sc="9" el="22" ec="9" bec="0" bev="0" fileid="89" />
                <SequencePoint vc="1" uspid="12179" ordinal="0" offset="81" sl="29" sc="5" el="29" ec="5" bec="0" bev="0" fileid="89" />
              </SequencePoints>
              <BranchPoints />
            </Method>
            <Method visited="true" cyclomaticComplexity="0" nPathComplexity="0" sequenceCoverage="100.0" branchCoverage="0" crapScore="0" isConstructor="false" isStatic="false" isGetter="false" isSetter="false">
              <Summary numSequencePoints="3" visitedSequencePoints="3" numBranchPoints="0" visitedBranchPoints="0" sequenceCoverage="100.0" branchCoverage="0" maxCyclomaticComplexity="0" minCyclomaticComplexity="0" maxCrapScore="0" minCrapScore="0" visitedClasses="0" numClasses="0" visitedMethods="1" numMethods="1" />
              <MetadataToken>100663301</MetadataToken>
              <Name>System.Void CargoRoomPlayTest::TearDown()</Name>
              <FileRef uid="89" />
              <SequencePoints>
                <SequencePoint vc="1" uspid="12180" ordinal="0" offset="0" sl="109" sc="5" el="109" ec="5" bec="0" bev="0" fileid="89" />
                <SequencePoint vc="1" uspid="12181" ordinal="0" offset="1" sl="110" sc="9" el="110" ec="9" bec="0" bev="0" fileid="89" />
                <SequencePoint vc="1" uspid="12182" ordinal="0" offset="13" sl="111" sc="5" el="111" ec="5" bec="0" bev="0" fileid="89" />
              </SequencePoints>
              <BranchPoints />
            </Method>
          </Methods>
        </Class>
        <Class>
          <Summary numSequencePoints="7" visitedSequencePoints="7" numBranchPoints="0" visitedBranchPoints="0" sequenceCoverage="100.0" branchCoverage="0.0" maxCyclomaticComplexity="0" minCyclomaticComplexity="0" maxCrapScore="0" minCrapScore="0" visitedClasses="1" numClasses="1" visitedMethods="5" numMethods="5" />
          <FullName>PlayModeTests.Mocks.MockGlobal</FullName>
          <Methods>
            <Method visited="true" cyclomaticComplexity="0" nPathComplexity="0" sequenceCoverage="100.0" branchCoverage="0" crapScore="0" isConstructor="false" isStatic="false" isGetter="false" isSetter="true">
              <Summary numSequencePoints="1" visitedSequencePoints="1" numBranchPoints="0" visitedBranchPoints="0" sequenceCoverage="100.0" branchCoverage="0" maxCyclomaticComplexity="0" minCyclomaticComplexity="0" maxCrapScore="0" minCrapScore="0" visitedClasses="0" numClasses="0" visitedMethods="1" numMethods="1" />
              <MetadataToken>100663310</MetadataToken>
              <Name>System.Void PlayModeTests.Mocks.MockGlobal::set_Round(System.Int32)</Name>
              <FileRef uid="90" />
              <SequencePoints>
                <SequencePoint vc="1" uspid="12184" ordinal="0" offset="0" sl="5" sc="33" el="5" ec="33" bec="0" bev="0" fileid="90" />
              </SequencePoints>
              <BranchPoints />
            </Method>
            <Method visited="true" cyclomaticComplexity="0" nPathComplexity="0" sequenceCoverage="100.0" branchCoverage="0" crapScore="0" isConstructor="false" isStatic="false" isGetter="false" isSetter="true">
              <Summary numSequencePoints="1" visitedSequencePoints="1" numBranchPoints="0" visitedBranchPoints="0" sequenceCoverage="100.0" branchCoverage="0" maxCyclomaticComplexity="0" minCyclomaticComplexity="0" maxCrapScore="0" minCrapScore="0" visitedClasses="0" numClasses="0" visitedMethods="1" numMethods="1" />
              <MetadataToken>100663312</MetadataToken>
              <Name>System.Void PlayModeTests.Mocks.MockGlobal::set_TotalScore(System.Int32)</Name>
              <FileRef uid="90" />
              <SequencePoints>
                <SequencePoint vc="1" uspid="12186" ordinal="0" offset="0" sl="6" sc="38" el="6" ec="38" bec="0" bev="0" fileid="90" />
              </SequencePoints>
              <BranchPoints />
            </Method>
            <Method visited="true" cyclomaticComplexity="0" nPathComplexity="0" sequenceCoverage="100.0" branchCoverage="0" crapScore="0" isConstructor="false" isStatic="false" isGetter="false" isSetter="true">
              <Summary numSequencePoints="1" visitedSequencePoints="1" numBranchPoints="0" visitedBranchPoints="0" sequenceCoverage="100.0" branchCoverage="0" maxCyclomaticComplexity="0" minCyclomaticComplexity="0" maxCrapScore="0" minCrapScore="0" visitedClasses="0" numClasses="0" visitedMethods="1" numMethods="1" />
              <MetadataToken>100663314</MetadataToken>
              <Name>System.Void PlayModeTests.Mocks.MockGlobal::set_CurrentRoom(System.String)</Name>
              <FileRef uid="90" />
              <SequencePoints>
                <SequencePoint vc="1" uspid="12188" ordinal="0" offset="0" sl="7" sc="42" el="7" ec="42" bec="0" bev="0" fileid="90" />
              </SequencePoints>
              <BranchPoints />
            </Method>
            <Method visited="true" cyclomaticComplexity="0" nPathComplexity="0" sequenceCoverage="100.0" branchCoverage="0" crapScore="0" isConstructor="false" isStatic="false" isGetter="false" isSetter="true">
              <Summary numSequencePoints="1" visitedSequencePoints="1" numBranchPoints="0" visitedBranchPoints="0" sequenceCoverage="100.0" branchCoverage="0" maxCyclomaticComplexity="0" minCyclomaticComplexity="0" maxCrapScore="0" minCrapScore="0" visitedClasses="0" numClasses="0" visitedMethods="1" numMethods="1" />
              <MetadataToken>100663316</MetadataToken>
              <Name>System.Void PlayModeTests.Mocks.MockGlobal::set_CurrentRoomCompleted(System.Boolean)</Name>
              <FileRef uid="90" />
              <SequencePoints>
                <SequencePoint vc="1" uspid="12190" ordinal="0" offset="0" sl="8" sc="49" el="8" ec="49" bec="0" bev="0" fileid="90" />
              </SequencePoints>
              <BranchPoints />
            </Method>
            <Method visited="true" cyclomaticComplexity="0" nPathComplexity="0" sequenceCoverage="100.0" branchCoverage="0" crapScore="0" isConstructor="true" isStatic="false" isGetter="false" isSetter="false">
              <Summary numSequencePoints="3" visitedSequencePoints="3" numBranchPoints="0" visitedBranchPoints="0" sequenceCoverage="100.0" branchCoverage="0" maxCyclomaticComplexity="0" minCyclomaticComplexity="0" maxCrapScore="0" minCrapScore="0" visitedClasses="0" numClasses="0" visitedMethods="1" numMethods="1" />
              <MetadataToken>100663317</MetadataToken>
              <Name>PlayModeTests.Mocks.MockGlobal::MockGlobal()</Name>
              <FileRef uid="90" />
              <SequencePoints>
                <SequencePoint vc="1" uspid="12191" ordinal="0" offset="0" sl="6" sc="47" el="6" ec="47" bec="0" bev="0" fileid="90" />
                <SequencePoint vc="1" uspid="12192" ordinal="0" offset="7" sl="7" sc="51" el="7" ec="51" bec="0" bev="0" fileid="90" />
                <SequencePoint vc="1" uspid="12193" ordinal="0" offset="18" sl="8" sc="58" el="8" ec="58" bec="0" bev="0" fileid="90" />
              </SequencePoints>
              <BranchPoints />
            </Method>
          </Methods>
        </Class>
        <Class>
          <Summary numSequencePoints="8" visitedSequencePoints="8" numBranchPoints="0" visitedBranchPoints="0" sequenceCoverage="100.0" branchCoverage="0.0" maxCyclomaticComplexity="0" minCyclomaticComplexity="0" maxCrapScore="0" minCrapScore="0" visitedClasses="1" numClasses="1" visitedMethods="1" numMethods="1" />
          <FullName>CargoRoomPlayTest/&lt;StartMethod_ReturnsLogError&gt;d__5</FullName>
          <Methods>
            <Method visited="true" cyclomaticComplexity="0" nPathComplexity="0" sequenceCoverage="100.0" branchCoverage="0" crapScore="0" isConstructor="false" isStatic="false" isGetter="false" isSetter="false">
              <Summary numSequencePoints="8" visitedSequencePoints="8" numBranchPoints="0" visitedBranchPoints="0" sequenceCoverage="100.0" branchCoverage="0" maxCyclomaticComplexity="0" minCyclomaticComplexity="0" maxCrapScore="0" minCrapScore="0" visitedClasses="0" numClasses="0" visitedMethods="1" numMethods="1" />
              <MetadataToken>100663326</MetadataToken>
              <Name>System.Boolean CargoRoomPlayTest/&lt;StartMethod_ReturnsLogError&gt;d__5::MoveNext()</Name>
              <FileRef uid="89" />
              <SequencePoints>
                <SequencePoint vc="1" uspid="12200" ordinal="0" offset="31" sl="48" sc="5" el="48" ec="5" bec="0" bev="0" fileid="89" />
                <SequencePoint vc="1" uspid="12201" ordinal="0" offset="32" sl="50" sc="9" el="50" ec="9" bec="0" bev="0" fileid="89" />
                <SequencePoint vc="1" uspid="12202" ordinal="0" offset="48" sl="51" sc="9" el="51" ec="9" bec="0" bev="0" fileid="89" />
                <SequencePoint vc="1" uspid="12203" ordinal="0" offset="65" sl="52" sc="9" el="52" ec="9" bec="0" bev="0" fileid="89" />
                <SequencePoint vc="1" uspid="12204" ordinal="0" offset="77" sl="55" sc="9" el="55" ec="9" bec="0" bev="0" fileid="89" />
                <SequencePoint vc="1" uspid="12205" ordinal="0" offset="100" sl="58" sc="9" el="58" ec="9" bec="0" bev="0" fileid="89" />
                <SequencePoint vc="1" uspid="12206" ordinal="0" offset="112" sl="61" sc="9" el="61" ec="9" bec="0" bev="0" fileid="89" />
                <SequencePoint vc="1" uspid="12207" ordinal="0" offset="124" sl="62" sc="5" el="62" ec="5" bec="0" bev="0" fileid="89" />
              </SequencePoints>
              <BranchPoints />
            </Method>
          </Methods>
        </Class>
      </Classes>
    </Module>
  </Modules>
</CoverageSession>