<?xml version="1.0" encoding="utf-8"?>
<CoverageSession xmlns:xsd="http://www.w3.org/2001/XMLSchema" xmlns:xsi="http://www.w3.org/2001/XMLSchema-instance" Version="0.0.0.0">
  <Summary numSequencePoints="1165" visitedSequencePoints="983" numBranchPoints="0" visitedBranchPoints="0" sequenceCoverage="84.38" branchCoverage="0.0" maxCyclomaticComplexity="0" minCyclomaticComplexity="0" maxCrapScore="0" minCrapScore="0" visitedClasses="40" numClasses="40" visitedMethods="104" numMethods="104" />
  <Modules>
    <Module>
      <Summary numSequencePoints="965" visitedSequencePoints="786" numBranchPoints="0" visitedBranchPoints="0" sequenceCoverage="81.45" branchCoverage="0.0" maxCyclomaticComplexity="0" minCyclomaticComplexity="0" maxCrapScore="0" minCrapScore="0" visitedClasses="25" numClasses="25" visitedMethods="86" numMethods="86" />
      <ModuleTime>0001-01-01T00:00:00</ModuleTime>
      <ModuleName>GameScripts</ModuleName>
      <Files>
        <File uid="37" fullPath="C:/Users/wolfi/source/repos/CS-26-14/Assets/Scripts/CargoRoomScripts/BoxTrigger.cs" />
        <File uid="38" fullPath="C:/Users/wolfi/source/repos/CS-26-14/Assets/Scripts/CargoRoomScripts/CargoBox.cs" />
        <File uid="39" fullPath="C:/Users/wolfi/source/repos/CS-26-14/Assets/Scripts/CargoRoomScripts/CargoMinigameController.cs" />
        <File uid="40" fullPath="C:/Users/wolfi/source/repos/CS-26-14/Assets/Scripts/CargoRoomScripts/CargoRoomController.cs" />
        <File uid="41" fullPath="C:/Users/wolfi/source/repos/CS-26-14/Assets/Scripts/CargoRoomScripts/ExitMinigame.cs" />
        <File uid="42" fullPath="C:/Users/wolfi/source/repos/CS-26-14/Assets/Scripts/CargoRoomScripts/RestarterScript.cs" />
        <File uid="43" fullPath="C:/Users/wolfi/source/repos/CS-26-14/Assets/Scripts/CargoRoomScripts/Target.cs" />
        <File uid="44" fullPath="C:/Users/wolfi/source/repos/CS-26-14/Assets/Scripts/ChangeScene.cs" />
        <File uid="45" fullPath="C:/Users/wolfi/source/repos/CS-26-14/Assets/Scripts/ComputerPopup.cs" />
        <File uid="46" fullPath="C:/Users/wolfi/source/repos/CS-26-14/Assets/Scripts/ComputerUIController.cs" />
        <File uid="47" fullPath="C:/Users/wolfi/source/repos/CS-26-14/Assets/Scripts/ControlRoomScripts/ControlsMinigameBootstrap.cs" />
        <File uid="48" fullPath="C:/Users/wolfi/source/repos/CS-26-14/Assets/Scripts/ControlRoomScripts/ControlsMinigameController.cs" />
        <File uid="49" fullPath="C:/Users/wolfi/source/repos/CS-26-14/Assets/Scripts/ControlRoomScripts/ControlsTargetGenerator.cs" />
        <File uid="50" fullPath="C:/Users/wolfi/source/repos/CS-26-14/Assets/Scripts/ControlRoomScripts/ControlsTrigger.cs" />
        <File uid="51" fullPath="C:/Users/wolfi/source/repos/CS-26-14/Assets/Scripts/ControlRoomScripts/CorrectionWindowVisual.cs" />
        <File uid="52" fullPath="C:/Users/wolfi/source/repos/CS-26-14/Assets/Scripts/ControlRoomScripts/HeadingVisual.cs" />
        <File uid="53" fullPath="C:/Users/wolfi/source/repos/CS-26-14/Assets/Scripts/ControlRoomScripts/MiniGameResultsPopup.cs" />
        <File uid="54" fullPath="C:/Users/wolfi/source/repos/CS-26-14/Assets/Scripts/ControlRoomScripts/ShipView.cs" />
        <File uid="55" fullPath="C:/Users/wolfi/source/repos/CS-26-14/Assets/Scripts/ControlRoomScripts/ThrustVisual.cs" />
        <File uid="56" fullPath="C:/Users/wolfi/source/repos/CS-26-14/Assets/Scripts/CurrentMinigameText.cs" />
        <File uid="57" fullPath="C:/Users/wolfi/source/repos/CS-26-14/Assets/Scripts/DDOL.cs" />
        <File uid="58" fullPath="C:/Users/wolfi/source/repos/CS-26-14/Assets/Scripts/FactCardsPopup.cs" />
        <File uid="59" fullPath="C:/Users/wolfi/source/repos/CS-26-14/Assets/Scripts/FactManagerScripts/FactCardsPopupUI.cs" />
        <File uid="60" fullPath="C:/Users/wolfi/source/repos/CS-26-14/Assets/Scripts/FactManagerScripts/FactSystem.cs" />
        <File uid="61" fullPath="C:/Users/wolfi/source/repos/CS-26-14/Assets/Scripts/FactManagerScripts/NasaFactManager.cs" />
        <File uid="62" fullPath="C:/Users/wolfi/source/repos/CS-26-14/Assets/Scripts/FactManagerScripts/RevealFactCard.cs" />
        <File uid="63" fullPath="C:/Users/wolfi/source/repos/CS-26-14/Assets/Scripts/GameSceneSetup.cs" />
        <File uid="64" fullPath="C:/Users/wolfi/source/repos/CS-26-14/Assets/Scripts/Global.cs" />
        <File uid="65" fullPath="C:/Users/wolfi/source/repos/CS-26-14/Assets/Scripts/HallwayChangeScene.cs" />
        <File uid="66" fullPath="C:/Users/wolfi/source/repos/CS-26-14/Assets/Scripts/InteractableAssetControl.cs" />
        <File uid="67" fullPath="C:/Users/wolfi/source/repos/CS-26-14/Assets/Scripts/LabRoomScripts/BroomPickup.cs" />
        <File uid="68" fullPath="C:/Users/wolfi/source/repos/CS-26-14/Assets/Scripts/LabRoomScripts/ExitLabMinigame.cs" />
        <File uid="69" fullPath="C:/Users/wolfi/source/repos/CS-26-14/Assets/Scripts/LabRoomScripts/LabBoxTrigger.cs" />
        <File uid="70" fullPath="C:/Users/wolfi/source/repos/CS-26-14/Assets/Scripts/LabRoomScripts/MinigameUnstick.cs" />
        <File uid="71" fullPath="C:/Users/wolfi/source/repos/CS-26-14/Assets/Scripts/LabRoomScripts/SpillClean.cs" />
        <File uid="72" fullPath="C:/Users/wolfi/source/repos/CS-26-14/Assets/Scripts/LabRoomScripts/SpillManager.cs" />
        <File uid="73" fullPath="C:/Users/wolfi/source/repos/CS-26-14/Assets/Scripts/LabRoomScripts/SpillPopupController.cs" />
        <File uid="74" fullPath="C:/Users/wolfi/source/repos/CS-26-14/Assets/Scripts/PlayerMovement2D.cs" />
        <File uid="75" fullPath="C:/Users/wolfi/source/repos/CS-26-14/Assets/Scripts/PowerRoomScripts/ExitPowerMinigame.cs" />
        <File uid="76" fullPath="C:/Users/wolfi/source/repos/CS-26-14/Assets/Scripts/PowerRoomScripts/GeneratorTrigger.cs" />
        <File uid="77" fullPath="C:/Users/wolfi/source/repos/CS-26-14/Assets/Scripts/PowerRoomScripts/PowerCell.cs" />
        <File uid="78" fullPath="C:/Users/wolfi/source/repos/CS-26-14/Assets/Scripts/PowerRoomScripts/PowerGameManager.cs" />
        <File uid="79" fullPath="C:/Users/wolfi/source/repos/CS-26-14/Assets/Scripts/PowerRoomScripts/RoomContextPopup.cs" />
        <File uid="80" fullPath="C:/Users/wolfi/source/repos/CS-26-14/Assets/Scripts/ProgressBarUpdater.cs" />
        <File uid="81" fullPath="C:/Users/wolfi/source/repos/CS-26-14/Assets/Scripts/RepairCollisionMinigameScripts/RepairCollisionController.cs" />
        <File uid="82" fullPath="C:/Users/wolfi/source/repos/CS-26-14/Assets/Scripts/RepairCollisionMinigameScripts/WeldGunScript.cs" />
        <File uid="83" fullPath="C:/Users/wolfi/source/repos/CS-26-14/Assets/Scripts/RepairCollisionMinigameScripts/WeldHandler.cs" />
        <File uid="84" fullPath="C:/Users/wolfi/source/repos/CS-26-14/Assets/Scripts/RepairCollisionMinigameTrigger.cs" />
        <File uid="85" fullPath="C:/Users/wolfi/source/repos/CS-26-14/Assets/Scripts/SoundManagers/SoundFXManager.cs" />
        <File uid="86" fullPath="C:/Users/wolfi/source/repos/CS-26-14/Assets/Scripts/SoundManagers/SoundMixerManager.cs" />
        <File uid="87" fullPath="C:/Users/wolfi/source/repos/CS-26-14/Assets/Scripts/SpawnPointFinder.cs" />
        <File uid="88" fullPath="C:/Users/wolfi/source/repos/CS-26-14/Assets/Scripts/WinSceneController.cs" />
      </Files>
      <Classes>
        <Class>
          <Summary numSequencePoints="20" visitedSequencePoints="4" numBranchPoints="0" visitedBranchPoints="0" sequenceCoverage="20.00" branchCoverage="0.0" maxCyclomaticComplexity="0" minCyclomaticComplexity="0" maxCrapScore="0" minCrapScore="0" visitedClasses="1" numClasses="1" visitedMethods="1" numMethods="1" />
          <FullName>BoxTrigger</FullName>
          <Methods>
            <Method visited="true" cyclomaticComplexity="0" nPathComplexity="0" sequenceCoverage="20.00" branchCoverage="0" crapScore="0" isConstructor="false" isStatic="false" isGetter="false" isSetter="false">
              <Summary numSequencePoints="20" visitedSequencePoints="4" numBranchPoints="0" visitedBranchPoints="0" sequenceCoverage="20.00" branchCoverage="0" maxCyclomaticComplexity="0" minCyclomaticComplexity="0" maxCrapScore="0" minCrapScore="0" visitedClasses="0" numClasses="0" visitedMethods="1" numMethods="1" />
              <MetadataToken>100663297</MetadataToken>
              <Name>System.Void BoxTrigger::Update()</Name>
              <FileRef uid="37" />
              <SequencePoints>
                <SequencePoint vc="403" uspid="8629" ordinal="0" offset="0" sl="19" sc="5" el="19" ec="5" bec="0" bev="0" fileid="37" />
                <SequencePoint vc="403" uspid="8630" ordinal="0" offset="1" sl="20" sc="9" el="20" ec="9" bec="0" bev="0" fileid="37" />
                <SequencePoint vc="0" uspid="8631" ordinal="0" offset="12" sl="21" sc="9" el="21" ec="9" bec="0" bev="0" fileid="37" />
                <SequencePoint vc="0" uspid="8632" ordinal="0" offset="13" sl="22" sc="13" el="22" ec="13" bec="0" bev="0" fileid="37" />
                <SequencePoint vc="0" uspid="8633" ordinal="0" offset="23" sl="23" sc="13" el="23" ec="13" bec="0" bev="0" fileid="37" />
                <SequencePoint vc="0" uspid="8634" ordinal="0" offset="24" sl="24" sc="17" el="24" ec="17" bec="0" bev="0" fileid="37" />
                <SequencePoint vc="0" uspid="8635" ordinal="0" offset="31" sl="25" sc="17" el="25" ec="17" bec="0" bev="0" fileid="37" />
                <SequencePoint vc="0" uspid="8636" ordinal="0" offset="33" sl="28" sc="13" el="28" ec="13" bec="0" bev="0" fileid="37" />
                <SequencePoint vc="0" uspid="8637" ordinal="0" offset="43" sl="29" sc="13" el="29" ec="13" bec="0" bev="0" fileid="37" />
                <SequencePoint vc="0" uspid="8638" ordinal="0" offset="44" sl="30" sc="17" el="30" ec="17" bec="0" bev="0" fileid="37" />
                <SequencePoint vc="0" uspid="8639" ordinal="0" offset="51" sl="31" sc="13" el="31" ec="13" bec="0" bev="0" fileid="37" />
                <SequencePoint vc="0" uspid="8640" ordinal="0" offset="52" sl="32" sc="9" el="32" ec="9" bec="0" bev="0" fileid="37" />
                <SequencePoint vc="403" uspid="8641" ordinal="0" offset="53" sl="34" sc="9" el="34" ec="9" bec="0" bev="0" fileid="37" />
                <SequencePoint vc="0" uspid="8642" ordinal="0" offset="64" sl="35" sc="9" el="35" ec="9" bec="0" bev="0" fileid="37" />
                <SequencePoint vc="0" uspid="8643" ordinal="0" offset="65" sl="36" sc="13" el="36" ec="13" bec="0" bev="0" fileid="37" />
                <SequencePoint vc="0" uspid="8644" ordinal="0" offset="77" sl="37" sc="13" el="37" ec="13" bec="0" bev="0" fileid="37" />
                <SequencePoint vc="0" uspid="8645" ordinal="0" offset="78" sl="38" sc="17" el="38" ec="17" bec="0" bev="0" fileid="37" />
                <SequencePoint vc="0" uspid="8646" ordinal="0" offset="85" sl="39" sc="13" el="39" ec="13" bec="0" bev="0" fileid="37" />
                <SequencePoint vc="0" uspid="8647" ordinal="0" offset="86" sl="40" sc="9" el="40" ec="9" bec="0" bev="0" fileid="37" />
                <SequencePoint vc="403" uspid="8648" ordinal="0" offset="87" sl="41" sc="5" el="41" ec="5" bec="0" bev="0" fileid="37" />
              </SequencePoints>
              <BranchPoints />
            </Method>
          </Methods>
        </Class>
        <Class>
          <Summary numSequencePoints="16" visitedSequencePoints="16" numBranchPoints="0" visitedBranchPoints="0" sequenceCoverage="100.0" branchCoverage="0.0" maxCyclomaticComplexity="0" minCyclomaticComplexity="0" maxCrapScore="0" minCrapScore="0" visitedClasses="1" numClasses="1" visitedMethods="3" numMethods="3" />
          <FullName>CargoBox</FullName>
          <Methods>
            <Method visited="true" cyclomaticComplexity="0" nPathComplexity="0" sequenceCoverage="100.0" branchCoverage="0" crapScore="0" isConstructor="false" isStatic="false" isGetter="false" isSetter="false">
              <Summary numSequencePoints="5" visitedSequencePoints="5" numBranchPoints="0" visitedBranchPoints="0" sequenceCoverage="100.0" branchCoverage="0" maxCyclomaticComplexity="0" minCyclomaticComplexity="0" maxCrapScore="0" minCrapScore="0" visitedClasses="0" numClasses="0" visitedMethods="1" numMethods="1" />
              <MetadataToken>100663306</MetadataToken>
              <Name>System.Void CargoBox::Start()</Name>
              <FileRef uid="38" />
              <SequencePoints>
                <SequencePoint vc="12" uspid="8714" ordinal="0" offset="0" sl="16" sc="5" el="16" ec="5" bec="0" bev="0" fileid="38" />
                <SequencePoint vc="12" uspid="8715" ordinal="0" offset="1" sl="17" sc="9" el="17" ec="9" bec="0" bev="0" fileid="38" />
                <SequencePoint vc="12" uspid="8716" ordinal="0" offset="13" sl="18" sc="9" el="18" ec="9" bec="0" bev="0" fileid="38" />
                <SequencePoint vc="12" uspid="8717" ordinal="0" offset="25" sl="19" sc="9" el="19" ec="9" bec="0" bev="0" fileid="38" />
                <SequencePoint vc="12" uspid="8718" ordinal="0" offset="38" sl="31" sc="5" el="31" ec="5" bec="0" bev="0" fileid="38" />
              </SequencePoints>
              <BranchPoints />
            </Method>
            <Method visited="true" cyclomaticComplexity="0" nPathComplexity="0" sequenceCoverage="100.0" branchCoverage="0" crapScore="0" isConstructor="false" isStatic="false" isGetter="false" isSetter="false">
              <Summary numSequencePoints="7" visitedSequencePoints="7" numBranchPoints="0" visitedBranchPoints="0" sequenceCoverage="100.0" branchCoverage="0" maxCyclomaticComplexity="0" minCyclomaticComplexity="0" maxCrapScore="0" minCrapScore="0" visitedClasses="0" numClasses="0" visitedMethods="1" numMethods="1" />
              <MetadataToken>100663307</MetadataToken>
              <Name>System.Void CargoBox::Update()</Name>
              <FileRef uid="38" />
              <SequencePoints>
                <SequencePoint vc="435" uspid="8719" ordinal="0" offset="0" sl="35" sc="5" el="35" ec="5" bec="0" bev="0" fileid="38" />
                <SequencePoint vc="435" uspid="8720" ordinal="0" offset="1" sl="36" sc="9" el="36" ec="9" bec="0" bev="0" fileid="38" />
                <SequencePoint vc="204" uspid="8721" ordinal="0" offset="57" sl="37" sc="9" el="37" ec="9" bec="0" bev="0" fileid="38" />
                <SequencePoint vc="204" uspid="8722" ordinal="0" offset="58" sl="39" sc="13" el="39" ec="13" bec="0" bev="0" fileid="38" />
                <SequencePoint vc="204" uspid="8723" ordinal="0" offset="90" sl="40" sc="13" el="40" ec="13" bec="0" bev="0" fileid="38" />
                <SequencePoint vc="204" uspid="8724" ordinal="0" offset="113" sl="41" sc="9" el="41" ec="9" bec="0" bev="0" fileid="38" />
                <SequencePoint vc="435" uspid="8725" ordinal="0" offset="114" sl="62" sc="5" el="62" ec="5" bec="0" bev="0" fileid="38" />
              </SequencePoints>
              <BranchPoints />
            </Method>
            <Method visited="true" cyclomaticComplexity="0" nPathComplexity="0" sequenceCoverage="100.0" branchCoverage="0" crapScore="0" isConstructor="false" isStatic="false" isGetter="false" isSetter="false">
              <Summary numSequencePoints="4" visitedSequencePoints="4" numBranchPoints="0" visitedBranchPoints="0" sequenceCoverage="100.0" branchCoverage="0" maxCyclomaticComplexity="0" minCyclomaticComplexity="0" maxCrapScore="0" minCrapScore="0" visitedClasses="0" numClasses="0" visitedMethods="1" numMethods="1" />
              <MetadataToken>100663309</MetadataToken>
              <Name>System.Void CargoBox::SwitchSprite(System.Boolean)</Name>
              <FileRef uid="38" />
              <SequencePoints>
                <SequencePoint vc="2" uspid="8733" ordinal="0" offset="0" sl="76" sc="5" el="76" ec="5" bec="0" bev="0" fileid="38" />
                <SequencePoint vc="2" uspid="8734" ordinal="0" offset="1" sl="77" sc="9" el="77" ec="9" bec="0" bev="0" fileid="38" />
                <SequencePoint vc="2" uspid="8735" ordinal="0" offset="14" sl="78" sc="9" el="78" ec="9" bec="0" bev="0" fileid="38" />
                <SequencePoint vc="2" uspid="8736" ordinal="0" offset="30" sl="79" sc="5" el="79" ec="5" bec="0" bev="0" fileid="38" />
              </SequencePoints>
              <BranchPoints />
            </Method>
          </Methods>
        </Class>
        <Class>
          <Summary numSequencePoints="28" visitedSequencePoints="13" numBranchPoints="0" visitedBranchPoints="0" sequenceCoverage="46.43" branchCoverage="0.0" maxCyclomaticComplexity="0" minCyclomaticComplexity="0" maxCrapScore="0" minCrapScore="0" visitedClasses="1" numClasses="1" visitedMethods="2" numMethods="2" />
          <FullName>CargoMinigameController</FullName>
          <Methods>
            <Method visited="true" cyclomaticComplexity="0" nPathComplexity="0" sequenceCoverage="45.00" branchCoverage="0" crapScore="0" isConstructor="false" isStatic="false" isGetter="false" isSetter="false">
              <Summary numSequencePoints="20" visitedSequencePoints="9" numBranchPoints="0" visitedBranchPoints="0" sequenceCoverage="45.00" branchCoverage="0" maxCyclomaticComplexity="0" minCyclomaticComplexity="0" maxCrapScore="0" minCrapScore="0" visitedClasses="0" numClasses="0" visitedMethods="1" numMethods="1" />
              <MetadataToken>100663311</MetadataToken>
              <Name>System.Void CargoMinigameController::Start()</Name>
              <FileRef uid="39" />
              <SequencePoints>
                <SequencePoint vc="4" uspid="8737" ordinal="0" offset="0" sl="22" sc="5" el="22" ec="5" bec="0" bev="0" fileid="39" />
                <SequencePoint vc="4" uspid="8738" ordinal="0" offset="1" sl="23" sc="9" el="23" ec="9" bec="0" bev="0" fileid="39" />
                <SequencePoint vc="4" uspid="8739" ordinal="0" offset="17" sl="25" sc="9" el="25" ec="9" bec="0" bev="0" fileid="39" />
                <SequencePoint vc="0" uspid="8740" ordinal="0" offset="42" sl="26" sc="9" el="26" ec="9" bec="0" bev="0" fileid="39" />
                <SequencePoint vc="0" uspid="8741" ordinal="0" offset="43" sl="27" sc="13" el="27" ec="13" bec="0" bev="0" fileid="39" />
                <SequencePoint vc="0" uspid="8742" ordinal="0" offset="54" sl="28" sc="13" el="28" ec="13" bec="0" bev="0" fileid="39" />
                <SequencePoint vc="4" uspid="8743" ordinal="0" offset="59" sl="31" sc="9" el="31" ec="9" bec="0" bev="0" fileid="39" />
                <SequencePoint vc="4" uspid="8744" ordinal="0" offset="75" sl="32" sc="9" el="32" ec="9" bec="0" bev="0" fileid="39" />
                <SequencePoint vc="4" uspid="8745" ordinal="0" offset="91" sl="33" sc="9" el="33" ec="9" bec="0" bev="0" fileid="39" />
                <SequencePoint vc="4" uspid="8746" ordinal="0" offset="92" sl="34" sc="13" el="34" ec="13" bec="0" bev="0" fileid="39" />
                <SequencePoint vc="4" uspid="8747" ordinal="0" offset="103" sl="35" sc="13" el="35" ec="13" bec="0" bev="0" fileid="39" />
                <SequencePoint vc="0" uspid="8748" ordinal="0" offset="105" sl="38" sc="9" el="38" ec="9" bec="0" bev="0" fileid="39" />
                <SequencePoint vc="0" uspid="8749" ordinal="0" offset="123" sl="40" sc="9" el="40" ec="9" bec="0" bev="0" fileid="39" />
                <SequencePoint vc="0" uspid="8750" ordinal="0" offset="135" sl="41" sc="9" el="41" ec="9" bec="0" bev="0" fileid="39" />
                <SequencePoint vc="0" uspid="8751" ordinal="0" offset="151" sl="42" sc="9" el="42" ec="9" bec="0" bev="0" fileid="39" />
                <SequencePoint vc="0" uspid="8752" ordinal="0" offset="152" sl="43" sc="13" el="43" ec="13" bec="0" bev="0" fileid="39" />
                <SequencePoint vc="0" uspid="8753" ordinal="0" offset="163" sl="44" sc="13" el="44" ec="13" bec="0" bev="0" fileid="39" />
                <SequencePoint vc="0" uspid="8754" ordinal="0" offset="165" sl="46" sc="9" el="46" ec="9" bec="0" bev="0" fileid="39" />
                <SequencePoint vc="0" uspid="8755" ordinal="0" offset="192" sl="47" sc="9" el="47" ec="9" bec="0" bev="0" fileid="39" />
                <SequencePoint vc="4" uspid="8756" ordinal="0" offset="199" sl="48" sc="5" el="48" ec="5" bec="0" bev="0" fileid="39" />
              </SequencePoints>
              <BranchPoints />
            </Method>
            <Method visited="true" cyclomaticComplexity="0" nPathComplexity="0" sequenceCoverage="50.00" branchCoverage="0" crapScore="0" isConstructor="false" isStatic="false" isGetter="false" isSetter="false">
              <Summary numSequencePoints="8" visitedSequencePoints="4" numBranchPoints="0" visitedBranchPoints="0" sequenceCoverage="50.00" branchCoverage="0" maxCyclomaticComplexity="0" minCyclomaticComplexity="0" maxCrapScore="0" minCrapScore="0" visitedClasses="0" numClasses="0" visitedMethods="1" numMethods="1" />
              <MetadataToken>100663312</MetadataToken>
              <Name>System.Void CargoMinigameController::Update()</Name>
              <FileRef uid="39" />
              <SequencePoints>
                <SequencePoint vc="20" uspid="8757" ordinal="0" offset="0" sl="52" sc="5" el="52" ec="5" bec="0" bev="0" fileid="39" />
                <SequencePoint vc="20" uspid="8758" ordinal="0" offset="1" sl="53" sc="9" el="53" ec="9" bec="0" bev="0" fileid="39" />
                <SequencePoint vc="20" uspid="8759" ordinal="0" offset="49" sl="55" sc="9" el="55" ec="9" bec="0" bev="0" fileid="39" />
                <SequencePoint vc="0" uspid="8760" ordinal="0" offset="73" sl="56" sc="9" el="56" ec="9" bec="0" bev="0" fileid="39" />
                <SequencePoint vc="0" uspid="8761" ordinal="0" offset="74" sl="57" sc="13" el="57" ec="13" bec="0" bev="0" fileid="39" />
                <SequencePoint vc="0" uspid="8762" ordinal="0" offset="81" sl="58" sc="13" el="58" ec="13" bec="0" bev="0" fileid="39" />
                <SequencePoint vc="0" uspid="8763" ordinal="0" offset="98" sl="59" sc="9" el="59" ec="9" bec="0" bev="0" fileid="39" />
                <SequencePoint vc="20" uspid="8764" ordinal="0" offset="99" sl="61" sc="5" el="61" ec="5" bec="0" bev="0" fileid="39" />
              </SequencePoints>
              <BranchPoints />
            </Method>
          </Methods>
        </Class>
        <Class>
          <Summary numSequencePoints="19" visitedSequencePoints="19" numBranchPoints="0" visitedBranchPoints="0" sequenceCoverage="100.0" branchCoverage="0.0" maxCyclomaticComplexity="0" minCyclomaticComplexity="0" maxCrapScore="0" minCrapScore="0" visitedClasses="1" numClasses="1" visitedMethods="3" numMethods="3" />
          <FullName>CargoRoomController</FullName>
          <Methods>
            <Method visited="true" cyclomaticComplexity="0" nPathComplexity="0" sequenceCoverage="100.0" branchCoverage="0" crapScore="0" isConstructor="false" isStatic="false" isGetter="false" isSetter="false">
              <Summary numSequencePoints="8" visitedSequencePoints="8" numBranchPoints="0" visitedBranchPoints="0" sequenceCoverage="100.0" branchCoverage="0" maxCyclomaticComplexity="0" minCyclomaticComplexity="0" maxCrapScore="0" minCrapScore="0" visitedClasses="0" numClasses="0" visitedMethods="1" numMethods="1" />
              <MetadataToken>100663316</MetadataToken>
              <Name>System.Void CargoRoomController::Start()</Name>
              <FileRef uid="40" />
              <SequencePoints>
                <SequencePoint vc="7" uspid="8781" ordinal="0" offset="0" sl="12" sc="5" el="12" ec="5" bec="0" bev="0" fileid="40" />
                <SequencePoint vc="7" uspid="8782" ordinal="0" offset="1" sl="13" sc="9" el="13" ec="9" bec="0" bev="0" fileid="40" />
                <SequencePoint vc="7" uspid="8783" ordinal="0" offset="17" sl="14" sc="9" el="14" ec="9" bec="0" bev="0" fileid="40" />
                <SequencePoint vc="2" uspid="8784" ordinal="0" offset="33" sl="15" sc="9" el="15" ec="9" bec="0" bev="0" fileid="40" />
                <SequencePoint vc="2" uspid="8785" ordinal="0" offset="34" sl="16" sc="13" el="16" ec="13" bec="0" bev="0" fileid="40" />
                <SequencePoint vc="2" uspid="8786" ordinal="0" offset="45" sl="17" sc="13" el="17" ec="13" bec="0" bev="0" fileid="40" />
                <SequencePoint vc="5" uspid="8787" ordinal="0" offset="47" sl="19" sc="9" el="19" ec="9" bec="0" bev="0" fileid="40" />
                <SequencePoint vc="7" uspid="8788" ordinal="0" offset="65" sl="20" sc="5" el="20" ec="5" bec="0" bev="0" fileid="40" />
              </SequencePoints>
              <BranchPoints />
            </Method>
            <Method visited="true" cyclomaticComplexity="0" nPathComplexity="0" sequenceCoverage="100.0" branchCoverage="0" crapScore="0" isConstructor="false" isStatic="false" isGetter="false" isSetter="false">
              <Summary numSequencePoints="10" visitedSequencePoints="10" numBranchPoints="0" visitedBranchPoints="0" sequenceCoverage="100.0" branchCoverage="0" maxCyclomaticComplexity="0" minCyclomaticComplexity="0" maxCrapScore="0" minCrapScore="0" visitedClasses="0" numClasses="0" visitedMethods="1" numMethods="1" />
              <MetadataToken>100663317</MetadataToken>
              <Name>System.Void CargoRoomController::StartMinigame()</Name>
              <FileRef uid="40" />
              <SequencePoints>
                <SequencePoint vc="4" uspid="8789" ordinal="0" offset="0" sl="23" sc="5" el="23" ec="5" bec="0" bev="0" fileid="40" />
                <SequencePoint vc="4" uspid="8790" ordinal="0" offset="1" sl="24" sc="9" el="24" ec="9" bec="0" bev="0" fileid="40" />
                <SequencePoint vc="2" uspid="8791" ordinal="0" offset="26" sl="25" sc="9" el="25" ec="9" bec="0" bev="0" fileid="40" />
                <SequencePoint vc="2" uspid="8792" ordinal="0" offset="27" sl="26" sc="13" el="26" ec="13" bec="0" bev="0" fileid="40" />
                <SequencePoint vc="2" uspid="8793" ordinal="0" offset="51" sl="27" sc="9" el="27" ec="9" bec="0" bev="0" fileid="40" />
                <SequencePoint vc="2" uspid="8794" ordinal="0" offset="54" sl="29" sc="9" el="29" ec="9" bec="0" bev="0" fileid="40" />
                <SequencePoint vc="2" uspid="8795" ordinal="0" offset="55" sl="30" sc="13" el="30" ec="13" bec="0" bev="0" fileid="40" />
                <SequencePoint vc="2" uspid="8796" ordinal="0" offset="73" sl="31" sc="13" el="31" ec="13" bec="0" bev="0" fileid="40" />
                <SequencePoint vc="2" uspid="8797" ordinal="0" offset="91" sl="32" sc="9" el="32" ec="9" bec="0" bev="0" fileid="40" />
                <SequencePoint vc="4" uspid="8798" ordinal="0" offset="92" sl="33" sc="5" el="33" ec="5" bec="0" bev="0" fileid="40" />
              </SequencePoints>
              <BranchPoints />
            </Method>
            <Method visited="true" cyclomaticComplexity="0" nPathComplexity="0" sequenceCoverage="100.0" branchCoverage="0" crapScore="0" isConstructor="true" isStatic="false" isGetter="false" isSetter="false">
              <Summary numSequencePoints="1" visitedSequencePoints="1" numBranchPoints="0" visitedBranchPoints="0" sequenceCoverage="100.0" branchCoverage="0" maxCyclomaticComplexity="0" minCyclomaticComplexity="0" maxCrapScore="0" minCrapScore="0" visitedClasses="0" numClasses="0" visitedMethods="1" numMethods="1" />
              <MetadataToken>100663318</MetadataToken>
              <Name>CargoRoomController::CargoRoomController()</Name>
              <FileRef uid="40" />
              <SequencePoints>
                <SequencePoint vc="7" uspid="8799" ordinal="0" offset="0" sl="8" sc="5" el="8" ec="5" bec="0" bev="0" fileid="40" />
              </SequencePoints>
              <BranchPoints />
            </Method>
          </Methods>
        </Class>
        <Class>
          <Summary numSequencePoints="3" visitedSequencePoints="3" numBranchPoints="0" visitedBranchPoints="0" sequenceCoverage="100.0" branchCoverage="0.0" maxCyclomaticComplexity="0" minCyclomaticComplexity="0" maxCrapScore="0" minCrapScore="0" visitedClasses="1" numClasses="1" visitedMethods="1" numMethods="1" />
          <FullName>ExitMinigame</FullName>
          <Methods>
            <Method visited="true" cyclomaticComplexity="0" nPathComplexity="0" sequenceCoverage="100.0" branchCoverage="0" crapScore="0" isConstructor="false" isStatic="false" isGetter="false" isSetter="false">
              <Summary numSequencePoints="3" visitedSequencePoints="3" numBranchPoints="0" visitedBranchPoints="0" sequenceCoverage="100.0" branchCoverage="0" maxCyclomaticComplexity="0" minCyclomaticComplexity="0" maxCrapScore="0" minCrapScore="0" visitedClasses="0" numClasses="0" visitedMethods="1" numMethods="1" />
              <MetadataToken>100663319</MetadataToken>
              <Name>System.Void ExitMinigame::OnClick()</Name>
              <FileRef uid="41" />
              <SequencePoints>
                <SequencePoint vc="1" uspid="8800" ordinal="0" offset="0" sl="7" sc="5" el="7" ec="5" bec="0" bev="0" fileid="41" />
                <SequencePoint vc="1" uspid="8801" ordinal="0" offset="1" sl="9" sc="9" el="9" ec="9" bec="0" bev="0" fileid="41" />
                <SequencePoint vc="1" uspid="8802" ordinal="0" offset="12" sl="10" sc="5" el="10" ec="5" bec="0" bev="0" fileid="41" />
              </SequencePoints>
              <BranchPoints />
            </Method>
          </Methods>
        </Class>
        <Class>
          <Summary numSequencePoints="31" visitedSequencePoints="11" numBranchPoints="0" visitedBranchPoints="0" sequenceCoverage="35.48" branchCoverage="0.0" maxCyclomaticComplexity="0" minCyclomaticComplexity="0" maxCrapScore="0" minCrapScore="0" visitedClasses="1" numClasses="1" visitedMethods="2" numMethods="2" />
          <FullName>RestarterScript</FullName>
          <Methods>
            <Method visited="true" cyclomaticComplexity="0" nPathComplexity="0" sequenceCoverage="87.50" branchCoverage="0" crapScore="0" isConstructor="false" isStatic="false" isGetter="false" isSetter="false">
              <Summary numSequencePoints="8" visitedSequencePoints="7" numBranchPoints="0" visitedBranchPoints="0" sequenceCoverage="87.50" branchCoverage="0" maxCyclomaticComplexity="0" minCyclomaticComplexity="0" maxCrapScore="0" minCrapScore="0" visitedClasses="0" numClasses="0" visitedMethods="1" numMethods="1" />
              <MetadataToken>100663321</MetadataToken>
              <Name>System.Void RestarterScript::Start()</Name>
              <FileRef uid="42" />
              <SequencePoints>
                <SequencePoint vc="4" uspid="8803" ordinal="0" offset="0" sl="15" sc="5" el="15" ec="5" bec="0" bev="0" fileid="42" />
                <SequencePoint vc="4" uspid="8804" ordinal="0" offset="1" sl="16" sc="9" el="16" ec="9" bec="0" bev="0" fileid="42" />
                <SequencePoint vc="4" uspid="8805" ordinal="0" offset="17" sl="17" sc="9" el="17" ec="9" bec="0" bev="0" fileid="42" />
                <SequencePoint vc="4" uspid="8806" ordinal="0" offset="33" sl="18" sc="9" el="18" ec="9" bec="0" bev="0" fileid="42" />
                <SequencePoint vc="4" uspid="8807" ordinal="0" offset="34" sl="19" sc="13" el="19" ec="13" bec="0" bev="0" fileid="42" />
                <SequencePoint vc="4" uspid="8808" ordinal="0" offset="45" sl="20" sc="13" el="20" ec="13" bec="0" bev="0" fileid="42" />
                <SequencePoint vc="0" uspid="8809" ordinal="0" offset="47" sl="22" sc="9" el="22" ec="9" bec="0" bev="0" fileid="42" />
                <SequencePoint vc="4" uspid="8810" ordinal="0" offset="60" sl="23" sc="5" el="23" ec="5" bec="0" bev="0" fileid="42" />
              </SequencePoints>
              <BranchPoints />
            </Method>
            <Method visited="true" cyclomaticComplexity="0" nPathComplexity="0" sequenceCoverage="17.39" branchCoverage="0" crapScore="0" isConstructor="false" isStatic="false" isGetter="false" isSetter="false">
              <Summary numSequencePoints="23" visitedSequencePoints="4" numBranchPoints="0" visitedBranchPoints="0" sequenceCoverage="17.39" branchCoverage="0" maxCyclomaticComplexity="0" minCyclomaticComplexity="0" maxCrapScore="0" minCrapScore="0" visitedClasses="0" numClasses="0" visitedMethods="1" numMethods="1" />
              <MetadataToken>100663322</MetadataToken>
              <Name>System.Void RestarterScript::Update()</Name>
              <FileRef uid="42" />
              <SequencePoints>
                <SequencePoint vc="20" uspid="8811" ordinal="0" offset="0" sl="26" sc="5" el="26" ec="5" bec="0" bev="0" fileid="42" />
                <SequencePoint vc="20" uspid="8812" ordinal="0" offset="1" sl="27" sc="9" el="27" ec="9" bec="0" bev="0" fileid="42" />
                <SequencePoint vc="0" uspid="8813" ordinal="0" offset="31" sl="28" sc="9" el="28" ec="9" bec="0" bev="0" fileid="42" />
                <SequencePoint vc="0" uspid="8814" ordinal="0" offset="32" sl="29" sc="13" el="29" ec="13" bec="0" bev="0" fileid="42" />
                <SequencePoint vc="0" uspid="8815" ordinal="0" offset="47" sl="30" sc="13" el="30" ec="13" bec="0" bev="0" fileid="42" />
                <SequencePoint vc="0" uspid="8816" ordinal="0" offset="48" sl="31" sc="17" el="31" ec="17" bec="0" bev="0" fileid="42" />
                <SequencePoint vc="0" uspid="8817" ordinal="0" offset="76" sl="32" sc="13" el="32" ec="13" bec="0" bev="0" fileid="42" />
                <SequencePoint vc="0" uspid="8818" ordinal="0" offset="77" sl="33" sc="13" el="33" ec="13" bec="0" bev="0" fileid="42" />
                <SequencePoint vc="0" uspid="8819" ordinal="0" offset="90" sl="34" sc="13" el="34" ec="13" bec="0" bev="0" fileid="42" />
                <SequencePoint vc="0" uspid="8820" ordinal="0" offset="108" sl="35" sc="13" el="35" ec="13" bec="0" bev="0" fileid="42" />
                <SequencePoint vc="0" uspid="8821" ordinal="0" offset="131" sl="36" sc="13" el="36" ec="13" bec="0" bev="0" fileid="42" />
                <SequencePoint vc="0" uspid="8822" ordinal="0" offset="139" sl="37" sc="9" el="37" ec="9" bec="0" bev="0" fileid="42" />
                <SequencePoint vc="20" uspid="8823" ordinal="0" offset="140" sl="39" sc="9" el="39" ec="9" bec="0" bev="0" fileid="42" />
                <SequencePoint vc="0" uspid="8824" ordinal="0" offset="151" sl="40" sc="9" el="40" ec="9" bec="0" bev="0" fileid="42" />
                <SequencePoint vc="0" uspid="8825" ordinal="0" offset="152" sl="41" sc="13" el="41" ec="13" bec="0" bev="0" fileid="42" />
                <SequencePoint vc="0" uspid="8826" ordinal="0" offset="167" sl="42" sc="13" el="42" ec="13" bec="0" bev="0" fileid="42" />
                <SequencePoint vc="0" uspid="8827" ordinal="0" offset="168" sl="43" sc="17" el="43" ec="17" bec="0" bev="0" fileid="42" />
                <SequencePoint vc="0" uspid="8828" ordinal="0" offset="196" sl="44" sc="13" el="44" ec="13" bec="0" bev="0" fileid="42" />
                <SequencePoint vc="0" uspid="8829" ordinal="0" offset="197" sl="45" sc="13" el="45" ec="13" bec="0" bev="0" fileid="42" />
                <SequencePoint vc="0" uspid="8830" ordinal="0" offset="210" sl="46" sc="13" el="46" ec="13" bec="0" bev="0" fileid="42" />
                <SequencePoint vc="0" uspid="8831" ordinal="0" offset="228" sl="48" sc="13" el="48" ec="13" bec="0" bev="0" fileid="42" />
                <SequencePoint vc="0" uspid="8832" ordinal="0" offset="236" sl="49" sc="9" el="49" ec="9" bec="0" bev="0" fileid="42" />
                <SequencePoint vc="20" uspid="8833" ordinal="0" offset="237" sl="50" sc="5" el="50" ec="5" bec="0" bev="0" fileid="42" />
              </SequencePoints>
              <BranchPoints />
            </Method>
          </Methods>
        </Class>
        <Class>
          <Summary numSequencePoints="38" visitedSequencePoints="32" numBranchPoints="0" visitedBranchPoints="0" sequenceCoverage="84.21" branchCoverage="0.0" maxCyclomaticComplexity="0" minCyclomaticComplexity="0" maxCrapScore="0" minCrapScore="0" visitedClasses="1" numClasses="1" visitedMethods="3" numMethods="3" />
          <FullName>Target</FullName>
          <Methods>
            <Method visited="true" cyclomaticComplexity="0" nPathComplexity="0" sequenceCoverage="100.0" branchCoverage="0" crapScore="0" isConstructor="false" isStatic="false" isGetter="false" isSetter="false">
              <Summary numSequencePoints="8" visitedSequencePoints="8" numBranchPoints="0" visitedBranchPoints="0" sequenceCoverage="100.0" branchCoverage="0" maxCyclomaticComplexity="0" minCyclomaticComplexity="0" maxCrapScore="0" minCrapScore="0" visitedClasses="0" numClasses="0" visitedMethods="1" numMethods="1" />
              <MetadataToken>100663328</MetadataToken>
              <Name>System.Void Target::Start()</Name>
              <FileRef uid="43" />
              <SequencePoints>
                <SequencePoint vc="13" uspid="8855" ordinal="0" offset="0" sl="13" sc="5" el="13" ec="5" bec="0" bev="0" fileid="43" />
                <SequencePoint vc="13" uspid="8856" ordinal="0" offset="1" sl="14" sc="9" el="14" ec="9" bec="0" bev="0" fileid="43" />
                <SequencePoint vc="1" uspid="8857" ordinal="0" offset="17" sl="15" sc="9" el="15" ec="9" bec="0" bev="0" fileid="43" />
                <SequencePoint vc="1" uspid="8858" ordinal="0" offset="18" sl="16" sc="13" el="16" ec="13" bec="0" bev="0" fileid="43" />
                <SequencePoint vc="1" uspid="8859" ordinal="0" offset="29" sl="17" sc="13" el="17" ec="13" bec="0" bev="0" fileid="43" />
                <SequencePoint vc="12" uspid="8860" ordinal="0" offset="31" sl="19" sc="9" el="19" ec="9" bec="0" bev="0" fileid="43" />
                <SequencePoint vc="12" uspid="8861" ordinal="0" offset="43" sl="20" sc="9" el="20" ec="9" bec="0" bev="0" fileid="43" />
                <SequencePoint vc="13" uspid="8862" ordinal="0" offset="50" sl="21" sc="5" el="21" ec="5" bec="0" bev="0" fileid="43" />
              </SequencePoints>
              <BranchPoints />
            </Method>
            <Method visited="true" cyclomaticComplexity="0" nPathComplexity="0" sequenceCoverage="80.00" branchCoverage="0" crapScore="0" isConstructor="false" isStatic="false" isGetter="false" isSetter="false">
              <Summary numSequencePoints="15" visitedSequencePoints="12" numBranchPoints="0" visitedBranchPoints="0" sequenceCoverage="80.00" branchCoverage="0" maxCyclomaticComplexity="0" minCyclomaticComplexity="0" maxCrapScore="0" minCrapScore="0" visitedClasses="0" numClasses="0" visitedMethods="1" numMethods="1" />
              <MetadataToken>100663329</MetadataToken>
              <Name>System.Void Target::OnTriggerEnter2D(UnityEngine.Collider2D)</Name>
              <FileRef uid="43" />
              <SequencePoints>
                <SequencePoint vc="1" uspid="8863" ordinal="0" offset="0" sl="25" sc="5" el="25" ec="5" bec="0" bev="0" fileid="43" />
                <SequencePoint vc="1" uspid="8864" ordinal="0" offset="1" sl="26" sc="9" el="26" ec="9" bec="0" bev="0" fileid="43" />
                <SequencePoint vc="1" uspid="8865" ordinal="0" offset="16" sl="27" sc="9" el="27" ec="9" bec="0" bev="0" fileid="43" />
                <SequencePoint vc="1" uspid="8866" ordinal="0" offset="17" sl="28" sc="13" el="28" ec="13" bec="0" bev="0" fileid="43" />
                <SequencePoint vc="1" uspid="8867" ordinal="0" offset="34" sl="29" sc="13" el="29" ec="13" bec="0" bev="0" fileid="43" />
                <SequencePoint vc="1" uspid="8868" ordinal="0" offset="35" sl="30" sc="17" el="30" ec="17" bec="0" bev="0" fileid="43" />
                <SequencePoint vc="1" uspid="8869" ordinal="0" offset="43" sl="31" sc="13" el="31" ec="13" bec="0" bev="0" fileid="43" />
                <SequencePoint vc="1" uspid="8870" ordinal="0" offset="44" sl="34" sc="13" el="34" ec="13" bec="0" bev="0" fileid="43" />
                <SequencePoint vc="1" uspid="8871" ordinal="0" offset="62" sl="35" sc="13" el="35" ec="13" bec="0" bev="0" fileid="43" />
                <SequencePoint vc="1" uspid="8872" ordinal="0" offset="69" sl="36" sc="13" el="36" ec="13" bec="0" bev="0" fileid="43" />
                <SequencePoint vc="0" uspid="8873" ordinal="0" offset="84" sl="37" sc="13" el="37" ec="13" bec="0" bev="0" fileid="43" />
                <SequencePoint vc="0" uspid="8874" ordinal="0" offset="85" sl="38" sc="17" el="38" ec="17" bec="0" bev="0" fileid="43" />
                <SequencePoint vc="0" uspid="8875" ordinal="0" offset="113" sl="39" sc="13" el="39" ec="13" bec="0" bev="0" fileid="43" />
                <SequencePoint vc="1" uspid="8876" ordinal="0" offset="114" sl="41" sc="9" el="41" ec="9" bec="0" bev="0" fileid="43" />
                <SequencePoint vc="1" uspid="8877" ordinal="0" offset="115" sl="42" sc="5" el="42" ec="5" bec="0" bev="0" fileid="43" />
              </SequencePoints>
              <BranchPoints />
            </Method>
            <Method visited="true" cyclomaticComplexity="0" nPathComplexity="0" sequenceCoverage="80.00" branchCoverage="0" crapScore="0" isConstructor="false" isStatic="false" isGetter="false" isSetter="false">
              <Summary numSequencePoints="15" visitedSequencePoints="12" numBranchPoints="0" visitedBranchPoints="0" sequenceCoverage="80.00" branchCoverage="0" maxCyclomaticComplexity="0" minCyclomaticComplexity="0" maxCrapScore="0" minCrapScore="0" visitedClasses="0" numClasses="0" visitedMethods="1" numMethods="1" />
              <MetadataToken>100663330</MetadataToken>
              <Name>System.Void Target::OnTriggerExit2D(UnityEngine.Collider2D)</Name>
              <FileRef uid="43" />
              <SequencePoints>
                <SequencePoint vc="1" uspid="8878" ordinal="0" offset="0" sl="45" sc="5" el="45" ec="5" bec="0" bev="0" fileid="43" />
                <SequencePoint vc="1" uspid="8879" ordinal="0" offset="1" sl="46" sc="9" el="46" ec="9" bec="0" bev="0" fileid="43" />
                <SequencePoint vc="1" uspid="8880" ordinal="0" offset="16" sl="47" sc="9" el="47" ec="9" bec="0" bev="0" fileid="43" />
                <SequencePoint vc="1" uspid="8881" ordinal="0" offset="17" sl="48" sc="13" el="48" ec="13" bec="0" bev="0" fileid="43" />
                <SequencePoint vc="1" uspid="8882" ordinal="0" offset="34" sl="49" sc="13" el="49" ec="13" bec="0" bev="0" fileid="43" />
                <SequencePoint vc="1" uspid="8883" ordinal="0" offset="35" sl="50" sc="17" el="50" ec="17" bec="0" bev="0" fileid="43" />
                <SequencePoint vc="1" uspid="8884" ordinal="0" offset="43" sl="51" sc="13" el="51" ec="13" bec="0" bev="0" fileid="43" />
                <SequencePoint vc="1" uspid="8885" ordinal="0" offset="44" sl="54" sc="13" el="54" ec="13" bec="0" bev="0" fileid="43" />
                <SequencePoint vc="1" uspid="8886" ordinal="0" offset="62" sl="55" sc="13" el="55" ec="13" bec="0" bev="0" fileid="43" />
                <SequencePoint vc="1" uspid="8887" ordinal="0" offset="69" sl="56" sc="13" el="56" ec="13" bec="0" bev="0" fileid="43" />
                <SequencePoint vc="0" uspid="8888" ordinal="0" offset="109" sl="57" sc="13" el="57" ec="13" bec="0" bev="0" fileid="43" />
                <SequencePoint vc="0" uspid="8889" ordinal="0" offset="110" sl="58" sc="17" el="58" ec="17" bec="0" bev="0" fileid="43" />
                <SequencePoint vc="0" uspid="8890" ordinal="0" offset="138" sl="59" sc="13" el="59" ec="13" bec="0" bev="0" fileid="43" />
                <SequencePoint vc="1" uspid="8891" ordinal="0" offset="139" sl="61" sc="9" el="61" ec="9" bec="0" bev="0" fileid="43" />
                <SequencePoint vc="1" uspid="8892" ordinal="0" offset="140" sl="62" sc="5" el="62" ec="5" bec="0" bev="0" fileid="43" />
              </SequencePoints>
              <BranchPoints />
            </Method>
          </Methods>
        </Class>
        <Class>
          <Summary numSequencePoints="300" visitedSequencePoints="267" numBranchPoints="0" visitedBranchPoints="0" sequenceCoverage="89.00" branchCoverage="0.0" maxCyclomaticComplexity="0" minCyclomaticComplexity="0" maxCrapScore="0" minCrapScore="0" visitedClasses="1" numClasses="1" visitedMethods="18" numMethods="18" />
          <FullName>ControlsMinigameBootstrap</FullName>
          <Methods>
            <Method visited="true" cyclomaticComplexity="0" nPathComplexity="0" sequenceCoverage="70.51" branchCoverage="0" crapScore="0" isConstructor="false" isStatic="false" isGetter="false" isSetter="false">
              <Summary numSequencePoints="78" visitedSequencePoints="55" numBranchPoints="0" visitedBranchPoints="0" sequenceCoverage="70.51" branchCoverage="0" maxCyclomaticComplexity="0" minCyclomaticComplexity="0" maxCrapScore="0" minCrapScore="0" visitedClasses="0" numClasses="0" visitedMethods="1" numMethods="1" />
              <MetadataToken>100663352</MetadataToken>
              <Name>System.Void ControlsMinigameBootstrap::Awake()</Name>
              <FileRef uid="47" />
              <SequencePoints>
                <SequencePoint vc="1" uspid="9098" ordinal="0" offset="0" sl="21" sc="5" el="21" ec="5" bec="0" bev="0" fileid="47" />
                <SequencePoint vc="1" uspid="9099" ordinal="0" offset="1" sl="22" sc="9" el="22" ec="9" bec="0" bev="0" fileid="47" />
                <SequencePoint vc="1" uspid="9100" ordinal="0" offset="26" sl="24" sc="9" el="24" ec="9" bec="0" bev="0" fileid="47" />
                <SequencePoint vc="1" uspid="9101" ordinal="0" offset="33" sl="25" sc="9" el="25" ec="9" bec="0" bev="0" fileid="47" />
                <SequencePoint vc="1" uspid="9102" ordinal="0" offset="40" sl="26" sc="9" el="26" ec="9" bec="0" bev="0" fileid="47" />
                <SequencePoint vc="0" uspid="9103" ordinal="0" offset="53" sl="27" sc="9" el="27" ec="9" bec="0" bev="0" fileid="47" />
                <SequencePoint vc="0" uspid="9104" ordinal="0" offset="54" sl="28" sc="13" el="28" ec="13" bec="0" bev="0" fileid="47" />
                <SequencePoint vc="0" uspid="9105" ordinal="0" offset="65" sl="29" sc="13" el="29" ec="13" bec="0" bev="0" fileid="47" />
                <SequencePoint vc="1" uspid="9106" ordinal="0" offset="70" sl="32" sc="9" el="32" ec="9" bec="0" bev="0" fileid="47" />
                <SequencePoint vc="1" uspid="9107" ordinal="0" offset="81" sl="33" sc="9" el="33" ec="9" bec="0" bev="0" fileid="47" />
                <SequencePoint vc="1" uspid="9108" ordinal="0" offset="97" sl="34" sc="9" el="34" ec="9" bec="0" bev="0" fileid="47" />
                <SequencePoint vc="1" uspid="9109" ordinal="0" offset="134" sl="35" sc="9" el="35" ec="9" bec="0" bev="0" fileid="47" />
                <SequencePoint vc="1" uspid="9110" ordinal="0" offset="171" sl="37" sc="9" el="37" ec="9" bec="0" bev="0" fileid="47" />
                <SequencePoint vc="1" uspid="9111" ordinal="0" offset="190" sl="39" sc="9" el="39" ec="9" bec="0" bev="0" fileid="47" />
                <SequencePoint vc="1" uspid="9112" ordinal="0" offset="229" sl="40" sc="9" el="40" ec="9" bec="0" bev="0" fileid="47" />
                <SequencePoint vc="1" uspid="9113" ordinal="0" offset="274" sl="41" sc="9" el="41" ec="9" bec="0" bev="0" fileid="47" />
                <SequencePoint vc="1" uspid="9114" ordinal="0" offset="319" sl="43" sc="9" el="43" ec="9" bec="0" bev="0" fileid="47" />
                <SequencePoint vc="1" uspid="9115" ordinal="0" offset="375" sl="44" sc="9" el="44" ec="9" bec="0" bev="0" fileid="47" />
                <SequencePoint vc="1" uspid="9116" ordinal="0" offset="442" sl="54" sc="9" el="54" ec="9" bec="0" bev="0" fileid="47" />
                <SequencePoint vc="1" uspid="9117" ordinal="0" offset="475" sl="55" sc="9" el="55" ec="9" bec="0" bev="0" fileid="47" />
                <SequencePoint vc="1" uspid="9118" ordinal="0" offset="489" sl="56" sc="9" el="56" ec="9" bec="0" bev="0" fileid="47" />
                <SequencePoint vc="1" uspid="9119" ordinal="0" offset="556" sl="67" sc="9" el="67" ec="9" bec="0" bev="0" fileid="47" />
                <SequencePoint vc="1" uspid="9120" ordinal="0" offset="597" sl="68" sc="9" el="68" ec="9" bec="0" bev="0" fileid="47" />
                <SequencePoint vc="1" uspid="9121" ordinal="0" offset="638" sl="69" sc="9" el="69" ec="9" bec="0" bev="0" fileid="47" />
                <SequencePoint vc="1" uspid="9122" ordinal="0" offset="679" sl="71" sc="9" el="71" ec="9" bec="0" bev="0" fileid="47" />
                <SequencePoint vc="1" uspid="9123" ordinal="0" offset="731" sl="72" sc="9" el="72" ec="9" bec="0" bev="0" fileid="47" />
                <SequencePoint vc="1" uspid="9124" ordinal="0" offset="783" sl="73" sc="9" el="73" ec="9" bec="0" bev="0" fileid="47" />
                <SequencePoint vc="1" uspid="9125" ordinal="0" offset="835" sl="75" sc="9" el="75" ec="9" bec="0" bev="0" fileid="47" />
                <SequencePoint vc="1" uspid="9126" ordinal="0" offset="875" sl="76" sc="9" el="76" ec="9" bec="0" bev="0" fileid="47" />
                <SequencePoint vc="1" uspid="9127" ordinal="0" offset="898" sl="78" sc="9" el="78" ec="9" bec="0" bev="0" fileid="47" />
                <SequencePoint vc="1" uspid="9128" ordinal="0" offset="913" sl="80" sc="9" el="80" ec="9" bec="0" bev="0" fileid="47" />
                <SequencePoint vc="1" uspid="9129" ordinal="0" offset="958" sl="81" sc="9" el="81" ec="9" bec="0" bev="0" fileid="47" />
                <SequencePoint vc="1" uspid="9130" ordinal="0" offset="1003" sl="82" sc="9" el="82" ec="9" bec="0" bev="0" fileid="47" />
                <SequencePoint vc="1" uspid="9131" ordinal="0" offset="1048" sl="84" sc="9" el="84" ec="9" bec="0" bev="0" fileid="47" />
                <SequencePoint vc="1" uspid="9132" ordinal="0" offset="1101" sl="85" sc="9" el="85" ec="9" bec="0" bev="0" fileid="47" />
                <SequencePoint vc="1" uspid="9133" ordinal="0" offset="1154" sl="86" sc="9" el="86" ec="9" bec="0" bev="0" fileid="47" />
                <SequencePoint vc="1" uspid="9134" ordinal="0" offset="1224" sl="88" sc="9" el="88" ec="9" bec="0" bev="0" fileid="47" />
                <SequencePoint vc="1" uspid="9135" ordinal="0" offset="1241" sl="89" sc="9" el="89" ec="9" bec="0" bev="0" fileid="47" />
                <SequencePoint vc="1" uspid="9136" ordinal="0" offset="1258" sl="90" sc="9" el="90" ec="9" bec="0" bev="0" fileid="47" />
                <SequencePoint vc="1" uspid="9137" ordinal="0" offset="1275" sl="91" sc="9" el="91" ec="9" bec="0" bev="0" fileid="47" />
                <SequencePoint vc="1" uspid="9138" ordinal="0" offset="1278" sl="92" sc="9" el="92" ec="9" bec="0" bev="0" fileid="47" />
                <SequencePoint vc="1" uspid="9139" ordinal="0" offset="1281" sl="93" sc="9" el="93" ec="9" bec="0" bev="0" fileid="47" />
                <SequencePoint vc="1" uspid="9140" ordinal="0" offset="1284" sl="94" sc="9" el="94" ec="9" bec="0" bev="0" fileid="47" />
                <SequencePoint vc="1" uspid="9141" ordinal="0" offset="1287" sl="96" sc="9" el="96" ec="9" bec="0" bev="0" fileid="47" />
                <SequencePoint vc="0" uspid="9142" ordinal="0" offset="1297" sl="97" sc="9" el="97" ec="9" bec="0" bev="0" fileid="47" />
                <SequencePoint vc="0" uspid="9143" ordinal="0" offset="1298" sl="98" sc="13" el="98" ec="13" bec="0" bev="0" fileid="47" />
                <SequencePoint vc="0" uspid="9144" ordinal="0" offset="1343" sl="99" sc="13" el="99" ec="13" bec="0" bev="0" fileid="47" />
                <SequencePoint vc="0" uspid="9145" ordinal="0" offset="1395" sl="100" sc="13" el="100" ec="13" bec="0" bev="0" fileid="47" />
                <SequencePoint vc="0" uspid="9146" ordinal="0" offset="1448" sl="101" sc="13" el="101" ec="13" bec="0" bev="0" fileid="47" />
                <SequencePoint vc="0" uspid="9147" ordinal="0" offset="1501" sl="102" sc="13" el="102" ec="13" bec="0" bev="0" fileid="47" />
                <SequencePoint vc="0" uspid="9148" ordinal="0" offset="1510" sl="103" sc="13" el="103" ec="13" bec="0" bev="0" fileid="47" />
                <SequencePoint vc="0" uspid="9149" ordinal="0" offset="1580" sl="104" sc="13" el="104" ec="13" bec="0" bev="0" fileid="47" />
                <SequencePoint vc="0" uspid="9150" ordinal="0" offset="1589" sl="105" sc="13" el="105" ec="13" bec="0" bev="0" fileid="47" />
                <SequencePoint vc="0" uspid="9151" ordinal="0" offset="1659" sl="106" sc="13" el="106" ec="13" bec="0" bev="0" fileid="47" />
                <SequencePoint vc="0" uspid="9152" ordinal="0" offset="1668" sl="107" sc="13" el="107" ec="13" bec="0" bev="0" fileid="47" />
                <SequencePoint vc="0" uspid="9153" ordinal="0" offset="1677" sl="108" sc="13" el="108" ec="13" bec="0" bev="0" fileid="47" />
                <SequencePoint vc="0" uspid="9154" ordinal="0" offset="1700" sl="109" sc="13" el="109" ec="13" bec="0" bev="0" fileid="47" />
                <SequencePoint vc="0" uspid="9155" ordinal="0" offset="1723" sl="110" sc="13" el="110" ec="13" bec="0" bev="0" fileid="47" />
                <SequencePoint vc="0" uspid="9156" ordinal="0" offset="1746" sl="111" sc="13" el="111" ec="13" bec="0" bev="0" fileid="47" />
                <SequencePoint vc="0" uspid="9157" ordinal="0" offset="1769" sl="112" sc="13" el="112" ec="13" bec="0" bev="0" fileid="47" />
                <SequencePoint vc="0" uspid="9158" ordinal="0" offset="1782" sl="113" sc="9" el="113" ec="9" bec="0" bev="0" fileid="47" />
                <SequencePoint vc="1" uspid="9159" ordinal="0" offset="1783" sl="115" sc="9" el="115" ec="9" bec="0" bev="0" fileid="47" />
                <SequencePoint vc="1" uspid="9160" ordinal="0" offset="1791" sl="116" sc="9" el="116" ec="9" bec="0" bev="0" fileid="47" />
                <SequencePoint vc="1" uspid="9161" ordinal="0" offset="1799" sl="117" sc="9" el="117" ec="9" bec="0" bev="0" fileid="47" />
                <SequencePoint vc="1" uspid="9162" ordinal="0" offset="1807" sl="118" sc="9" el="118" ec="9" bec="0" bev="0" fileid="47" />
                <SequencePoint vc="1" uspid="9163" ordinal="0" offset="1815" sl="119" sc="9" el="119" ec="9" bec="0" bev="0" fileid="47" />
                <SequencePoint vc="1" uspid="9164" ordinal="0" offset="1823" sl="120" sc="9" el="120" ec="9" bec="0" bev="0" fileid="47" />
                <SequencePoint vc="1" uspid="9165" ordinal="0" offset="1831" sl="121" sc="9" el="121" ec="9" bec="0" bev="0" fileid="47" />
                <SequencePoint vc="1" uspid="9166" ordinal="0" offset="1839" sl="123" sc="9" el="123" ec="9" bec="0" bev="0" fileid="47" />
                <SequencePoint vc="0" uspid="9167" ordinal="0" offset="1857" sl="124" sc="9" el="124" ec="9" bec="0" bev="0" fileid="47" />
                <SequencePoint vc="0" uspid="9168" ordinal="0" offset="1858" sl="125" sc="13" el="125" ec="13" bec="0" bev="0" fileid="47" />
                <SequencePoint vc="0" uspid="9169" ordinal="0" offset="1872" sl="126" sc="9" el="126" ec="9" bec="0" bev="0" fileid="47" />
                <SequencePoint vc="1" uspid="9170" ordinal="0" offset="1873" sl="128" sc="9" el="128" ec="9" bec="0" bev="0" fileid="47" />
                <SequencePoint vc="1" uspid="9171" ordinal="0" offset="1886" sl="129" sc="9" el="129" ec="9" bec="0" bev="0" fileid="47" />
                <SequencePoint vc="1" uspid="9172" ordinal="0" offset="1910" sl="130" sc="9" el="130" ec="9" bec="0" bev="0" fileid="47" />
                <SequencePoint vc="1" uspid="9173" ordinal="0" offset="1934" sl="131" sc="9" el="131" ec="9" bec="0" bev="0" fileid="47" />
                <SequencePoint vc="1" uspid="9174" ordinal="0" offset="1948" sl="133" sc="9" el="133" ec="9" bec="0" bev="0" fileid="47" />
                <SequencePoint vc="1" uspid="9175" ordinal="0" offset="1997" sl="146" sc="5" el="146" ec="5" bec="0" bev="0" fileid="47" />
              </SequencePoints>
              <BranchPoints />
            </Method>
            <Method visited="true" cyclomaticComplexity="0" nPathComplexity="0" sequenceCoverage="100.0" branchCoverage="0" crapScore="0" isConstructor="false" isStatic="false" isGetter="false" isSetter="false">
              <Summary numSequencePoints="11" visitedSequencePoints="11" numBranchPoints="0" visitedBranchPoints="0" sequenceCoverage="100.0" branchCoverage="0" maxCyclomaticComplexity="0" minCyclomaticComplexity="0" maxCrapScore="0" minCrapScore="0" visitedClasses="0" numClasses="0" visitedMethods="1" numMethods="1" />
              <MetadataToken>100663353</MetadataToken>
              <Name>UnityEngine.Canvas ControlsMinigameBootstrap::EnsureCanvas()</Name>
              <FileRef uid="47" />
              <SequencePoints>
                <SequencePoint vc="1" uspid="9176" ordinal="0" offset="0" sl="149" sc="5" el="149" ec="5" bec="0" bev="0" fileid="47" />
                <SequencePoint vc="1" uspid="9177" ordinal="0" offset="1" sl="150" sc="9" el="150" ec="9" bec="0" bev="0" fileid="47" />
                <SequencePoint vc="1" uspid="9178" ordinal="0" offset="70" sl="151" sc="9" el="151" ec="9" bec="0" bev="0" fileid="47" />
                <SequencePoint vc="1" uspid="9179" ordinal="0" offset="89" sl="152" sc="9" el="152" ec="9" bec="0" bev="0" fileid="47" />
                <SequencePoint vc="1" uspid="9180" ordinal="0" offset="96" sl="153" sc="9" el="153" ec="9" bec="0" bev="0" fileid="47" />
                <SequencePoint vc="1" uspid="9181" ordinal="0" offset="104" sl="155" sc="9" el="155" ec="9" bec="0" bev="0" fileid="47" />
                <SequencePoint vc="1" uspid="9182" ordinal="0" offset="111" sl="156" sc="9" el="156" ec="9" bec="0" bev="0" fileid="47" />
                <SequencePoint vc="1" uspid="9183" ordinal="0" offset="119" sl="157" sc="9" el="157" ec="9" bec="0" bev="0" fileid="47" />
                <SequencePoint vc="1" uspid="9184" ordinal="0" offset="141" sl="158" sc="9" el="158" ec="9" bec="0" bev="0" fileid="47" />
                <SequencePoint vc="1" uspid="9185" ordinal="0" offset="153" sl="160" sc="9" el="160" ec="9" bec="0" bev="0" fileid="47" />
                <SequencePoint vc="1" uspid="9186" ordinal="0" offset="157" sl="161" sc="5" el="161" ec="5" bec="0" bev="0" fileid="47" />
              </SequencePoints>
              <BranchPoints />
            </Method>
            <Method visited="true" cyclomaticComplexity="0" nPathComplexity="0" sequenceCoverage="71.43" branchCoverage="0" crapScore="0" isConstructor="false" isStatic="false" isGetter="false" isSetter="false">
              <Summary numSequencePoints="7" visitedSequencePoints="5" numBranchPoints="0" visitedBranchPoints="0" sequenceCoverage="71.43" branchCoverage="0" maxCyclomaticComplexity="0" minCyclomaticComplexity="0" maxCrapScore="0" minCrapScore="0" visitedClasses="0" numClasses="0" visitedMethods="1" numMethods="1" />
              <MetadataToken>100663354</MetadataToken>
              <Name>System.Void ControlsMinigameBootstrap::EnsureEventSystem()</Name>
              <FileRef uid="47" />
              <SequencePoints>
                <SequencePoint vc="1" uspid="9187" ordinal="0" offset="0" sl="164" sc="5" el="164" ec="5" bec="0" bev="0" fileid="47" />
                <SequencePoint vc="1" uspid="9188" ordinal="0" offset="1" sl="165" sc="9" el="165" ec="9" bec="0" bev="0" fileid="47" />
                <SequencePoint vc="1" uspid="9189" ordinal="0" offset="16" sl="166" sc="9" el="166" ec="9" bec="0" bev="0" fileid="47" />
                <SequencePoint vc="1" uspid="9190" ordinal="0" offset="17" sl="167" sc="13" el="167" ec="13" bec="0" bev="0" fileid="47" />
                <SequencePoint vc="0" uspid="9191" ordinal="0" offset="19" sl="170" sc="9" el="170" ec="9" bec="0" bev="0" fileid="47" />
                <SequencePoint vc="0" uspid="9192" ordinal="0" offset="62" sl="171" sc="9" el="171" ec="9" bec="0" bev="0" fileid="47" />
                <SequencePoint vc="1" uspid="9193" ordinal="0" offset="74" sl="172" sc="5" el="172" ec="5" bec="0" bev="0" fileid="47" />
              </SequencePoints>
              <BranchPoints />
            </Method>
            <Method visited="true" cyclomaticComplexity="0" nPathComplexity="0" sequenceCoverage="100.0" branchCoverage="0" crapScore="0" isConstructor="false" isStatic="false" isGetter="false" isSetter="false">
              <Summary numSequencePoints="13" visitedSequencePoints="13" numBranchPoints="0" visitedBranchPoints="0" sequenceCoverage="100.0" branchCoverage="0" maxCyclomaticComplexity="0" minCyclomaticComplexity="0" maxCrapScore="0" minCrapScore="0" visitedClasses="0" numClasses="0" visitedMethods="1" numMethods="1" />
              <MetadataToken>100663355</MetadataToken>
              <Name>UnityEngine.RectTransform ControlsMinigameBootstrap::CreatePanel(UnityEngine.Transform, System.String, UnityEngine.Vector2, UnityEngine.Vector2)</Name>
              <FileRef uid="47" />
              <SequencePoints>
                <SequencePoint vc="7" uspid="9194" ordinal="0" offset="0" sl="175" sc="5" el="175" ec="5" bec="0" bev="0" fileid="47" />
                <SequencePoint vc="7" uspid="9195" ordinal="0" offset="1" sl="176" sc="9" el="176" ec="9" bec="0" bev="0" fileid="47" />
                <SequencePoint vc="7" uspid="9196" ordinal="0" offset="53" sl="177" sc="9" el="177" ec="9" bec="0" bev="0" fileid="47" />
                <SequencePoint vc="7" uspid="9197" ordinal="0" offset="67" sl="178" sc="9" el="178" ec="9" bec="0" bev="0" fileid="47" />
                <SequencePoint vc="7" uspid="9198" ordinal="0" offset="74" sl="179" sc="9" el="179" ec="9" bec="0" bev="0" fileid="47" />
                <SequencePoint vc="7" uspid="9199" ordinal="0" offset="96" sl="180" sc="9" el="180" ec="9" bec="0" bev="0" fileid="47" />
                <SequencePoint vc="7" uspid="9200" ordinal="0" offset="118" sl="181" sc="9" el="181" ec="9" bec="0" bev="0" fileid="47" />
                <SequencePoint vc="7" uspid="9201" ordinal="0" offset="140" sl="182" sc="9" el="182" ec="9" bec="0" bev="0" fileid="47" />
                <SequencePoint vc="7" uspid="9202" ordinal="0" offset="149" sl="183" sc="9" el="183" ec="9" bec="0" bev="0" fileid="47" />
                <SequencePoint vc="7" uspid="9203" ordinal="0" offset="157" sl="185" sc="9" el="185" ec="9" bec="0" bev="0" fileid="47" />
                <SequencePoint vc="7" uspid="9204" ordinal="0" offset="164" sl="186" sc="9" el="186" ec="9" bec="0" bev="0" fileid="47" />
                <SequencePoint vc="7" uspid="9205" ordinal="0" offset="177" sl="187" sc="9" el="187" ec="9" bec="0" bev="0" fileid="47" />
                <SequencePoint vc="7" uspid="9206" ordinal="0" offset="181" sl="188" sc="5" el="188" ec="5" bec="0" bev="0" fileid="47" />
              </SequencePoints>
              <BranchPoints />
            </Method>
            <Method visited="true" cyclomaticComplexity="0" nPathComplexity="0" sequenceCoverage="100.0" branchCoverage="0" crapScore="0" isConstructor="false" isStatic="false" isGetter="false" isSetter="false">
              <Summary numSequencePoints="12" visitedSequencePoints="12" numBranchPoints="0" visitedBranchPoints="0" sequenceCoverage="100.0" branchCoverage="0" maxCyclomaticComplexity="0" minCyclomaticComplexity="0" maxCrapScore="0" minCrapScore="0" visitedClasses="0" numClasses="0" visitedMethods="1" numMethods="1" />
              <MetadataToken>100663356</MetadataToken>
              <Name>System.Void ControlsMinigameBootstrap::CreateBackground(UnityEngine.Transform, UnityEngine.Color)</Name>
              <FileRef uid="47" />
              <SequencePoints>
                <SequencePoint vc="1" uspid="9207" ordinal="0" offset="0" sl="191" sc="5" el="191" ec="5" bec="0" bev="0" fileid="47" />
                <SequencePoint vc="1" uspid="9208" ordinal="0" offset="1" sl="192" sc="9" el="192" ec="9" bec="0" bev="0" fileid="47" />
                <SequencePoint vc="1" uspid="9209" ordinal="0" offset="57" sl="193" sc="9" el="193" ec="9" bec="0" bev="0" fileid="47" />
                <SequencePoint vc="1" uspid="9210" ordinal="0" offset="71" sl="195" sc="9" el="195" ec="9" bec="0" bev="0" fileid="47" />
                <SequencePoint vc="1" uspid="9211" ordinal="0" offset="78" sl="196" sc="9" el="196" ec="9" bec="0" bev="0" fileid="47" />
                <SequencePoint vc="1" uspid="9212" ordinal="0" offset="100" sl="197" sc="9" el="197" ec="9" bec="0" bev="0" fileid="47" />
                <SequencePoint vc="1" uspid="9213" ordinal="0" offset="122" sl="198" sc="9" el="198" ec="9" bec="0" bev="0" fileid="47" />
                <SequencePoint vc="1" uspid="9214" ordinal="0" offset="144" sl="199" sc="9" el="199" ec="9" bec="0" bev="0" fileid="47" />
                <SequencePoint vc="1" uspid="9215" ordinal="0" offset="156" sl="200" sc="9" el="200" ec="9" bec="0" bev="0" fileid="47" />
                <SequencePoint vc="1" uspid="9216" ordinal="0" offset="168" sl="202" sc="9" el="202" ec="9" bec="0" bev="0" fileid="47" />
                <SequencePoint vc="1" uspid="9217" ordinal="0" offset="175" sl="203" sc="9" el="203" ec="9" bec="0" bev="0" fileid="47" />
                <SequencePoint vc="1" uspid="9218" ordinal="0" offset="183" sl="204" sc="5" el="204" ec="5" bec="0" bev="0" fileid="47" />
              </SequencePoints>
              <BranchPoints />
            </Method>
            <Method visited="true" cyclomaticComplexity="0" nPathComplexity="0" sequenceCoverage="100.0" branchCoverage="0" crapScore="0" isConstructor="false" isStatic="false" isGetter="false" isSetter="false">
              <Summary numSequencePoints="13" visitedSequencePoints="13" numBranchPoints="0" visitedBranchPoints="0" sequenceCoverage="100.0" branchCoverage="0" maxCyclomaticComplexity="0" minCyclomaticComplexity="0" maxCrapScore="0" minCrapScore="0" visitedClasses="0" numClasses="0" visitedMethods="1" numMethods="1" />
              <MetadataToken>100663357</MetadataToken>
              <Name>UnityEngine.RectTransform ControlsMinigameBootstrap::CreateLine(UnityEngine.RectTransform, System.String, UnityEngine.Color)</Name>
              <FileRef uid="47" />
              <SequencePoints>
                <SequencePoint vc="1" uspid="9219" ordinal="0" offset="0" sl="207" sc="5" el="207" ec="5" bec="0" bev="0" fileid="47" />
                <SequencePoint vc="1" uspid="9220" ordinal="0" offset="1" sl="208" sc="9" el="208" ec="9" bec="0" bev="0" fileid="47" />
                <SequencePoint vc="1" uspid="9221" ordinal="0" offset="53" sl="209" sc="9" el="209" ec="9" bec="0" bev="0" fileid="47" />
                <SequencePoint vc="1" uspid="9222" ordinal="0" offset="67" sl="210" sc="9" el="210" ec="9" bec="0" bev="0" fileid="47" />
                <SequencePoint vc="1" uspid="9223" ordinal="0" offset="74" sl="211" sc="9" el="211" ec="9" bec="0" bev="0" fileid="47" />
                <SequencePoint vc="1" uspid="9224" ordinal="0" offset="96" sl="212" sc="9" el="212" ec="9" bec="0" bev="0" fileid="47" />
                <SequencePoint vc="1" uspid="9225" ordinal="0" offset="118" sl="213" sc="9" el="213" ec="9" bec="0" bev="0" fileid="47" />
                <SequencePoint vc="1" uspid="9226" ordinal="0" offset="140" sl="214" sc="9" el="214" ec="9" bec="0" bev="0" fileid="47" />
                <SequencePoint vc="1" uspid="9227" ordinal="0" offset="162" sl="215" sc="9" el="215" ec="9" bec="0" bev="0" fileid="47" />
                <SequencePoint vc="1" uspid="9228" ordinal="0" offset="184" sl="217" sc="9" el="217" ec="9" bec="0" bev="0" fileid="47" />
                <SequencePoint vc="1" uspid="9229" ordinal="0" offset="191" sl="218" sc="9" el="218" ec="9" bec="0" bev="0" fileid="47" />
                <SequencePoint vc="1" uspid="9230" ordinal="0" offset="199" sl="219" sc="9" el="219" ec="9" bec="0" bev="0" fileid="47" />
                <SequencePoint vc="1" uspid="9231" ordinal="0" offset="203" sl="220" sc="5" el="220" ec="5" bec="0" bev="0" fileid="47" />
              </SequencePoints>
              <BranchPoints />
            </Method>
            <Method visited="true" cyclomaticComplexity="0" nPathComplexity="0" sequenceCoverage="100.0" branchCoverage="0" crapScore="0" isConstructor="false" isStatic="false" isGetter="false" isSetter="false">
              <Summary numSequencePoints="16" visitedSequencePoints="16" numBranchPoints="0" visitedBranchPoints="0" sequenceCoverage="100.0" branchCoverage="0" maxCyclomaticComplexity="0" minCyclomaticComplexity="0" maxCrapScore="0" minCrapScore="0" visitedClasses="0" numClasses="0" visitedMethods="1" numMethods="1" />
              <MetadataToken>100663358</MetadataToken>
              <Name>UnityEngine.UI.Image ControlsMinigameBootstrap::CreateTargetBand(UnityEngine.RectTransform, System.String)</Name>
              <FileRef uid="47" />
              <SequencePoints>
                <SequencePoint vc="1" uspid="9232" ordinal="0" offset="0" sl="223" sc="5" el="223" ec="5" bec="0" bev="0" fileid="47" />
                <SequencePoint vc="1" uspid="9233" ordinal="0" offset="1" sl="224" sc="9" el="224" ec="9" bec="0" bev="0" fileid="47" />
                <SequencePoint vc="1" uspid="9234" ordinal="0" offset="53" sl="225" sc="9" el="225" ec="9" bec="0" bev="0" fileid="47" />
                <SequencePoint vc="1" uspid="9235" ordinal="0" offset="67" sl="226" sc="9" el="226" ec="9" bec="0" bev="0" fileid="47" />
                <SequencePoint vc="1" uspid="9236" ordinal="0" offset="74" sl="227" sc="9" el="227" ec="9" bec="0" bev="0" fileid="47" />
                <SequencePoint vc="1" uspid="9237" ordinal="0" offset="96" sl="228" sc="9" el="228" ec="9" bec="0" bev="0" fileid="47" />
                <SequencePoint vc="1" uspid="9238" ordinal="0" offset="118" sl="229" sc="9" el="229" ec="9" bec="0" bev="0" fileid="47" />
                <SequencePoint vc="1" uspid="9239" ordinal="0" offset="140" sl="230" sc="9" el="230" ec="9" bec="0" bev="0" fileid="47" />
                <SequencePoint vc="1" uspid="9240" ordinal="0" offset="162" sl="231" sc="9" el="231" ec="9" bec="0" bev="0" fileid="47" />
                <SequencePoint vc="1" uspid="9241" ordinal="0" offset="184" sl="233" sc="9" el="233" ec="9" bec="0" bev="0" fileid="47" />
                <SequencePoint vc="1" uspid="9242" ordinal="0" offset="191" sl="234" sc="9" el="234" ec="9" bec="0" bev="0" fileid="47" />
                <SequencePoint vc="1" uspid="9243" ordinal="0" offset="223" sl="235" sc="9" el="235" ec="9" bec="0" bev="0" fileid="47" />
                <SequencePoint vc="1" uspid="9244" ordinal="0" offset="231" sl="236" sc="9" el="236" ec="9" bec="0" bev="0" fileid="47" />
                <SequencePoint vc="1" uspid="9245" ordinal="0" offset="239" sl="237" sc="9" el="237" ec="9" bec="0" bev="0" fileid="47" />
                <SequencePoint vc="1" uspid="9246" ordinal="0" offset="251" sl="238" sc="9" el="238" ec="9" bec="0" bev="0" fileid="47" />
                <SequencePoint vc="1" uspid="9247" ordinal="0" offset="255" sl="239" sc="5" el="239" ec="5" bec="0" bev="0" fileid="47" />
              </SequencePoints>
              <BranchPoints />
            </Method>
            <Method visited="true" cyclomaticComplexity="0" nPathComplexity="0" sequenceCoverage="100.0" branchCoverage="0" crapScore="0" isConstructor="false" isStatic="false" isGetter="false" isSetter="false">
              <Summary numSequencePoints="13" visitedSequencePoints="13" numBranchPoints="0" visitedBranchPoints="0" sequenceCoverage="100.0" branchCoverage="0" maxCyclomaticComplexity="0" minCyclomaticComplexity="0" maxCrapScore="0" minCrapScore="0" visitedClasses="0" numClasses="0" visitedMethods="1" numMethods="1" />
              <MetadataToken>100663359</MetadataToken>
              <Name>UnityEngine.RectTransform ControlsMinigameBootstrap::CreateBar(UnityEngine.RectTransform, System.String, UnityEngine.Vector2, UnityEngine.Vector2)</Name>
              <FileRef uid="47" />
              <SequencePoints>
                <SequencePoint vc="1" uspid="9248" ordinal="0" offset="0" sl="242" sc="5" el="242" ec="5" bec="0" bev="0" fileid="47" />
                <SequencePoint vc="1" uspid="9249" ordinal="0" offset="1" sl="243" sc="9" el="243" ec="9" bec="0" bev="0" fileid="47" />
                <SequencePoint vc="1" uspid="9250" ordinal="0" offset="53" sl="244" sc="9" el="244" ec="9" bec="0" bev="0" fileid="47" />
                <SequencePoint vc="1" uspid="9251" ordinal="0" offset="67" sl="245" sc="9" el="245" ec="9" bec="0" bev="0" fileid="47" />
                <SequencePoint vc="1" uspid="9252" ordinal="0" offset="74" sl="246" sc="9" el="246" ec="9" bec="0" bev="0" fileid="47" />
                <SequencePoint vc="1" uspid="9253" ordinal="0" offset="96" sl="247" sc="9" el="247" ec="9" bec="0" bev="0" fileid="47" />
                <SequencePoint vc="1" uspid="9254" ordinal="0" offset="118" sl="248" sc="9" el="248" ec="9" bec="0" bev="0" fileid="47" />
                <SequencePoint vc="1" uspid="9255" ordinal="0" offset="140" sl="249" sc="9" el="249" ec="9" bec="0" bev="0" fileid="47" />
                <SequencePoint vc="1" uspid="9256" ordinal="0" offset="149" sl="250" sc="9" el="250" ec="9" bec="0" bev="0" fileid="47" />
                <SequencePoint vc="1" uspid="9257" ordinal="0" offset="157" sl="252" sc="9" el="252" ec="9" bec="0" bev="0" fileid="47" />
                <SequencePoint vc="1" uspid="9258" ordinal="0" offset="164" sl="253" sc="9" el="253" ec="9" bec="0" bev="0" fileid="47" />
                <SequencePoint vc="1" uspid="9259" ordinal="0" offset="196" sl="254" sc="9" el="254" ec="9" bec="0" bev="0" fileid="47" />
                <SequencePoint vc="1" uspid="9260" ordinal="0" offset="200" sl="255" sc="5" el="255" ec="5" bec="0" bev="0" fileid="47" />
              </SequencePoints>
              <BranchPoints />
            </Method>
            <Method visited="true" cyclomaticComplexity="0" nPathComplexity="0" sequenceCoverage="100.0" branchCoverage="0" crapScore="0" isConstructor="false" isStatic="false" isGetter="false" isSetter="false">
              <Summary numSequencePoints="13" visitedSequencePoints="13" numBranchPoints="0" visitedBranchPoints="0" sequenceCoverage="100.0" branchCoverage="0" maxCyclomaticComplexity="0" minCyclomaticComplexity="0" maxCrapScore="0" minCrapScore="0" visitedClasses="0" numClasses="0" visitedMethods="1" numMethods="1" />
              <MetadataToken>100663360</MetadataToken>
              <Name>UnityEngine.RectTransform ControlsMinigameBootstrap::CreateNeedle(UnityEngine.RectTransform, System.String, UnityEngine.Vector2, UnityEngine.Vector2)</Name>
              <FileRef uid="47" />
              <SequencePoints>
                <SequencePoint vc="1" uspid="9261" ordinal="0" offset="0" sl="258" sc="5" el="258" ec="5" bec="0" bev="0" fileid="47" />
                <SequencePoint vc="1" uspid="9262" ordinal="0" offset="1" sl="259" sc="9" el="259" ec="9" bec="0" bev="0" fileid="47" />
                <SequencePoint vc="1" uspid="9263" ordinal="0" offset="53" sl="260" sc="9" el="260" ec="9" bec="0" bev="0" fileid="47" />
                <SequencePoint vc="1" uspid="9264" ordinal="0" offset="67" sl="261" sc="9" el="261" ec="9" bec="0" bev="0" fileid="47" />
                <SequencePoint vc="1" uspid="9265" ordinal="0" offset="74" sl="262" sc="9" el="262" ec="9" bec="0" bev="0" fileid="47" />
                <SequencePoint vc="1" uspid="9266" ordinal="0" offset="96" sl="263" sc="9" el="263" ec="9" bec="0" bev="0" fileid="47" />
                <SequencePoint vc="1" uspid="9267" ordinal="0" offset="118" sl="264" sc="9" el="264" ec="9" bec="0" bev="0" fileid="47" />
                <SequencePoint vc="1" uspid="9268" ordinal="0" offset="140" sl="265" sc="9" el="265" ec="9" bec="0" bev="0" fileid="47" />
                <SequencePoint vc="1" uspid="9269" ordinal="0" offset="149" sl="266" sc="9" el="266" ec="9" bec="0" bev="0" fileid="47" />
                <SequencePoint vc="1" uspid="9270" ordinal="0" offset="157" sl="268" sc="9" el="268" ec="9" bec="0" bev="0" fileid="47" />
                <SequencePoint vc="1" uspid="9271" ordinal="0" offset="164" sl="269" sc="9" el="269" ec="9" bec="0" bev="0" fileid="47" />
                <SequencePoint vc="1" uspid="9272" ordinal="0" offset="196" sl="270" sc="9" el="270" ec="9" bec="0" bev="0" fileid="47" />
                <SequencePoint vc="1" uspid="9273" ordinal="0" offset="200" sl="271" sc="5" el="271" ec="5" bec="0" bev="0" fileid="47" />
              </SequencePoints>
              <BranchPoints />
            </Method>
            <Method visited="true" cyclomaticComplexity="0" nPathComplexity="0" sequenceCoverage="100.0" branchCoverage="0" crapScore="0" isConstructor="false" isStatic="false" isGetter="false" isSetter="false">
              <Summary numSequencePoints="13" visitedSequencePoints="13" numBranchPoints="0" visitedBranchPoints="0" sequenceCoverage="100.0" branchCoverage="0" maxCyclomaticComplexity="0" minCyclomaticComplexity="0" maxCrapScore="0" minCrapScore="0" visitedClasses="0" numClasses="0" visitedMethods="1" numMethods="1" />
              <MetadataToken>100663361</MetadataToken>
              <Name>UnityEngine.UI.Image ControlsMinigameBootstrap::CreateTargetTick(UnityEngine.RectTransform, System.String, UnityEngine.Vector2, UnityEngine.Vector2)</Name>
              <FileRef uid="47" />
              <SequencePoints>
                <SequencePoint vc="1" uspid="9274" ordinal="0" offset="0" sl="274" sc="5" el="274" ec="5" bec="0" bev="0" fileid="47" />
                <SequencePoint vc="1" uspid="9275" ordinal="0" offset="1" sl="275" sc="9" el="275" ec="9" bec="0" bev="0" fileid="47" />
                <SequencePoint vc="1" uspid="9276" ordinal="0" offset="53" sl="276" sc="9" el="276" ec="9" bec="0" bev="0" fileid="47" />
                <SequencePoint vc="1" uspid="9277" ordinal="0" offset="67" sl="277" sc="9" el="277" ec="9" bec="0" bev="0" fileid="47" />
                <SequencePoint vc="1" uspid="9278" ordinal="0" offset="74" sl="278" sc="9" el="278" ec="9" bec="0" bev="0" fileid="47" />
                <SequencePoint vc="1" uspid="9279" ordinal="0" offset="96" sl="279" sc="9" el="279" ec="9" bec="0" bev="0" fileid="47" />
                <SequencePoint vc="1" uspid="9280" ordinal="0" offset="118" sl="280" sc="9" el="280" ec="9" bec="0" bev="0" fileid="47" />
                <SequencePoint vc="1" uspid="9281" ordinal="0" offset="140" sl="281" sc="9" el="281" ec="9" bec="0" bev="0" fileid="47" />
                <SequencePoint vc="1" uspid="9282" ordinal="0" offset="149" sl="282" sc="9" el="282" ec="9" bec="0" bev="0" fileid="47" />
                <SequencePoint vc="1" uspid="9283" ordinal="0" offset="157" sl="284" sc="9" el="284" ec="9" bec="0" bev="0" fileid="47" />
                <SequencePoint vc="1" uspid="9284" ordinal="0" offset="164" sl="285" sc="9" el="285" ec="9" bec="0" bev="0" fileid="47" />
                <SequencePoint vc="1" uspid="9285" ordinal="0" offset="196" sl="286" sc="9" el="286" ec="9" bec="0" bev="0" fileid="47" />
                <SequencePoint vc="1" uspid="9286" ordinal="0" offset="200" sl="287" sc="5" el="287" ec="5" bec="0" bev="0" fileid="47" />
              </SequencePoints>
              <BranchPoints />
            </Method>
            <Method visited="true" cyclomaticComplexity="0" nPathComplexity="0" sequenceCoverage="100.0" branchCoverage="0" crapScore="0" isConstructor="false" isStatic="false" isGetter="false" isSetter="false">
              <Summary numSequencePoints="25" visitedSequencePoints="25" numBranchPoints="0" visitedBranchPoints="0" sequenceCoverage="100.0" branchCoverage="0" maxCyclomaticComplexity="0" minCyclomaticComplexity="0" maxCrapScore="0" minCrapScore="0" visitedClasses="0" numClasses="0" visitedMethods="1" numMethods="1" />
              <MetadataToken>100663362</MetadataToken>
              <Name>UnityEngine.UI.Image ControlsMinigameBootstrap::CreateFillBar(UnityEngine.RectTransform, System.String, UnityEngine.Vector2, UnityEngine.Vector2, UnityEngine.Color)</Name>
              <FileRef uid="47" />
              <SequencePoints>
[...]
                <SequencePoint vc="1" uspid="12434" ordinal="0" offset="71" sl="84" sc="9" el="84" ec="9" bec="0" bev="0" fileid="90" />
                <SequencePoint vc="1" uspid="12435" ordinal="0" offset="93" sl="85" sc="9" el="85" ec="9" bec="0" bev="0" fileid="90" />
                <SequencePoint vc="1" uspid="12436" ordinal="0" offset="120" sl="86" sc="9" el="86" ec="9" bec="0" bev="0" fileid="90" />
                <SequencePoint vc="1" uspid="12437" ordinal="0" offset="147" sl="87" sc="9" el="87" ec="9" bec="0" bev="0" fileid="90" />
                <SequencePoint vc="1" uspid="12438" ordinal="0" offset="170" sl="90" sc="9" el="90" ec="9" bec="0" bev="0" fileid="90" />
                <SequencePoint vc="1" uspid="12439" ordinal="0" offset="208" sl="91" sc="9" el="91" ec="9" bec="0" bev="0" fileid="90" />
                <SequencePoint vc="1" uspid="12440" ordinal="0" offset="240" sl="94" sc="9" el="94" ec="9" bec="0" bev="0" fileid="90" />
                <SequencePoint vc="1" uspid="12441" ordinal="0" offset="267" sl="95" sc="9" el="95" ec="9" bec="0" bev="0" fileid="90" />
                <SequencePoint vc="1" uspid="12442" ordinal="0" offset="299" sl="96" sc="9" el="96" ec="9" bec="0" bev="0" fileid="90" />
                <SequencePoint vc="1" uspid="12443" ordinal="0" offset="326" sl="97" sc="9" el="97" ec="9" bec="0" bev="0" fileid="90" />
                <SequencePoint vc="1" uspid="12444" ordinal="0" offset="353" sl="99" sc="5" el="99" ec="5" bec="0" bev="0" fileid="90" />
              </SequencePoints>
              <BranchPoints />
            </Method>
          </Methods>
        </Class>
        <Class>
          <Summary numSequencePoints="13" visitedSequencePoints="13" numBranchPoints="0" visitedBranchPoints="0" sequenceCoverage="100.0" branchCoverage="0.0" maxCyclomaticComplexity="0" minCyclomaticComplexity="0" maxCrapScore="0" minCrapScore="0" visitedClasses="1" numClasses="1" visitedMethods="1" numMethods="1" />
          <FullName>TargetPlayTests/&lt;TargetOnTriggerExit2D_WhenCollidingWithMoveableBox_UnoccupiesTarget&gt;d__7</FullName>
          <Methods>
            <Method visited="true" cyclomaticComplexity="0" nPathComplexity="0" sequenceCoverage="100.0" branchCoverage="0" crapScore="0" isConstructor="false" isStatic="false" isGetter="false" isSetter="false">
              <Summary numSequencePoints="13" visitedSequencePoints="13" numBranchPoints="0" visitedBranchPoints="0" sequenceCoverage="100.0" branchCoverage="0" maxCyclomaticComplexity="0" minCyclomaticComplexity="0" maxCrapScore="0" minCrapScore="0" visitedClasses="0" numClasses="0" visitedMethods="1" numMethods="1" />
              <MetadataToken>100663357</MetadataToken>
              <Name>System.Boolean TargetPlayTests/&lt;TargetOnTriggerExit2D_WhenCollidingWithMoveableBox_UnoccupiesTarget&gt;d__7::MoveNext()</Name>
              <FileRef uid="90" />
              <SequencePoints>
                <SequencePoint vc="1" uspid="12445" ordinal="0" offset="48" sl="103" sc="5" el="103" ec="5" bec="0" bev="0" fileid="90" />
                <SequencePoint vc="1" uspid="12446" ordinal="0" offset="49" sl="105" sc="9" el="105" ec="9" bec="0" bev="0" fileid="90" />
                <SequencePoint vc="1" uspid="12447" ordinal="0" offset="71" sl="106" sc="9" el="106" ec="9" bec="0" bev="0" fileid="90" />
                <SequencePoint vc="1" uspid="12448" ordinal="0" offset="93" sl="107" sc="9" el="107" ec="9" bec="0" bev="0" fileid="90" />
                <SequencePoint vc="1" uspid="12449" ordinal="0" offset="120" sl="108" sc="9" el="108" ec="9" bec="0" bev="0" fileid="90" />
                <SequencePoint vc="1" uspid="12450" ordinal="0" offset="147" sl="109" sc="9" el="109" ec="9" bec="0" bev="0" fileid="90" />
                <SequencePoint vc="1" uspid="12451" ordinal="0" offset="170" sl="112" sc="9" el="112" ec="9" bec="0" bev="0" fileid="90" />
                <SequencePoint vc="1" uspid="12452" ordinal="0" offset="208" sl="113" sc="9" el="113" ec="9" bec="0" bev="0" fileid="90" />
                <SequencePoint vc="1" uspid="12453" ordinal="0" offset="240" sl="116" sc="9" el="116" ec="9" bec="0" bev="0" fileid="90" />
                <SequencePoint vc="1" uspid="12454" ordinal="0" offset="267" sl="117" sc="9" el="117" ec="9" bec="0" bev="0" fileid="90" />
                <SequencePoint vc="1" uspid="12455" ordinal="0" offset="299" sl="118" sc="9" el="118" ec="9" bec="0" bev="0" fileid="90" />
                <SequencePoint vc="1" uspid="12456" ordinal="0" offset="326" sl="119" sc="9" el="119" ec="9" bec="0" bev="0" fileid="90" />
                <SequencePoint vc="1" uspid="12457" ordinal="0" offset="353" sl="121" sc="5" el="121" ec="5" bec="0" bev="0" fileid="90" />
              </SequencePoints>
              <BranchPoints />
            </Method>
          </Methods>
        </Class>
        <Class>
          <Summary numSequencePoints="7" visitedSequencePoints="7" numBranchPoints="0" visitedBranchPoints="0" sequenceCoverage="100.0" branchCoverage="0.0" maxCyclomaticComplexity="0" minCyclomaticComplexity="0" maxCrapScore="0" minCrapScore="0" visitedClasses="1" numClasses="1" visitedMethods="1" numMethods="1" />
          <FullName>TargetPlayTests/&lt;TargetStart_AnimatorExists_GetsAnimatorAndSetsOccupiedToFalse&gt;d__4</FullName>
          <Methods>
            <Method visited="true" cyclomaticComplexity="0" nPathComplexity="0" sequenceCoverage="100.0" branchCoverage="0" crapScore="0" isConstructor="false" isStatic="false" isGetter="false" isSetter="false">
              <Summary numSequencePoints="7" visitedSequencePoints="7" numBranchPoints="0" visitedBranchPoints="0" sequenceCoverage="100.0" branchCoverage="0" maxCyclomaticComplexity="0" minCyclomaticComplexity="0" maxCrapScore="0" minCrapScore="0" visitedClasses="0" numClasses="0" visitedMethods="1" numMethods="1" />
              <MetadataToken>100663363</MetadataToken>
              <Name>System.Boolean TargetPlayTests/&lt;TargetStart_AnimatorExists_GetsAnimatorAndSetsOccupiedToFalse&gt;d__4::MoveNext()</Name>
              <FileRef uid="90" />
              <SequencePoints>
                <SequencePoint vc="1" uspid="12458" ordinal="0" offset="31" sl="48" sc="5" el="48" ec="5" bec="0" bev="0" fileid="90" />
                <SequencePoint vc="1" uspid="12459" ordinal="0" offset="32" sl="50" sc="9" el="50" ec="9" bec="0" bev="0" fileid="90" />
                <SequencePoint vc="1" uspid="12460" ordinal="0" offset="54" sl="51" sc="9" el="51" ec="9" bec="0" bev="0" fileid="90" />
                <SequencePoint vc="1" uspid="12461" ordinal="0" offset="76" sl="54" sc="9" el="54" ec="9" bec="0" bev="0" fileid="90" />
                <SequencePoint vc="1" uspid="12462" ordinal="0" offset="99" sl="57" sc="9" el="57" ec="9" bec="0" bev="0" fileid="90" />
                <SequencePoint vc="1" uspid="12463" ordinal="0" offset="121" sl="58" sc="9" el="58" ec="9" bec="0" bev="0" fileid="90" />
                <SequencePoint vc="1" uspid="12464" ordinal="0" offset="148" sl="60" sc="5" el="60" ec="5" bec="0" bev="0" fileid="90" />
              </SequencePoints>
              <BranchPoints />
            </Method>
          </Methods>
        </Class>
        <Class>
          <Summary numSequencePoints="7" visitedSequencePoints="7" numBranchPoints="0" visitedBranchPoints="0" sequenceCoverage="100.0" branchCoverage="0.0" maxCyclomaticComplexity="0" minCyclomaticComplexity="0" maxCrapScore="0" minCrapScore="0" visitedClasses="1" numClasses="1" visitedMethods="1" numMethods="1" />
          <FullName>TargetPlayTests/&lt;TargetStart_AnimatorNotExist_LogError&gt;d__5</FullName>
          <Methods>
            <Method visited="true" cyclomaticComplexity="0" nPathComplexity="0" sequenceCoverage="100.0" branchCoverage="0" crapScore="0" isConstructor="false" isStatic="false" isGetter="false" isSetter="false">
              <Summary numSequencePoints="7" visitedSequencePoints="7" numBranchPoints="0" visitedBranchPoints="0" sequenceCoverage="100.0" branchCoverage="0" maxCyclomaticComplexity="0" minCyclomaticComplexity="0" maxCrapScore="0" minCrapScore="0" visitedClasses="0" numClasses="0" visitedMethods="1" numMethods="1" />
              <MetadataToken>100663369</MetadataToken>
              <Name>System.Boolean TargetPlayTests/&lt;TargetStart_AnimatorNotExist_LogError&gt;d__5::MoveNext()</Name>
              <FileRef uid="90" />
              <SequencePoints>
                <SequencePoint vc="1" uspid="12465" ordinal="0" offset="31" sl="63" sc="5" el="63" ec="5" bec="0" bev="0" fileid="90" />
                <SequencePoint vc="1" uspid="12466" ordinal="0" offset="32" sl="65" sc="9" el="65" ec="9" bec="0" bev="0" fileid="90" />
                <SequencePoint vc="1" uspid="12467" ordinal="0" offset="48" sl="66" sc="9" el="66" ec="9" bec="0" bev="0" fileid="90" />
                <SequencePoint vc="1" uspid="12468" ordinal="0" offset="65" sl="68" sc="9" el="68" ec="9" bec="0" bev="0" fileid="90" />
                <SequencePoint vc="1" uspid="12469" ordinal="0" offset="77" sl="71" sc="9" el="71" ec="9" bec="0" bev="0" fileid="90" />
                <SequencePoint vc="1" uspid="12470" ordinal="0" offset="100" sl="76" sc="9" el="76" ec="9" bec="0" bev="0" fileid="90" />
                <SequencePoint vc="1" uspid="12471" ordinal="0" offset="112" sl="77" sc="5" el="77" ec="5" bec="0" bev="0" fileid="90" />
              </SequencePoints>
              <BranchPoints />
            </Method>
          </Methods>
        </Class>
        <Class>
          <Summary numSequencePoints="1" visitedSequencePoints="1" numBranchPoints="0" visitedBranchPoints="0" sequenceCoverage="100.0" branchCoverage="0.0" maxCyclomaticComplexity="0" minCyclomaticComplexity="0" maxCrapScore="0" minCrapScore="0" visitedClasses="1" numClasses="1" visitedMethods="1" numMethods="1" />
          <FullName>ControlRoomPlayTests/&lt;&gt;c</FullName>
          <Methods>
            <Method visited="true" cyclomaticComplexity="0" nPathComplexity="0" sequenceCoverage="100.0" branchCoverage="0" crapScore="0" isConstructor="false" isStatic="false" isGetter="false" isSetter="false">
              <Summary numSequencePoints="1" visitedSequencePoints="1" numBranchPoints="0" visitedBranchPoints="0" sequenceCoverage="100.0" branchCoverage="0" maxCyclomaticComplexity="0" minCyclomaticComplexity="0" maxCrapScore="0" minCrapScore="0" visitedClasses="0" numClasses="0" visitedMethods="1" numMethods="1" />
              <MetadataToken>100663375</MetadataToken>
              <Name>System.Collections.Generic.IEnumerable[Type] ControlRoomPlayTests/&lt;&gt;c::&lt;ControlRoomComponents_CanBeAddedToGameObjects&gt;b__0_0(System.Reflection.Assembly)</Name>
              <FileRef uid="92" />
              <SequencePoints>
                <SequencePoint vc="568" uspid="12472" ordinal="0" offset="0" sl="25" sc="41" el="25" ec="41" bec="0" bev="0" fileid="92" />
              </SequencePoints>
              <BranchPoints />
            </Method>
          </Methods>
        </Class>
        <Class>
          <Summary numSequencePoints="1" visitedSequencePoints="1" numBranchPoints="0" visitedBranchPoints="0" sequenceCoverage="100.0" branchCoverage="0.0" maxCyclomaticComplexity="0" minCyclomaticComplexity="0" maxCrapScore="0" minCrapScore="0" visitedClasses="1" numClasses="1" visitedMethods="1" numMethods="1" />
          <FullName>ControlRoomPlayTests/&lt;&gt;c__DisplayClass0_0</FullName>
          <Methods>
            <Method visited="true" cyclomaticComplexity="0" nPathComplexity="0" sequenceCoverage="100.0" branchCoverage="0" crapScore="0" isConstructor="false" isStatic="false" isGetter="false" isSetter="false">
              <Summary numSequencePoints="1" visitedSequencePoints="1" numBranchPoints="0" visitedBranchPoints="0" sequenceCoverage="100.0" branchCoverage="0" maxCyclomaticComplexity="0" minCyclomaticComplexity="0" maxCrapScore="0" minCrapScore="0" visitedClasses="0" numClasses="0" visitedMethods="1" numMethods="1" />
              <MetadataToken>100663377</MetadataToken>
              <Name>System.Boolean ControlRoomPlayTests/&lt;&gt;c__DisplayClass0_0::&lt;ControlRoomComponents_CanBeAddedToGameObjects&gt;b__1(System.Type)</Name>
              <FileRef uid="92" />
              <SequencePoints>
                <SequencePoint vc="103147" uspid="12473" ordinal="0" offset="0" sl="26" sc="38" el="26" ec="38" bec="0" bev="0" fileid="92" />
              </SequencePoints>
              <BranchPoints />
            </Method>
          </Methods>
        </Class>
        <Class>
          <Summary numSequencePoints="16" visitedSequencePoints="16" numBranchPoints="0" visitedBranchPoints="0" sequenceCoverage="100.0" branchCoverage="0.0" maxCyclomaticComplexity="0" minCyclomaticComplexity="0" maxCrapScore="0" minCrapScore="0" visitedClasses="1" numClasses="1" visitedMethods="1" numMethods="1" />
          <FullName>ControlRoomPlayTests/&lt;ControlRoomComponents_CanBeAddedToGameObjects&gt;d__0</FullName>
          <Methods>
            <Method visited="true" cyclomaticComplexity="0" nPathComplexity="0" sequenceCoverage="100.0" branchCoverage="0" crapScore="0" isConstructor="false" isStatic="false" isGetter="false" isSetter="false">
              <Summary numSequencePoints="16" visitedSequencePoints="16" numBranchPoints="0" visitedBranchPoints="0" sequenceCoverage="100.0" branchCoverage="0" maxCyclomaticComplexity="0" minCyclomaticComplexity="0" maxCrapScore="0" minCrapScore="0" visitedClasses="0" numClasses="0" visitedMethods="1" numMethods="1" />
              <MetadataToken>100663380</MetadataToken>
              <Name>System.Boolean ControlRoomPlayTests/&lt;ControlRoomComponents_CanBeAddedToGameObjects&gt;d__0::MoveNext()</Name>
              <FileRef uid="92" />
              <SequencePoints>
                <SequencePoint vc="1" uspid="12474" ordinal="0" offset="34" sl="12" sc="5" el="12" ec="5" bec="0" bev="0" fileid="92" />
                <SequencePoint vc="1" uspid="12475" ordinal="0" offset="35" sl="13" sc="9" el="13" ec="9" bec="0" bev="0" fileid="92" />
                <SequencePoint vc="1" uspid="12476" ordinal="0" offset="79" sl="21" sc="9" el="21" ec="9" bec="0" bev="0" fileid="92" />
                <SequencePoint vc="1" uspid="12477" ordinal="0" offset="80" sl="21" sc="42" el="21" ec="42" bec="0" bev="0" fileid="92" />
                <SequencePoint vc="4" uspid="12478" ordinal="0" offset="115" sl="21" sc="18" el="21" ec="18" bec="0" bev="0" fileid="92" />
                <SequencePoint vc="4" uspid="12479" ordinal="0" offset="139" sl="22" sc="9" el="22" ec="9" bec="0" bev="0" fileid="92" />
                <SequencePoint vc="4" uspid="12480" ordinal="0" offset="140" sl="23" sc="13" el="23" ec="13" bec="0" bev="0" fileid="92" />
                <SequencePoint vc="4" uspid="12481" ordinal="0" offset="214" sl="28" sc="13" el="28" ec="13" bec="0" bev="0" fileid="92" />
                <SequencePoint vc="4" uspid="12482" ordinal="0" offset="262" sl="30" sc="13" el="30" ec="13" bec="0" bev="0" fileid="92" />
                <SequencePoint vc="4" uspid="12483" ordinal="0" offset="284" sl="31" sc="13" el="31" ec="13" bec="0" bev="0" fileid="92" />
                <SequencePoint vc="4" uspid="12484" ordinal="0" offset="307" sl="33" sc="13" el="33" ec="13" bec="0" bev="0" fileid="92" />
                <SequencePoint vc="4" uspid="12485" ordinal="0" offset="355" sl="35" sc="13" el="35" ec="13" bec="0" bev="0" fileid="92" />
                <SequencePoint vc="4" uspid="12486" ordinal="0" offset="367" sl="36" sc="9" el="36" ec="9" bec="0" bev="0" fileid="92" />
                <SequencePoint vc="5" uspid="12487" ordinal="0" offset="410" sl="21" sc="39" el="21" ec="39" bec="0" bev="0" fileid="92" />
                <SequencePoint vc="1" uspid="12488" ordinal="0" offset="436" sl="38" sc="9" el="38" ec="9" bec="0" bev="0" fileid="92" />
                <SequencePoint vc="1" uspid="12489" ordinal="0" offset="459" sl="39" sc="5" el="39" ec="5" bec="0" bev="0" fileid="92" />
              </SequencePoints>
              <BranchPoints />
            </Method>
          </Methods>
        </Class>
        <Class>
          <Summary numSequencePoints="17" visitedSequencePoints="17" numBranchPoints="0" visitedBranchPoints="0" sequenceCoverage="100.0" branchCoverage="0.0" maxCyclomaticComplexity="0" minCyclomaticComplexity="0" maxCrapScore="0" minCrapScore="0" visitedClasses="1" numClasses="1" visitedMethods="1" numMethods="1" />
          <FullName>LabRoomPlayTests/&lt;SpillDisappears_WhenTouchedByBroom&gt;d__0</FullName>
          <Methods>
            <Method visited="true" cyclomaticComplexity="0" nPathComplexity="0" sequenceCoverage="100.0" branchCoverage="0" crapScore="0" isConstructor="false" isStatic="false" isGetter="false" isSetter="false">
              <Summary numSequencePoints="17" visitedSequencePoints="17" numBranchPoints="0" visitedBranchPoints="0" sequenceCoverage="100.0" branchCoverage="0" maxCyclomaticComplexity="0" minCyclomaticComplexity="0" maxCrapScore="0" minCrapScore="0" visitedClasses="0" numClasses="0" visitedMethods="1" numMethods="1" />
              <MetadataToken>100663386</MetadataToken>
              <Name>System.Boolean LabRoomPlayTests/&lt;SpillDisappears_WhenTouchedByBroom&gt;d__0::MoveNext()</Name>
              <FileRef uid="93" />
              <SequencePoints>
                <SequencePoint vc="1" uspid="12490" ordinal="0" offset="34" sl="10" sc="5" el="10" ec="5" bec="0" bev="0" fileid="93" />
                <SequencePoint vc="1" uspid="12491" ordinal="0" offset="35" sl="12" sc="9" el="12" ec="9" bec="0" bev="0" fileid="93" />
                <SequencePoint vc="1" uspid="12492" ordinal="0" offset="51" sl="13" sc="9" el="13" ec="9" bec="0" bev="0" fileid="93" />
                <SequencePoint vc="1" uspid="12493" ordinal="0" offset="63" sl="15" sc="9" el="15" ec="9" bec="0" bev="0" fileid="93" />
                <SequencePoint vc="1" uspid="12494" ordinal="0" offset="79" sl="16" sc="9" el="16" ec="9" bec="0" bev="0" fileid="93" />
                <SequencePoint vc="1" uspid="12495" ordinal="0" offset="97" sl="17" sc="9" el="17" ec="9" bec="0" bev="0" fileid="93" />
                <SequencePoint vc="1" uspid="12496" ordinal="0" offset="114" sl="18" sc="9" el="18" ec="9" bec="0" bev="0" fileid="93" />
                <SequencePoint vc="1" uspid="12497" ordinal="0" offset="130" sl="19" sc="9" el="19" ec="9" bec="0" bev="0" fileid="93" />
                <SequencePoint vc="1" uspid="12498" ordinal="0" offset="147" sl="20" sc="9" el="20" ec="9" bec="0" bev="0" fileid="93" />
                <SequencePoint vc="1" uspid="12499" ordinal="0" offset="159" sl="21" sc="9" el="21" ec="9" bec="0" bev="0" fileid="93" />
                <SequencePoint vc="1" uspid="12500" ordinal="0" offset="175" sl="22" sc="9" el="22" ec="9" bec="0" bev="0" fileid="93" />
                <SequencePoint vc="1" uspid="12501" ordinal="0" offset="192" sl="23" sc="9" el="23" ec="9" bec="0" bev="0" fileid="93" />
                <SequencePoint vc="1" uspid="12502" ordinal="0" offset="220" sl="24" sc="9" el="24" ec="9" bec="0" bev="0" fileid="93" />
                <SequencePoint vc="1" uspid="12503" ordinal="0" offset="237" sl="25" sc="9" el="25" ec="9" bec="0" bev="0" fileid="93" />
                <SequencePoint vc="1" uspid="12504" ordinal="0" offset="260" sl="26" sc="9" el="26" ec="9" bec="0" bev="0" fileid="93" />
                <SequencePoint vc="1" uspid="12505" ordinal="0" offset="283" sl="28" sc="9" el="28" ec="9" bec="0" bev="0" fileid="93" />
                <SequencePoint vc="1" uspid="12506" ordinal="0" offset="301" sl="29" sc="5" el="29" ec="5" bec="0" bev="0" fileid="93" />
              </SequencePoints>
              <BranchPoints />
            </Method>
          </Methods>
        </Class>
      </Classes>
    </Module>
  </Modules>
</CoverageSession>